<?xml version="1.0" encoding="UTF-8"?>
<coverage generated="1588888634422" clover="3.2.0">
  <project timestamp="1588888634423" name="All files">
    <metrics statements="763" coveredstatements="745" conditionals="127" coveredconditionals="110" methods="254" coveredmethods="239" elements="1144" coveredelements="1094" complexity="0" loc="763" ncloc="763" packages="4" files="54" classes="54"/>
    <package name="ast">
      <metrics statements="96" coveredstatements="95" conditionals="0" coveredconditionals="0" methods="41" coveredmethods="40"/>
      <file name="argument.js" path="/Users/Shanaya/Desktop/Compilers/realhotgirlscript/ast/argument.js">
        <metrics statements="2" coveredstatements="2" conditionals="0" coveredconditionals="0" methods="1" coveredmethods="1"/>
        <line num="1" count="3" type="stmt"/>
        <line num="3" count="51" type="stmt"/>
      </file>
      <file name="array-expression.js" path="/Users/Shanaya/Desktop/Compilers/realhotgirlscript/ast/array-expression.js">
        <metrics statements="2" coveredstatements="2" conditionals="0" coveredconditionals="0" methods="1" coveredmethods="1"/>
        <line num="1" count="3" type="stmt"/>
        <line num="3" count="11" type="stmt"/>
      </file>
      <file name="array-type.js" path="/Users/Shanaya/Desktop/Compilers/realhotgirlscript/ast/array-type.js">
        <metrics statements="2" coveredstatements="2" conditionals="0" coveredconditionals="0" methods="1" coveredmethods="1"/>
        <line num="1" count="3" type="stmt"/>
        <line num="3" count="21" type="stmt"/>
      </file>
      <file name="assignment-statement.js" path="/Users/Shanaya/Desktop/Compilers/realhotgirlscript/ast/assignment-statement.js">
        <metrics statements="2" coveredstatements="2" conditionals="0" coveredconditionals="0" methods="1" coveredmethods="1"/>
        <line num="1" count="3" type="stmt"/>
        <line num="3" count="126" type="stmt"/>
      </file>
      <file name="binary-expression.js" path="/Users/Shanaya/Desktop/Compilers/realhotgirlscript/ast/binary-expression.js">
        <metrics statements="2" coveredstatements="2" conditionals="0" coveredconditionals="0" methods="1" coveredmethods="1"/>
        <line num="1" count="3" type="stmt"/>
        <line num="3" count="167" type="stmt"/>
      </file>
      <file name="block.js" path="/Users/Shanaya/Desktop/Compilers/realhotgirlscript/ast/block.js">
        <metrics statements="2" coveredstatements="2" conditionals="0" coveredconditionals="0" methods="1" coveredmethods="1"/>
        <line num="1" count="3" type="stmt"/>
        <line num="3" count="229" type="stmt"/>
      </file>
      <file name="boolean-literal.js" path="/Users/Shanaya/Desktop/Compilers/realhotgirlscript/ast/boolean-literal.js">
        <metrics statements="2" coveredstatements="2" conditionals="0" coveredconditionals="0" methods="1" coveredmethods="1"/>
        <line num="1" count="3" type="stmt"/>
        <line num="3" count="31" type="stmt"/>
      </file>
      <file name="boolean-type.js" path="/Users/Shanaya/Desktop/Compilers/realhotgirlscript/ast/boolean-type.js">
        <metrics statements="2" coveredstatements="2" conditionals="0" coveredconditionals="0" methods="0" coveredmethods="0"/>
        <line num="1" count="3" type="stmt"/>
        <line num="2" count="3" type="stmt"/>
      </file>
      <file name="break-statement.js" path="/Users/Shanaya/Desktop/Compilers/realhotgirlscript/ast/break-statement.js">
        <metrics statements="1" coveredstatements="1" conditionals="0" coveredconditionals="0" methods="0" coveredmethods="0"/>
        <line num="1" count="3" type="stmt"/>
      </file>
      <file name="call-statement.js" path="/Users/Shanaya/Desktop/Compilers/realhotgirlscript/ast/call-statement.js">
        <metrics statements="2" coveredstatements="2" conditionals="0" coveredconditionals="0" methods="1" coveredmethods="1"/>
        <line num="1" count="3" type="stmt"/>
        <line num="3" count="43" type="stmt"/>
      </file>
      <file name="call.js" path="/Users/Shanaya/Desktop/Compilers/realhotgirlscript/ast/call.js">
        <metrics statements="2" coveredstatements="2" conditionals="0" coveredconditionals="0" methods="1" coveredmethods="1"/>
        <line num="1" count="3" type="stmt"/>
        <line num="3" count="52" type="stmt"/>
      </file>
      <file name="case.js" path="/Users/Shanaya/Desktop/Compilers/realhotgirlscript/ast/case.js">
        <metrics statements="2" coveredstatements="2" conditionals="0" coveredconditionals="0" methods="1" coveredmethods="1"/>
        <line num="1" count="3" type="stmt"/>
        <line num="3" count="18" type="stmt"/>
      </file>
      <file name="class-declaration.js" path="/Users/Shanaya/Desktop/Compilers/realhotgirlscript/ast/class-declaration.js">
        <metrics statements="2" coveredstatements="2" conditionals="0" coveredconditionals="0" methods="1" coveredmethods="1"/>
        <line num="1" count="3" type="stmt"/>
        <line num="3" count="12" type="stmt"/>
      </file>
      <file name="continue-statement.js" path="/Users/Shanaya/Desktop/Compilers/realhotgirlscript/ast/continue-statement.js">
        <metrics statements="1" coveredstatements="1" conditionals="0" coveredconditionals="0" methods="0" coveredmethods="0"/>
        <line num="1" count="3" type="stmt"/>
      </file>
      <file name="default-case.js" path="/Users/Shanaya/Desktop/Compilers/realhotgirlscript/ast/default-case.js">
        <metrics statements="2" coveredstatements="2" conditionals="0" coveredconditionals="0" methods="1" coveredmethods="1"/>
        <line num="1" count="3" type="stmt"/>
        <line num="3" count="9" type="stmt"/>
      </file>
      <file name="dict-expression.js" path="/Users/Shanaya/Desktop/Compilers/realhotgirlscript/ast/dict-expression.js">
        <metrics statements="2" coveredstatements="2" conditionals="0" coveredconditionals="0" methods="1" coveredmethods="1"/>
        <line num="1" count="3" type="stmt"/>
        <line num="3" count="11" type="stmt"/>
      </file>
      <file name="dict-type.js" path="/Users/Shanaya/Desktop/Compilers/realhotgirlscript/ast/dict-type.js">
        <metrics statements="2" coveredstatements="2" conditionals="0" coveredconditionals="0" methods="1" coveredmethods="1"/>
        <line num="1" count="3" type="stmt"/>
        <line num="3" count="19" type="stmt"/>
      </file>
      <file name="function-declaration.js" path="/Users/Shanaya/Desktop/Compilers/realhotgirlscript/ast/function-declaration.js">
        <metrics statements="2" coveredstatements="2" conditionals="0" coveredconditionals="0" methods="1" coveredmethods="1"/>
        <line num="1" count="3" type="stmt"/>
        <line num="3" count="82" type="stmt"/>
      </file>
      <file name="id-type.js" path="/Users/Shanaya/Desktop/Compilers/realhotgirlscript/ast/id-type.js">
        <metrics statements="2" coveredstatements="2" conditionals="0" coveredconditionals="0" methods="1" coveredmethods="1"/>
        <line num="1" count="3" type="stmt"/>
        <line num="3" count="12" type="stmt"/>
      </file>
      <file name="identifier-declaration.js" path="/Users/Shanaya/Desktop/Compilers/realhotgirlscript/ast/identifier-declaration.js">
        <metrics statements="2" coveredstatements="2" conditionals="0" coveredconditionals="0" methods="1" coveredmethods="1"/>
        <line num="1" count="3" type="stmt"/>
        <line num="3" count="166" type="stmt"/>
      </file>
      <file name="identifier-expression.js" path="/Users/Shanaya/Desktop/Compilers/realhotgirlscript/ast/identifier-expression.js">
        <metrics statements="2" coveredstatements="2" conditionals="0" coveredconditionals="0" methods="1" coveredmethods="1"/>
        <line num="1" count="3" type="stmt"/>
        <line num="3" count="242" type="stmt"/>
      </file>
      <file name="if-statement.js" path="/Users/Shanaya/Desktop/Compilers/realhotgirlscript/ast/if-statement.js">
        <metrics statements="2" coveredstatements="2" conditionals="0" coveredconditionals="0" methods="1" coveredmethods="1"/>
        <line num="1" count="3" type="stmt"/>
        <line num="3" count="42" type="stmt"/>
      </file>
      <file name="int-type.js" path="/Users/Shanaya/Desktop/Compilers/realhotgirlscript/ast/int-type.js">
        <metrics statements="2" coveredstatements="2" conditionals="0" coveredconditionals="0" methods="0" coveredmethods="0"/>
        <line num="1" count="3" type="stmt"/>
        <line num="2" count="3" type="stmt"/>
      </file>
      <file name="keyvalue-expression.js" path="/Users/Shanaya/Desktop/Compilers/realhotgirlscript/ast/keyvalue-expression.js">
        <metrics statements="2" coveredstatements="2" conditionals="0" coveredconditionals="0" methods="1" coveredmethods="1"/>
        <line num="1" count="3" type="stmt"/>
        <line num="3" count="29" type="stmt"/>
      </file>
      <file name="long-type.js" path="/Users/Shanaya/Desktop/Compilers/realhotgirlscript/ast/long-type.js">
        <metrics statements="2" coveredstatements="2" conditionals="0" coveredconditionals="0" methods="0" coveredmethods="0"/>
        <line num="1" count="3" type="stmt"/>
        <line num="2" count="3" type="stmt"/>
      </file>
      <file name="loop.js" path="/Users/Shanaya/Desktop/Compilers/realhotgirlscript/ast/loop.js">
        <metrics statements="5" coveredstatements="5" conditionals="0" coveredconditionals="0" methods="2" coveredmethods="2"/>
        <line num="13" count="9" type="stmt"/>
        <line num="14" count="9" type="stmt"/>
        <line num="28" count="14" type="stmt"/>
        <line num="29" count="14" type="stmt"/>
        <line num="33" count="3" type="stmt"/>
      </file>
      <file name="member-expression.js" path="/Users/Shanaya/Desktop/Compilers/realhotgirlscript/ast/member-expression.js">
        <metrics statements="2" coveredstatements="2" conditionals="0" coveredconditionals="0" methods="1" coveredmethods="1"/>
        <line num="1" count="3" type="stmt"/>
        <line num="3" count="5" type="stmt"/>
      </file>
      <file name="none-literal.js" path="/Users/Shanaya/Desktop/Compilers/realhotgirlscript/ast/none-literal.js">
        <metrics statements="1" coveredstatements="1" conditionals="0" coveredconditionals="0" methods="0" coveredmethods="0"/>
        <line num="1" count="3" type="stmt"/>
      </file>
      <file name="none-type.js" path="/Users/Shanaya/Desktop/Compilers/realhotgirlscript/ast/none-type.js">
        <metrics statements="2" coveredstatements="2" conditionals="0" coveredconditionals="0" methods="0" coveredmethods="0"/>
        <line num="1" count="2" type="stmt"/>
        <line num="2" count="2" type="stmt"/>
      </file>
      <file name="numeric-literal.js" path="/Users/Shanaya/Desktop/Compilers/realhotgirlscript/ast/numeric-literal.js">
        <metrics statements="2" coveredstatements="2" conditionals="0" coveredconditionals="0" methods="1" coveredmethods="1"/>
        <line num="1" count="3" type="stmt"/>
        <line num="3" count="366" type="stmt"/>
      </file>
      <file name="parameter.js" path="/Users/Shanaya/Desktop/Compilers/realhotgirlscript/ast/parameter.js">
        <metrics statements="2" coveredstatements="2" conditionals="0" coveredconditionals="0" methods="1" coveredmethods="1"/>
        <line num="1" count="3" type="stmt"/>
        <line num="3" count="73" type="stmt"/>
      </file>
      <file name="primitive-type.js" path="/Users/Shanaya/Desktop/Compilers/realhotgirlscript/ast/primitive-type.js">
        <metrics statements="2" coveredstatements="2" conditionals="0" coveredconditionals="0" methods="1" coveredmethods="1"/>
        <line num="1" count="3" type="stmt"/>
        <line num="3" count="16" type="stmt"/>
      </file>
      <file name="print-statement.js" path="/Users/Shanaya/Desktop/Compilers/realhotgirlscript/ast/print-statement.js">
        <metrics statements="2" coveredstatements="2" conditionals="0" coveredconditionals="0" methods="1" coveredmethods="1"/>
        <line num="1" count="3" type="stmt"/>
        <line num="3" count="125" type="stmt"/>
      </file>
      <file name="program.js" path="/Users/Shanaya/Desktop/Compilers/realhotgirlscript/ast/program.js">
        <metrics statements="2" coveredstatements="2" conditionals="0" coveredconditionals="0" methods="1" coveredmethods="1"/>
        <line num="1" count="3" type="stmt"/>
        <line num="3" count="106" type="stmt"/>
      </file>
      <file name="return-statement.js" path="/Users/Shanaya/Desktop/Compilers/realhotgirlscript/ast/return-statement.js">
        <metrics statements="2" coveredstatements="2" conditionals="0" coveredconditionals="0" methods="1" coveredmethods="1"/>
        <line num="1" count="3" type="stmt"/>
        <line num="3" count="34" type="stmt"/>
      </file>
      <file name="set-expression.js" path="/Users/Shanaya/Desktop/Compilers/realhotgirlscript/ast/set-expression.js">
        <metrics statements="2" coveredstatements="2" conditionals="0" coveredconditionals="0" methods="1" coveredmethods="1"/>
        <line num="1" count="3" type="stmt"/>
        <line num="3" count="12" type="stmt"/>
      </file>
      <file name="set-type.js" path="/Users/Shanaya/Desktop/Compilers/realhotgirlscript/ast/set-type.js">
        <metrics statements="2" coveredstatements="2" conditionals="0" coveredconditionals="0" methods="1" coveredmethods="1"/>
        <line num="1" count="3" type="stmt"/>
        <line num="3" count="17" type="stmt"/>
      </file>
      <file name="string-literal.js" path="/Users/Shanaya/Desktop/Compilers/realhotgirlscript/ast/string-literal.js">
        <metrics statements="2" coveredstatements="2" conditionals="0" coveredconditionals="0" methods="1" coveredmethods="1"/>
        <line num="1" count="3" type="stmt"/>
        <line num="3" count="255" type="stmt"/>
      </file>
      <file name="string-type.js" path="/Users/Shanaya/Desktop/Compilers/realhotgirlscript/ast/string-type.js">
        <metrics statements="2" coveredstatements="2" conditionals="0" coveredconditionals="0" methods="0" coveredmethods="0"/>
        <line num="1" count="3" type="stmt"/>
        <line num="2" count="3" type="stmt"/>
      </file>
      <file name="subscripted-expression.js" path="/Users/Shanaya/Desktop/Compilers/realhotgirlscript/ast/subscripted-expression.js">
        <metrics statements="2" coveredstatements="2" conditionals="0" coveredconditionals="0" methods="1" coveredmethods="1"/>
        <line num="1" count="3" type="stmt"/>
        <line num="3" count="6" type="stmt"/>
      </file>
      <file name="switch-statement.js" path="/Users/Shanaya/Desktop/Compilers/realhotgirlscript/ast/switch-statement.js">
        <metrics statements="2" coveredstatements="2" conditionals="0" coveredconditionals="0" methods="1" coveredmethods="1"/>
        <line num="1" count="3" type="stmt"/>
        <line num="3" count="6" type="stmt"/>
      </file>
      <file name="tuple-expression.js" path="/Users/Shanaya/Desktop/Compilers/realhotgirlscript/ast/tuple-expression.js">
        <metrics statements="2" coveredstatements="2" conditionals="0" coveredconditionals="0" methods="1" coveredmethods="1"/>
        <line num="1" count="3" type="stmt"/>
        <line num="3" count="8" type="stmt"/>
      </file>
      <file name="tuple-type.js" path="/Users/Shanaya/Desktop/Compilers/realhotgirlscript/ast/tuple-type.js">
        <metrics statements="2" coveredstatements="2" conditionals="0" coveredconditionals="0" methods="1" coveredmethods="1"/>
        <line num="1" count="3" type="stmt"/>
        <line num="3" count="12" type="stmt"/>
      </file>
      <file name="unary-expression.js" path="/Users/Shanaya/Desktop/Compilers/realhotgirlscript/ast/unary-expression.js">
        <metrics statements="2" coveredstatements="2" conditionals="0" coveredconditionals="0" methods="1" coveredmethods="1"/>
        <line num="1" count="3" type="stmt"/>
        <line num="3" count="22" type="stmt"/>
      </file>
      <file name="variable-declaration.js" path="/Users/Shanaya/Desktop/Compilers/realhotgirlscript/ast/variable-declaration.js">
        <metrics statements="2" coveredstatements="2" conditionals="0" coveredconditionals="0" methods="1" coveredmethods="1"/>
        <line num="1" count="3" type="stmt"/>
        <line num="3" count="165" type="stmt"/>
      </file>
      <file name="variable-expression.js" path="/Users/Shanaya/Desktop/Compilers/realhotgirlscript/ast/variable-expression.js">
        <metrics statements="2" coveredstatements="1" conditionals="0" coveredconditionals="0" methods="1" coveredmethods="0"/>
        <line num="1" count="1" type="stmt"/>
        <line num="3" count="0" type="stmt"/>
      </file>
      <file name="variable.js" path="/Users/Shanaya/Desktop/Compilers/realhotgirlscript/ast/variable.js">
        <metrics statements="2" coveredstatements="2" conditionals="0" coveredconditionals="0" methods="1" coveredmethods="1"/>
        <line num="1" count="2" type="stmt"/>
        <line num="3" count="93" type="stmt"/>
      </file>
      <file name="while-statement.js" path="/Users/Shanaya/Desktop/Compilers/realhotgirlscript/ast/while-statement.js">
        <metrics statements="2" coveredstatements="2" conditionals="0" coveredconditionals="0" methods="1" coveredmethods="1"/>
        <line num="1" count="3" type="stmt"/>
        <line num="3" count="9" type="stmt"/>
      </file>
    </package>
    <package name="backend">
      <metrics statements="202" coveredstatements="202" conditionals="38" coveredconditionals="32" methods="61" coveredmethods="56"/>
      <file name="javascript-generator.js" path="/Users/Shanaya/Desktop/Compilers/realhotgirlscript/backend/javascript-generator.js">
        <metrics statements="202" coveredstatements="202" conditionals="38" coveredconditionals="32" methods="61" coveredmethods="56"/>
        <line num="4" count="1" type="stmt"/>
        <line num="5" count="1" type="stmt"/>
        <line num="7" count="1" type="stmt"/>
        <line num="8" count="1" type="stmt"/>
        <line num="9" count="1" type="stmt"/>
        <line num="10" count="1" type="stmt"/>
        <line num="11" count="1" type="stmt"/>
        <line num="12" count="1" type="stmt"/>
        <line num="13" count="1" type="stmt"/>
        <line num="14" count="1" type="stmt"/>
        <line num="15" count="1" type="stmt"/>
        <line num="16" count="1" type="stmt"/>
        <line num="17" count="1" type="stmt"/>
        <line num="18" count="1" type="stmt"/>
        <line num="19" count="1" type="stmt"/>
        <line num="20" count="1" type="stmt"/>
        <line num="21" count="1" type="stmt"/>
        <line num="22" count="1" type="stmt"/>
        <line num="23" count="1" type="stmt"/>
        <line num="24" count="1" type="stmt"/>
        <line num="25" count="1" type="stmt"/>
        <line num="26" count="1" type="stmt"/>
        <line num="27" count="1" type="stmt"/>
        <line num="28" count="1" type="stmt"/>
        <line num="29" count="1" type="stmt"/>
        <line num="30" count="1" type="stmt"/>
        <line num="31" count="1" type="stmt"/>
        <line num="32" count="1" type="stmt"/>
        <line num="33" count="1" type="stmt"/>
        <line num="34" count="1" type="stmt"/>
        <line num="35" count="1" type="stmt"/>
        <line num="36" count="1" type="stmt"/>
        <line num="37" count="1" type="stmt"/>
        <line num="38" count="1" type="stmt"/>
        <line num="39" count="1" type="stmt"/>
        <line num="40" count="1" type="stmt"/>
        <line num="41" count="1" type="stmt"/>
        <line num="42" count="1" type="stmt"/>
        <line num="43" count="1" type="stmt"/>
        <line num="44" count="1" type="stmt"/>
        <line num="47" count="20" type="stmt"/>
        <line num="69" count="1" type="stmt"/>
        <line num="71" count="1" type="stmt"/>
        <line num="74" count="1" type="stmt"/>
        <line num="77" count="1" type="stmt"/>
        <line num="80" count="1" type="stmt"/>
        <line num="83" count="1" type="stmt"/>
        <line num="87" count="1" type="stmt"/>
        <line num="88" count="1" type="stmt"/>
        <line num="89" count="1" type="stmt"/>
        <line num="90" count="1" type="stmt"/>
        <line num="91" count="45" type="cond" truecount="2" falsecount="0"/>
        <line num="92" count="27" type="stmt"/>
        <line num="94" count="45" type="stmt"/>
        <line num="99" count="44" type="stmt"/>
        <line num="102" count="1" type="stmt"/>
        <line num="103" count="24" type="stmt"/>
        <line num="106" count="1" type="stmt"/>
        <line num="107" count="8" type="stmt"/>
        <line num="110" count="1" type="stmt"/>
        <line num="111" count="3" type="stmt"/>
        <line num="112" count="1" type="stmt"/>
        <line num="115" count="1" type="stmt"/>
        <line num="116" count="4" type="stmt"/>
        <line num="117" count="4" type="stmt"/>
        <line num="118" count="4" type="stmt"/>
        <line num="119" count="4" type="stmt"/>
        <line num="121" count="4" type="stmt"/>
        <line num="124" count="1" type="stmt"/>
        <line num="125" count="16" type="stmt"/>
        <line num="128" count="1" type="stmt"/>
        <line num="129" count="13" type="cond" truecount="1" falsecount="1"/>
        <line num="130" count="13" type="cond" truecount="1" falsecount="1"/>
        <line num="131" count="17" type="stmt"/>
        <line num="132" count="13" type="cond" truecount="1" falsecount="1"/>
        <line num="133" count="13" type="stmt"/>
        <line num="139" count="1" type="stmt"/>
        <line num="140" count="7" type="cond" truecount="2" falsecount="0"/>
        <line num="141" count="5" type="stmt"/>
        <line num="143" count="2" type="stmt"/>
        <line num="146" count="1" type="stmt"/>
        <line num="147" count="3" type="stmt"/>
        <line num="150" count="1" type="stmt"/>
        <line num="151" count="8" type="stmt"/>
        <line num="152" count="8" type="cond" truecount="2" falsecount="0"/>
        <line num="153" count="5" type="stmt"/>
        <line num="155" count="3" type="stmt"/>
        <line num="158" count="1" type="stmt"/>
        <line num="159" count="3" type="stmt"/>
        <line num="162" count="1" type="stmt"/>
        <line num="163" count="2" type="stmt"/>
        <line num="164" count="2" type="stmt"/>
        <line num="165" count="2" type="stmt"/>
        <line num="168" count="1" type="stmt"/>
        <line num="169" count="1" type="stmt"/>
        <line num="170" count="1" type="cond" truecount="1" falsecount="1"/>
        <line num="171" count="1" type="stmt"/>
        <line num="172" count="1" type="stmt"/>
        <line num="174" count="1" type="stmt"/>
        <line num="175" count="1" type="stmt"/>
        <line num="178" count="1" type="stmt"/>
        <line num="179" count="1" type="stmt"/>
        <line num="180" count="1" type="stmt"/>
        <line num="181" count="1" type="stmt"/>
        <line num="182" count="1" type="stmt"/>
        <line num="183" count="1" type="stmt"/>
        <line num="184" count="1" type="stmt"/>
        <line num="187" count="1" type="stmt"/>
        <line num="188" count="1" type="stmt"/>
        <line num="191" count="1" type="stmt"/>
        <line num="192" count="1" type="stmt"/>
        <line num="195" count="1" type="stmt"/>
        <line num="196" count="1" type="stmt"/>
        <line num="197" count="2" type="stmt"/>
        <line num="198" count="1" type="stmt"/>
        <line num="199" count="2" type="stmt"/>
        <line num="201" count="1" type="stmt"/>
        <line num="204" count="1" type="stmt"/>
        <line num="205" count="2" type="stmt"/>
        <line num="206" count="2" type="stmt"/>
        <line num="207" count="2" type="cond" truecount="2" falsecount="0"/>
        <line num="208" count="1" type="stmt"/>
        <line num="210" count="2" type="stmt"/>
        <line num="211" count="2" type="stmt"/>
        <line num="212" count="2" type="stmt"/>
        <line num="215" count="1" type="stmt"/>
        <line num="219" count="1" type="stmt"/>
        <line num="223" count="1" type="stmt"/>
        <line num="224" count="12" type="cond" truecount="2" falsecount="0"/>
        <line num="225" count="11" type="cond" truecount="2" falsecount="0"/>
        <line num="226" count="9" type="cond" truecount="2" falsecount="0"/>
        <line num="227" count="8" type="stmt"/>
        <line num="229" count="1" type="stmt"/>
        <line num="233" count="3" type="stmt"/>
        <line num="236" count="1" type="stmt"/>
        <line num="237" count="2" type="stmt"/>
        <line num="238" count="3" type="cond" truecount="2" falsecount="0"/>
        <line num="239" count="3" type="stmt"/>
        <line num="241" count="2" type="cond" truecount="2" falsecount="0"/>
        <line num="242" count="2" type="stmt"/>
        <line num="245" count="1" type="stmt"/>
        <line num="246" count="2" type="stmt"/>
        <line num="249" count="1" type="stmt"/>
        <line num="250" count="1" type="stmt"/>
        <line num="253" count="1" type="stmt"/>
        <line num="254" count="50" type="stmt"/>
        <line num="257" count="1" type="stmt"/>
        <line num="258" count="2" type="stmt"/>
        <line num="261" count="1" type="stmt"/>
        <line num="262" count="7" type="stmt"/>
        <line num="265" count="1" type="stmt"/>
        <line num="267" count="1" type="stmt"/>
        <line num="268" count="1" type="stmt"/>
        <line num="271" count="1" type="stmt"/>
        <line num="272" count="3" type="stmt"/>
        <line num="273" count="1" type="stmt"/>
        <line num="276" count="1" type="stmt"/>
        <line num="277" count="17" type="stmt"/>
        <line num="280" count="1" type="stmt"/>
        <line num="281" count="1" type="stmt"/>
        <line num="282" count="1" type="stmt"/>
        <line num="283" count="1" type="stmt"/>
        <line num="284" count="1" type="stmt"/>
        <line num="285" count="1" type="stmt"/>
        <line num="286" count="1" type="cond" truecount="1" falsecount="1"/>
        <line num="287" count="1" type="stmt"/>
        <line num="289" count="1" type="stmt"/>
        <line num="292" count="1" type="stmt"/>
        <line num="293" count="1" type="stmt"/>
        <line num="294" count="1" type="stmt"/>
        <line num="295" count="1" type="stmt"/>
        <line num="298" count="1" type="stmt"/>
        <line num="299" count="1" type="stmt"/>
        <line num="300" count="1" type="stmt"/>
        <line num="301" count="2" type="stmt"/>
        <line num="303" count="1" type="stmt"/>
        <line num="304" count="1" type="stmt"/>
        <line num="307" count="1" type="stmt"/>
        <line num="308" count="3" type="stmt"/>
        <line num="309" count="1" type="stmt"/>
        <line num="312" count="1" type="stmt"/>
        <line num="313" count="4" type="stmt"/>
        <line num="316" count="1" type="stmt"/>
        <line num="320" count="1" type="stmt"/>
        <line num="321" count="20" type="stmt"/>
        <line num="323" count="20" type="stmt"/>
        <line num="324" count="20" type="stmt"/>
        <line num="325" count="20" type="cond" truecount="2" falsecount="0"/>
        <line num="326" count="5" type="cond" truecount="2" falsecount="0"/>
        <line num="327" count="4" type="stmt"/>
        <line num="329" count="1" type="stmt"/>
        <line num="332" count="15" type="stmt"/>
        <line num="335" count="20" type="cond" truecount="2" falsecount="0"/>
        <line num="336" count="1" type="stmt"/>
        <line num="338" count="19" type="stmt"/>
        <line num="341" count="1" type="stmt"/>
        <line num="345" count="1" type="stmt"/>
        <line num="346" count="2" type="stmt"/>
        <line num="347" count="2" type="cond" truecount="2" falsecount="0"/>
        <line num="348" count="1" type="stmt"/>
        <line num="350" count="1" type="stmt"/>
        <line num="352" count="2" type="stmt"/>
      </file>
    </package>
    <package name="semantics">
      <metrics statements="351" coveredstatements="334" conditionals="85" coveredconditionals="74" methods="93" coveredmethods="84"/>
      <file name="analyzer.js" path="/Users/Shanaya/Desktop/Compilers/realhotgirlscript/semantics/analyzer.js">
        <metrics statements="273" coveredstatements="256" conditionals="36" coveredconditionals="28" methods="60" coveredmethods="51"/>
        <line num="1" count="2" type="stmt"/>
        <line num="2" count="2" type="stmt"/>
        <line num="3" count="2" type="stmt"/>
        <line num="4" count="2" type="stmt"/>
        <line num="5" count="2" type="stmt"/>
        <line num="6" count="2" type="stmt"/>
        <line num="7" count="2" type="stmt"/>
        <line num="8" count="2" type="stmt"/>
        <line num="9" count="2" type="stmt"/>
        <line num="10" count="2" type="stmt"/>
        <line num="11" count="2" type="stmt"/>
        <line num="12" count="2" type="stmt"/>
        <line num="13" count="2" type="stmt"/>
        <line num="14" count="2" type="stmt"/>
        <line num="15" count="2" type="stmt"/>
        <line num="16" count="2" type="stmt"/>
        <line num="17" count="2" type="stmt"/>
        <line num="18" count="2" type="stmt"/>
        <line num="19" count="2" type="stmt"/>
        <line num="20" count="2" type="stmt"/>
        <line num="21" count="2" type="stmt"/>
        <line num="22" count="2" type="stmt"/>
        <line num="23" count="2" type="stmt"/>
        <line num="24" count="2" type="stmt"/>
        <line num="25" count="2" type="stmt"/>
        <line num="26" count="2" type="stmt"/>
        <line num="27" count="2" type="stmt"/>
        <line num="28" count="2" type="stmt"/>
        <line num="29" count="2" type="stmt"/>
        <line num="30" count="2" type="stmt"/>
        <line num="31" count="2" type="stmt"/>
        <line num="32" count="2" type="stmt"/>
        <line num="33" count="2" type="stmt"/>
        <line num="34" count="2" type="stmt"/>
        <line num="35" count="2" type="stmt"/>
        <line num="36" count="2" type="stmt"/>
        <line num="37" count="2" type="stmt"/>
        <line num="38" count="2" type="stmt"/>
        <line num="39" count="2" type="stmt"/>
        <line num="40" count="2" type="stmt"/>
        <line num="41" count="2" type="stmt"/>
        <line num="43" count="2" type="stmt"/>
        <line num="44" count="2" type="stmt"/>
        <line num="45" count="2" type="stmt"/>
        <line num="46" count="2" type="stmt"/>
        <line num="47" count="2" type="stmt"/>
        <line num="49" count="2" type="stmt"/>
        <line num="50" count="2" type="stmt"/>
        <line num="52" count="2" type="stmt"/>
        <line num="53" count="0" type="stmt"/>
        <line num="56" count="2" type="stmt"/>
        <line num="57" count="100" type="stmt"/>
        <line num="60" count="2" type="stmt"/>
        <line num="61" count="0" type="stmt"/>
        <line num="64" count="2" type="stmt"/>
        <line num="65" count="16" type="stmt"/>
        <line num="68" count="2" type="stmt"/>
        <line num="69" count="148" type="stmt"/>
        <line num="72" count="2" type="stmt"/>
        <line num="73" count="16" type="stmt"/>
        <line num="76" count="2" type="stmt"/>
        <line num="77" count="25" type="stmt"/>
        <line num="78" count="8" type="cond" truecount="2" falsecount="0"/>
        <line num="79" count="7" type="stmt"/>
        <line num="80" count="7" type="stmt"/>
        <line num="81" count="18" type="stmt"/>
        <line num="84" count="1" type="stmt"/>
        <line num="88" count="2" type="stmt"/>
        <line num="89" count="0" type="stmt"/>
        <line num="92" count="2" type="stmt"/>
        <line num="93" count="107" type="stmt"/>
        <line num="94" count="103" type="stmt"/>
        <line num="95" count="99" type="cond" truecount="1" falsecount="1"/>
        <line num="96" count="0" type="stmt"/>
        <line num="98" count="99" type="stmt"/>
        <line num="99" count="101" type="stmt"/>
        <line num="100" count="95" type="stmt"/>
        <line num="104" count="2" type="stmt"/>
        <line num="105" count="70" type="stmt"/>
        <line num="106" count="70" type="stmt"/>
        <line num="107" count="70" type="cond" truecount="2" falsecount="0"/>
        <line num="108" count="12" type="stmt"/>
        <line num="109" count="12" type="stmt"/>
        <line num="110" count="12" type="stmt"/>
        <line num="111" count="58" type="cond" truecount="2" falsecount="0"/>
        <line num="112" count="13" type="stmt"/>
        <line num="113" count="13" type="stmt"/>
        <line num="114" count="13" type="stmt"/>
        <line num="115" count="45" type="cond" truecount="2" falsecount="0"/>
        <line num="116" count="33" type="stmt"/>
        <line num="117" count="31" type="stmt"/>
        <line num="118" count="31" type="stmt"/>
        <line num="119" count="31" type="stmt"/>
        <line num="120" count="12" type="cond" truecount="2" falsecount="0"/>
        <line num="121" count="7" type="stmt"/>
        <line num="122" count="7" type="stmt"/>
        <line num="123" count="3" type="stmt"/>
        <line num="124" count="2" type="stmt"/>
        <line num="126" count="5" type="stmt"/>
        <line num="127" count="5" type="stmt"/>
        <line num="128" count="4" type="stmt"/>
        <line num="129" count="4" type="stmt"/>
        <line num="131" count="1" type="stmt"/>
        <line num="135" count="5" type="stmt"/>
        <line num="136" count="5" type="stmt"/>
        <line num="140" count="2" type="stmt"/>
        <line num="141" count="56" type="stmt"/>
        <line num="142" count="72" type="stmt"/>
        <line num="146" count="2" type="stmt"/>
        <line num="147" count="9" type="stmt"/>
        <line num="150" count="2" type="stmt"/>
        <line num="151" count="15" type="stmt"/>
        <line num="152" count="15" type="stmt"/>
        <line num="153" count="16" type="stmt"/>
        <line num="154" count="14" type="stmt"/>
        <line num="155" count="12" type="stmt"/>
        <line num="158" count="2" type="stmt"/>
        <line num="159" count="6" type="stmt"/>
        <line num="160" count="6" type="stmt"/>
        <line num="161" count="6" type="stmt"/>
        <line num="164" count="2" type="stmt"/>
        <line num="165" count="4" type="stmt"/>
        <line num="166" count="4" type="stmt"/>
        <line num="167" count="4" type="stmt"/>
        <line num="168" count="1" type="stmt"/>
        <line num="170" count="4" type="stmt"/>
        <line num="173" count="2" type="stmt"/>
        <line num="174" count="3" type="stmt"/>
        <line num="175" count="3" type="stmt"/>
        <line num="176" count="3" type="stmt"/>
        <line num="177" count="3" type="stmt"/>
        <line num="183" count="3" type="stmt"/>
        <line num="184" count="3" type="stmt"/>
        <line num="185" count="2" type="stmt"/>
        <line num="186" count="2" type="stmt"/>
        <line num="187" count="2" type="stmt"/>
        <line num="188" count="2" type="stmt"/>
        <line num="191" count="2" type="stmt"/>
        <line num="192" count="1" type="stmt"/>
        <line num="195" count="2" type="stmt"/>
        <line num="196" count="0" type="stmt"/>
        <line num="199" count="2" type="stmt"/>
        <line num="200" count="14" type="stmt"/>
        <line num="202" count="5" type="cond" truecount="1" falsecount="1"/>
        <line num="203" count="5" type="stmt"/>
        <line num="204" count="5" type="stmt"/>
        <line num="205" count="5" type="stmt"/>
        <line num="206" count="5" type="cond" truecount="1" falsecount="1"/>
        <line num="207" count="5" type="stmt"/>
        <line num="209" count="5" type="cond" truecount="1" falsecount="1"/>
        <line num="210" count="5" type="stmt"/>
        <line num="212" count="5" type="stmt"/>
        <line num="213" count="5" type="stmt"/>
        <line num="214" count="9" type="stmt"/>
        <line num="215" count="9" type="stmt"/>
        <line num="218" count="0" type="stmt"/>
        <line num="222" count="2" type="stmt"/>
        <line num="223" count="0" type="stmt"/>
        <line num="224" count="0" type="stmt"/>
        <line num="227" count="2" type="stmt"/>
        <line num="228" count="15" type="stmt"/>
        <line num="229" count="17" type="stmt"/>
        <line num="230" count="15" type="stmt"/>
        <line num="231" count="15" type="cond" truecount="2" falsecount="0"/>
        <line num="232" count="15" type="stmt"/>
        <line num="235" count="2" type="stmt"/>
        <line num="236" count="0" type="stmt"/>
        <line num="239" count="2" type="stmt"/>
        <line num="240" count="85" type="stmt"/>
        <line num="243" count="2" type="stmt"/>
        <line num="244" count="96" type="stmt"/>
        <line num="245" count="94" type="stmt"/>
        <line num="248" count="2" type="stmt"/>
        <line num="249" count="12" type="stmt"/>
        <line num="250" count="20" type="stmt"/>
        <line num="251" count="19" type="stmt"/>
        <line num="253" count="10" type="stmt"/>
        <line num="254" count="18" type="stmt"/>
        <line num="255" count="18" type="stmt"/>
        <line num="257" count="10" type="cond" truecount="2" falsecount="0"/>
        <line num="258" count="8" type="stmt"/>
        <line num="259" count="8" type="stmt"/>
        <line num="263" count="2" type="stmt"/>
        <line num="264" count="14" type="stmt"/>
        <line num="265" count="14" type="stmt"/>
        <line num="268" count="2" type="stmt"/>
        <line num="269" count="19" type="stmt"/>
        <line num="272" count="2" type="stmt"/>
        <line num="273" count="3" type="stmt"/>
        <line num="274" count="3" type="stmt"/>
        <line num="275" count="2" type="stmt"/>
        <line num="278" count="2" type="stmt"/>
        <line num="279" count="18" type="cond" truecount="1" falsecount="1"/>
        <line num="280" count="0" type="stmt"/>
        <line num="282" count="18" type="stmt"/>
        <line num="285" count="2" type="stmt"/>
        <line num="286" count="76" type="stmt"/>
        <line num="287" count="148" type="stmt"/>
        <line num="291" count="2" type="stmt"/>
        <line num="292" count="20" type="stmt"/>
        <line num="293" count="20" type="stmt"/>
        <line num="295" count="19" type="cond" truecount="2" falsecount="0"/>
        <line num="296" count="1" type="stmt"/>
        <line num="298" count="18" type="stmt"/>
        <line num="301" count="2" type="stmt"/>
        <line num="302" count="15" type="stmt"/>
        <line num="303" count="7" type="cond" truecount="2" falsecount="0"/>
        <line num="304" count="4" type="stmt"/>
        <line num="305" count="4" type="stmt"/>
        <line num="306" count="11" type="stmt"/>
        <line num="309" count="3" type="stmt"/>
        <line num="313" count="2" type="stmt"/>
        <line num="314" count="0" type="stmt"/>
        <line num="317" count="2" type="stmt"/>
        <line num="318" count="7" type="stmt"/>
        <line num="321" count="2" type="stmt"/>
        <line num="322" count="1" type="stmt"/>
        <line num="323" count="1" type="stmt"/>
        <line num="324" count="1" type="stmt"/>
        <line num="325" count="1" type="stmt"/>
        <line num="327" count="1" type="stmt"/>
        <line num="328" count="1" type="stmt"/>
        <line num="331" count="2" type="stmt"/>
        <line num="332" count="3" type="stmt"/>
        <line num="333" count="3" type="stmt"/>
        <line num="334" count="3" type="stmt"/>
        <line num="335" count="3" type="stmt"/>
        <line num="336" count="6" type="stmt"/>
        <line num="337" count="6" type="stmt"/>
        <line num="338" count="6" type="stmt"/>
        <line num="340" count="3" type="cond" truecount="1" falsecount="1"/>
        <line num="341" count="3" type="stmt"/>
        <line num="345" count="2" type="stmt"/>
        <line num="346" count="4" type="stmt"/>
        <line num="347" count="4" type="stmt"/>
        <line num="348" count="4" type="stmt"/>
        <line num="349" count="3" type="stmt"/>
        <line num="350" count="2" type="stmt"/>
        <line num="353" count="2" type="stmt"/>
        <line num="354" count="0" type="stmt"/>
        <line num="357" count="2" type="stmt"/>
        <line num="358" count="4" type="stmt"/>
        <line num="359" count="4" type="cond" truecount="1" falsecount="1"/>
        <line num="360" count="4" type="stmt"/>
        <line num="361" count="15" type="stmt"/>
        <line num="362" count="15" type="stmt"/>
        <line num="364" count="4" type="stmt"/>
        <line num="365" count="4" type="stmt"/>
        <line num="367" count="0" type="stmt"/>
        <line num="371" count="2" type="stmt"/>
        <line num="372" count="8" type="stmt"/>
        <line num="373" count="8" type="cond" truecount="2" falsecount="0"/>
        <line num="374" count="2" type="stmt"/>
        <line num="375" count="1" type="stmt"/>
        <line num="376" count="6" type="cond" truecount="1" falsecount="1"/>
        <line num="377" count="6" type="stmt"/>
        <line num="378" count="6" type="stmt"/>
        <line num="379" count="6" type="stmt"/>
        <line num="381" count="0" type="stmt"/>
        <line num="382" count="0" type="stmt"/>
        <line num="383" count="0" type="stmt"/>
        <line num="385" count="0" type="stmt"/>
        <line num="391" count="2" type="stmt"/>
        <line num="392" count="90" type="stmt"/>
        <line num="393" count="91" type="stmt"/>
        <line num="394" count="91" type="stmt"/>
        <line num="395" count="87" type="stmt"/>
        <line num="396" count="87" type="stmt"/>
        <line num="399" count="2" type="stmt"/>
        <line num="400" count="2" type="stmt"/>
        <line num="401" count="2" type="stmt"/>
        <line num="402" count="2" type="stmt"/>
        <line num="403" count="2" type="stmt"/>
      </file>
      <file name="builtins.js" path="/Users/Shanaya/Desktop/Compilers/realhotgirlscript/semantics/builtins.js">
        <metrics statements="10" coveredstatements="10" conditionals="0" coveredconditionals="0" methods="2" coveredmethods="2"/>
        <line num="1" count="2" type="stmt"/>
        <line num="2" count="2" type="stmt"/>
        <line num="3" count="2" type="stmt"/>
        <line num="4" count="2" type="stmt"/>
        <line num="6" count="2" type="stmt"/>
        <line num="17" count="2" type="stmt"/>
        <line num="19" count="2" type="stmt"/>
        <line num="20" count="2" type="stmt"/>
        <line num="22" count="10" type="stmt"/>
        <line num="26" count="2" type="stmt"/>
      </file>
      <file name="check.js" path="/Users/Shanaya/Desktop/Compilers/realhotgirlscript/semantics/check.js">
        <metrics statements="49" coveredstatements="49" conditionals="40" coveredconditionals="37" methods="23" coveredmethods="23"/>
        <line num="1" count="2" type="stmt"/>
        <line num="2" count="2" type="stmt"/>
        <line num="3" count="2" type="stmt"/>
        <line num="4" count="2" type="stmt"/>
        <line num="5" count="2" type="stmt"/>
        <line num="6" count="2" type="stmt"/>
        <line num="7" count="2" type="stmt"/>
        <line num="8" count="2" type="stmt"/>
        <line num="9" count="2" type="stmt"/>
        <line num="10" count="2" type="stmt"/>
        <line num="11" count="2" type="stmt"/>
        <line num="12" count="2" type="stmt"/>
        <line num="13" count="2" type="stmt"/>
        <line num="14" count="2" type="stmt"/>
        <line num="17" count="664" type="cond" truecount="2" falsecount="0"/>
        <line num="18" count="30" type="stmt"/>
        <line num="23" count="15" type="cond" truecount="4" falsecount="0"/>
        <line num="24" count="3" type="stmt"/>
        <line num="26" count="12" type="stmt"/>
        <line num="30" count="12" type="cond" truecount="2" falsecount="0"/>
        <line num="31" count="1" type="stmt"/>
        <line num="33" count="11" type="stmt"/>
        <line num="37" count="12" type="cond" truecount="2" falsecount="0"/>
        <line num="38" count="2" type="stmt"/>
        <line num="40" count="10" type="stmt"/>
        <line num="43" count="2" type="stmt"/>
        <line num="45" count="5" type="stmt"/>
        <line num="49" count="9" type="stmt"/>
        <line num="53" count="43" type="stmt"/>
        <line num="57" count="51" type="stmt"/>
        <line num="61" count="62" type="stmt"/>
        <line num="68" count="4" type="cond" truecount="1" falsecount="1"/>
        <line num="72" count="15" type="stmt"/>
        <line num="76" count="14" type="cond" truecount="2" falsecount="0"/>
        <line num="77" count="10" type="stmt"/>
        <line num="79" count="4" type="stmt"/>
        <line num="84" count="20" type="stmt"/>
        <line num="88" count="4" type="stmt"/>
        <line num="97" count="9" type="cond" truecount="2" falsecount="0"/>
        <line num="101" count="3" type="stmt"/>
        <line num="111" count="189" type="stmt"/>
        <line num="123" count="38" type="stmt"/>
        <line num="127" count="95" type="stmt"/>
        <line num="134" count="1" type="stmt"/>
        <line num="138" count="12" type="stmt"/>
        <line num="142" count="14" type="stmt"/>
        <line num="146" count="13" type="stmt"/>
        <line num="147" count="14" type="cond" truecount="2" falsecount="0"/>
        <line num="152" count="90" type="stmt"/>
      </file>
      <file name="context.js" path="/Users/Shanaya/Desktop/Compilers/realhotgirlscript/semantics/context.js">
        <metrics statements="19" coveredstatements="19" conditionals="9" coveredconditionals="9" methods="8" coveredmethods="8"/>
        <line num="9" count="2" type="stmt"/>
        <line num="11" count="2" type="stmt"/>
        <line num="15" count="108" type="stmt"/>
        <line num="25" count="19" type="stmt"/>
        <line num="29" count="6" type="stmt"/>
        <line num="38" count="3" type="stmt"/>
        <line num="47" count="78" type="stmt"/>
        <line num="56" count="141" type="cond" truecount="2" falsecount="0"/>
        <line num="57" count="2" type="stmt"/>
        <line num="59" count="139" type="stmt"/>
        <line num="63" count="198" type="stmt"/>
        <line num="64" count="224" type="cond" truecount="2" falsecount="0"/>
        <line num="65" count="196" type="stmt"/>
        <line num="68" count="2" type="stmt"/>
        <line num="72" count="2" type="stmt"/>
        <line num="73" count="2" type="stmt"/>
        <line num="77" count="2" type="stmt"/>
        <line num="78" count="10" type="stmt"/>
        <line num="81" count="2" type="stmt"/>
      </file>
    </package>
    <package name="syntax">
      <metrics statements="114" coveredstatements="114" conditionals="4" coveredconditionals="4" methods="59" coveredmethods="59"/>
      <file name="parser.js" path="/Users/Shanaya/Desktop/Compilers/realhotgirlscript/syntax/parser.js">
        <metrics statements="114" coveredstatements="114" conditionals="4" coveredconditionals="4" methods="59" coveredmethods="59"/>
        <line num="1" count="3" type="stmt"/>
        <line num="3" count="3" type="stmt"/>
        <line num="5" count="3" type="stmt"/>
        <line num="6" count="3" type="stmt"/>
        <line num="7" count="3" type="stmt"/>
        <line num="8" count="3" type="stmt"/>
        <line num="9" count="3" type="stmt"/>
        <line num="10" count="3" type="stmt"/>
        <line num="11" count="3" type="stmt"/>
        <line num="12" count="3" type="stmt"/>
        <line num="13" count="3" type="stmt"/>
        <line num="14" count="3" type="stmt"/>
        <line num="15" count="3" type="stmt"/>
        <line num="16" count="3" type="stmt"/>
        <line num="17" count="3" type="stmt"/>
        <line num="18" count="3" type="stmt"/>
        <line num="19" count="3" type="stmt"/>
        <line num="20" count="3" type="stmt"/>
        <line num="21" count="3" type="stmt"/>
        <line num="22" count="3" type="stmt"/>
        <line num="23" count="3" type="stmt"/>
        <line num="24" count="3" type="stmt"/>
        <line num="25" count="3" type="stmt"/>
        <line num="26" count="3" type="stmt"/>
        <line num="27" count="3" type="stmt"/>
        <line num="28" count="3" type="stmt"/>
        <line num="29" count="3" type="stmt"/>
        <line num="30" count="3" type="stmt"/>
        <line num="31" count="3" type="stmt"/>
        <line num="32" count="3" type="stmt"/>
        <line num="33" count="3" type="stmt"/>
        <line num="34" count="3" type="stmt"/>
        <line num="35" count="3" type="stmt"/>
        <line num="36" count="3" type="stmt"/>
        <line num="37" count="3" type="stmt"/>
        <line num="38" count="3" type="stmt"/>
        <line num="39" count="3" type="stmt"/>
        <line num="40" count="3" type="stmt"/>
        <line num="41" count="3" type="stmt"/>
        <line num="42" count="3" type="stmt"/>
        <line num="43" count="3" type="stmt"/>
        <line num="44" count="3" type="stmt"/>
        <line num="45" count="3" type="stmt"/>
        <line num="46" count="3" type="stmt"/>
        <line num="47" count="3" type="stmt"/>
        <line num="48" count="3" type="stmt"/>
        <line num="50" count="3" type="stmt"/>
        <line num="53" count="429" type="cond" truecount="2" falsecount="0"/>
        <line num="57" count="3" type="stmt"/>
        <line num="59" count="106" type="stmt"/>
        <line num="63" count="459" type="stmt"/>
        <line num="67" count="12" type="stmt"/>
        <line num="71" count="72" type="stmt"/>
        <line num="81" count="9" type="stmt"/>
        <line num="85" count="42" type="stmt"/>
        <line num="86" count="42" type="stmt"/>
        <line num="87" count="42" type="stmt"/>
        <line num="88" count="42" type="stmt"/>
        <line num="92" count="6" type="stmt"/>
        <line num="108" count="9" type="stmt"/>
        <line num="120" count="14" type="stmt"/>
        <line num="124" count="162" type="stmt"/>
        <line num="133" count="39" type="stmt"/>
        <line num="137" count="43" type="stmt"/>
        <line num="141" count="125" type="stmt"/>
        <line num="145" count="20" type="stmt"/>
        <line num="149" count="5" type="stmt"/>
        <line num="153" count="34" type="stmt"/>
        <line num="157" count="229" type="stmt"/>
        <line num="161" count="12" type="stmt"/>
        <line num="165" count="6" type="stmt"/>
        <line num="169" count="5" type="stmt"/>
        <line num="173" count="16" type="stmt"/>
        <line num="177" count="95" type="stmt"/>
        <line num="181" count="31" type="stmt"/>
        <line num="185" count="17" type="stmt"/>
        <line num="189" count="15" type="stmt"/>
        <line num="193" count="7" type="stmt"/>
        <line num="197" count="3" type="stmt"/>
        <line num="201" count="11" type="stmt"/>
        <line num="205" count="12" type="stmt"/>
        <line num="209" count="11" type="stmt"/>
        <line num="213" count="8" type="stmt"/>
        <line num="217" count="38" type="stmt"/>
        <line num="221" count="29" type="stmt"/>
        <line num="225" count="52" type="stmt"/>
        <line num="229" count="6" type="stmt"/>
        <line num="233" count="5" type="stmt"/>
        <line num="237" count="242" type="stmt"/>
        <line num="241" count="166" type="stmt"/>
        <line num="245" count="61" type="stmt"/>
        <line num="249" count="51" type="stmt"/>
        <line num="253" count="8" type="stmt"/>
        <line num="257" count="518" type="stmt"/>
        <line num="261" count="62" type="stmt"/>
        <line num="265" count="687" type="stmt"/>
        <line num="269" count="140" type="stmt"/>
        <line num="273" count="5" type="stmt"/>
        <line num="277" count="73" type="stmt"/>
        <line num="281" count="41" type="stmt"/>
        <line num="285" count="13" type="stmt"/>
        <line num="289" count="10" type="stmt"/>
        <line num="293" count="14" type="stmt"/>
        <line num="297" count="8" type="stmt"/>
        <line num="301" count="366" type="stmt"/>
        <line num="305" count="31" type="stmt"/>
        <line num="309" count="255" type="stmt"/>
        <line num="313" count="291" type="stmt"/>
        <line num="317" count="5" type="stmt"/>
        <line num="322" count="3" type="stmt"/>
        <line num="323" count="110" type="stmt"/>
        <line num="324" count="110" type="cond" truecount="2" falsecount="0"/>
        <line num="325" count="4" type="stmt"/>
        <line num="327" count="106" type="stmt"/>
      </file>
    </package>
  </project>
</coverage>
