{"/Users/Shanaya/Desktop/Compilers/realhotgirlscript/ast/argument.js": {"path":"/Users/Shanaya/Desktop/Compilers/realhotgirlscript/ast/argument.js","statementMap":{"0":{"start":{"line":1,"column":0},"end":{"line":5,"column":2}},"1":{"start":{"line":3,"column":4},"end":{"line":3,"column":44}}},"fnMap":{"0":{"name":"(anonymous_0)","decl":{"start":{"line":2,"column":2},"end":{"line":2,"column":3}},"loc":{"start":{"line":2,"column":30},"end":{"line":4,"column":3}},"line":2}},"branchMap":{},"s":{"0":3,"1":51},"f":{"0":51},"b":{},"_coverageSchema":"1a1c01bbd47fc00a2c39e90264f33305004495a9","hash":"3479ba9b4e51cbc9efce08bc4cf4945f1b41297a"}
,"/Users/Shanaya/Desktop/Compilers/realhotgirlscript/ast/array-expression.js": {"path":"/Users/Shanaya/Desktop/Compilers/realhotgirlscript/ast/array-expression.js","statementMap":{"0":{"start":{"line":1,"column":0},"end":{"line":5,"column":2}},"1":{"start":{"line":3,"column":4},"end":{"line":3,"column":35}}},"fnMap":{"0":{"name":"(anonymous_0)","decl":{"start":{"line":2,"column":2},"end":{"line":2,"column":3}},"loc":{"start":{"line":2,"column":27},"end":{"line":4,"column":3}},"line":2}},"branchMap":{},"s":{"0":3,"1":11},"f":{"0":11},"b":{},"_coverageSchema":"1a1c01bbd47fc00a2c39e90264f33305004495a9","hash":"872f9899fac1f87a543f02173d8f741878096c72"}
,"/Users/Shanaya/Desktop/Compilers/realhotgirlscript/ast/array-type.js": {"path":"/Users/Shanaya/Desktop/Compilers/realhotgirlscript/ast/array-type.js","statementMap":{"0":{"start":{"line":1,"column":0},"end":{"line":5,"column":2}},"1":{"start":{"line":3,"column":4},"end":{"line":3,"column":40}}},"fnMap":{"0":{"name":"(anonymous_0)","decl":{"start":{"line":2,"column":2},"end":{"line":2,"column":3}},"loc":{"start":{"line":2,"column":26},"end":{"line":4,"column":3}},"line":2}},"branchMap":{},"s":{"0":3,"1":21},"f":{"0":21},"b":{},"_coverageSchema":"1a1c01bbd47fc00a2c39e90264f33305004495a9","hash":"f0553380d3df7edf23365bcfd151437d9aa0fafa"}
,"/Users/Shanaya/Desktop/Compilers/realhotgirlscript/ast/assignment-statement.js": {"path":"/Users/Shanaya/Desktop/Compilers/realhotgirlscript/ast/assignment-statement.js","statementMap":{"0":{"start":{"line":1,"column":0},"end":{"line":5,"column":2}},"1":{"start":{"line":3,"column":4},"end":{"line":3,"column":44}}},"fnMap":{"0":{"name":"(anonymous_0)","decl":{"start":{"line":2,"column":2},"end":{"line":2,"column":3}},"loc":{"start":{"line":2,"column":30},"end":{"line":4,"column":3}},"line":2}},"branchMap":{},"s":{"0":3,"1":126},"f":{"0":126},"b":{},"_coverageSchema":"1a1c01bbd47fc00a2c39e90264f33305004495a9","hash":"6a2d05542521de9210e666e800bea5cf23dcf4d6"}
,"/Users/Shanaya/Desktop/Compilers/realhotgirlscript/ast/binary-expression.js": {"path":"/Users/Shanaya/Desktop/Compilers/realhotgirlscript/ast/binary-expression.js","statementMap":{"0":{"start":{"line":1,"column":0},"end":{"line":5,"column":2}},"1":{"start":{"line":3,"column":4},"end":{"line":3,"column":45}}},"fnMap":{"0":{"name":"(anonymous_0)","decl":{"start":{"line":2,"column":2},"end":{"line":2,"column":3}},"loc":{"start":{"line":2,"column":31},"end":{"line":4,"column":3}},"line":2}},"branchMap":{},"s":{"0":3,"1":167},"f":{"0":167},"b":{},"_coverageSchema":"1a1c01bbd47fc00a2c39e90264f33305004495a9","hash":"64f8bab3cc558b97807fd7c1eba4bacc19b2c3ba"}
,"/Users/Shanaya/Desktop/Compilers/realhotgirlscript/ast/block.js": {"path":"/Users/Shanaya/Desktop/Compilers/realhotgirlscript/ast/block.js","statementMap":{"0":{"start":{"line":1,"column":0},"end":{"line":5,"column":2}},"1":{"start":{"line":3,"column":4},"end":{"line":3,"column":33}}},"fnMap":{"0":{"name":"(anonymous_0)","decl":{"start":{"line":2,"column":2},"end":{"line":2,"column":3}},"loc":{"start":{"line":2,"column":26},"end":{"line":4,"column":3}},"line":2}},"branchMap":{},"s":{"0":3,"1":229},"f":{"0":229},"b":{},"_coverageSchema":"1a1c01bbd47fc00a2c39e90264f33305004495a9","hash":"71c6d97c774b4eaa6a709ad0831d5fa8d6506c00"}
,"/Users/Shanaya/Desktop/Compilers/realhotgirlscript/ast/boolean-literal.js": {"path":"/Users/Shanaya/Desktop/Compilers/realhotgirlscript/ast/boolean-literal.js","statementMap":{"0":{"start":{"line":1,"column":0},"end":{"line":5,"column":4}},"1":{"start":{"line":3,"column":6},"end":{"line":3,"column":25}}},"fnMap":{"0":{"name":"(anonymous_0)","decl":{"start":{"line":2,"column":4},"end":{"line":2,"column":5}},"loc":{"start":{"line":2,"column":23},"end":{"line":4,"column":5}},"line":2}},"branchMap":{},"s":{"0":3,"1":31},"f":{"0":31},"b":{},"_coverageSchema":"1a1c01bbd47fc00a2c39e90264f33305004495a9","hash":"d2b7a6a0e537207c46660595fff5ead96a991872"}
,"/Users/Shanaya/Desktop/Compilers/realhotgirlscript/ast/boolean-type.js": {"path":"/Users/Shanaya/Desktop/Compilers/realhotgirlscript/ast/boolean-type.js","statementMap":{"0":{"start":{"line":1,"column":22},"end":{"line":1,"column":49}},"1":{"start":{"line":2,"column":0},"end":{"line":2,"column":44}}},"fnMap":{},"branchMap":{},"s":{"0":3,"1":3},"f":{},"b":{},"_coverageSchema":"1a1c01bbd47fc00a2c39e90264f33305004495a9","hash":"548869a8e12cef3e642ac4af19091ed321626dcf"}
,"/Users/Shanaya/Desktop/Compilers/realhotgirlscript/ast/break-statement.js": {"path":"/Users/Shanaya/Desktop/Compilers/realhotgirlscript/ast/break-statement.js","statementMap":{"0":{"start":{"line":1,"column":0},"end":{"line":1,"column":41}}},"fnMap":{},"branchMap":{},"s":{"0":3},"f":{},"b":{},"_coverageSchema":"1a1c01bbd47fc00a2c39e90264f33305004495a9","hash":"d8d6b50d439601b73860bb7d167129d93c2c4126"}
,"/Users/Shanaya/Desktop/Compilers/realhotgirlscript/ast/call-statement.js": {"path":"/Users/Shanaya/Desktop/Compilers/realhotgirlscript/ast/call-statement.js","statementMap":{"0":{"start":{"line":1,"column":0},"end":{"line":5,"column":2}},"1":{"start":{"line":3,"column":4},"end":{"line":3,"column":21}}},"fnMap":{"0":{"name":"(anonymous_0)","decl":{"start":{"line":2,"column":2},"end":{"line":2,"column":3}},"loc":{"start":{"line":2,"column":20},"end":{"line":4,"column":3}},"line":2}},"branchMap":{},"s":{"0":3,"1":43},"f":{"0":43},"b":{},"_coverageSchema":"1a1c01bbd47fc00a2c39e90264f33305004495a9","hash":"dbb30c815a583902076e22aae64e66a719de2fe8"}
,"/Users/Shanaya/Desktop/Compilers/realhotgirlscript/ast/call.js": {"path":"/Users/Shanaya/Desktop/Compilers/realhotgirlscript/ast/call.js","statementMap":{"0":{"start":{"line":1,"column":0},"end":{"line":5,"column":2}},"1":{"start":{"line":3,"column":4},"end":{"line":3,"column":44}}},"fnMap":{"0":{"name":"(anonymous_0)","decl":{"start":{"line":2,"column":2},"end":{"line":2,"column":3}},"loc":{"start":{"line":2,"column":31},"end":{"line":4,"column":3}},"line":2}},"branchMap":{},"s":{"0":3,"1":52},"f":{"0":52},"b":{},"_coverageSchema":"1a1c01bbd47fc00a2c39e90264f33305004495a9","hash":"bb2fc17f9f207e6f42c6a5e644d101b682668829"}
,"/Users/Shanaya/Desktop/Compilers/realhotgirlscript/ast/case.js": {"path":"/Users/Shanaya/Desktop/Compilers/realhotgirlscript/ast/case.js","statementMap":{"0":{"start":{"line":1,"column":0},"end":{"line":5,"column":2}},"1":{"start":{"line":3,"column":8},"end":{"line":3,"column":50}}},"fnMap":{"0":{"name":"(anonymous_0)","decl":{"start":{"line":2,"column":4},"end":{"line":2,"column":5}},"loc":{"start":{"line":2,"column":34},"end":{"line":4,"column":5}},"line":2}},"branchMap":{},"s":{"0":3,"1":18},"f":{"0":18},"b":{},"_coverageSchema":"1a1c01bbd47fc00a2c39e90264f33305004495a9","hash":"084755570ee1ac3a98819ac323a4015186959132"}
,"/Users/Shanaya/Desktop/Compilers/realhotgirlscript/ast/class-declaration.js": {"path":"/Users/Shanaya/Desktop/Compilers/realhotgirlscript/ast/class-declaration.js","statementMap":{"0":{"start":{"line":1,"column":0},"end":{"line":5,"column":2}},"1":{"start":{"line":3,"column":4},"end":{"line":3,"column":46}}},"fnMap":{"0":{"name":"(anonymous_0)","decl":{"start":{"line":2,"column":2},"end":{"line":2,"column":3}},"loc":{"start":{"line":2,"column":32},"end":{"line":4,"column":3}},"line":2}},"branchMap":{},"s":{"0":3,"1":12},"f":{"0":12},"b":{},"_coverageSchema":"1a1c01bbd47fc00a2c39e90264f33305004495a9","hash":"c007a12ca1e1e5e839ae500881c016942601ea65"}
,"/Users/Shanaya/Desktop/Compilers/realhotgirlscript/ast/continue-statement.js": {"path":"/Users/Shanaya/Desktop/Compilers/realhotgirlscript/ast/continue-statement.js","statementMap":{"0":{"start":{"line":1,"column":0},"end":{"line":1,"column":44}}},"fnMap":{},"branchMap":{},"s":{"0":3},"f":{},"b":{},"_coverageSchema":"1a1c01bbd47fc00a2c39e90264f33305004495a9","hash":"90a7c471c9b7560e5c4495c7b0df7dfeaa4c6ad3"}
,"/Users/Shanaya/Desktop/Compilers/realhotgirlscript/ast/default-case.js": {"path":"/Users/Shanaya/Desktop/Compilers/realhotgirlscript/ast/default-case.js","statementMap":{"0":{"start":{"line":1,"column":0},"end":{"line":5,"column":2}},"1":{"start":{"line":3,"column":8},"end":{"line":3,"column":38}}},"fnMap":{"0":{"name":"(anonymous_0)","decl":{"start":{"line":2,"column":4},"end":{"line":2,"column":5}},"loc":{"start":{"line":2,"column":22},"end":{"line":4,"column":5}},"line":2}},"branchMap":{},"s":{"0":3,"1":9},"f":{"0":9},"b":{},"_coverageSchema":"1a1c01bbd47fc00a2c39e90264f33305004495a9","hash":"48de5e1bdb54b4d6464bf3a5ade50478352081b0"}
,"/Users/Shanaya/Desktop/Compilers/realhotgirlscript/ast/dict-expression.js": {"path":"/Users/Shanaya/Desktop/Compilers/realhotgirlscript/ast/dict-expression.js","statementMap":{"0":{"start":{"line":1,"column":0},"end":{"line":5,"column":2}},"1":{"start":{"line":3,"column":4},"end":{"line":3,"column":35}}},"fnMap":{"0":{"name":"(anonymous_0)","decl":{"start":{"line":2,"column":2},"end":{"line":2,"column":3}},"loc":{"start":{"line":2,"column":27},"end":{"line":4,"column":3}},"line":2}},"branchMap":{},"s":{"0":3,"1":11},"f":{"0":11},"b":{},"_coverageSchema":"1a1c01bbd47fc00a2c39e90264f33305004495a9","hash":"75698845646f8429e30aea982ad7735368ea24da"}
,"/Users/Shanaya/Desktop/Compilers/realhotgirlscript/ast/dict-type.js": {"path":"/Users/Shanaya/Desktop/Compilers/realhotgirlscript/ast/dict-type.js","statementMap":{"0":{"start":{"line":1,"column":0},"end":{"line":5,"column":2}},"1":{"start":{"line":3,"column":4},"end":{"line":3,"column":48}}},"fnMap":{"0":{"name":"(anonymous_0)","decl":{"start":{"line":2,"column":2},"end":{"line":2,"column":3}},"loc":{"start":{"line":2,"column":34},"end":{"line":4,"column":3}},"line":2}},"branchMap":{},"s":{"0":3,"1":19},"f":{"0":19},"b":{},"_coverageSchema":"1a1c01bbd47fc00a2c39e90264f33305004495a9","hash":"9f485799d55b07fbaf82c522f3443cb0530863e8"}
,"/Users/Shanaya/Desktop/Compilers/realhotgirlscript/ast/function-declaration.js": {"path":"/Users/Shanaya/Desktop/Compilers/realhotgirlscript/ast/function-declaration.js","statementMap":{"0":{"start":{"line":1,"column":0},"end":{"line":5,"column":2}},"1":{"start":{"line":3,"column":4},"end":{"line":3,"column":59}}},"fnMap":{"0":{"name":"(anonymous_0)","decl":{"start":{"line":2,"column":2},"end":{"line":2,"column":3}},"loc":{"start":{"line":2,"column":45},"end":{"line":4,"column":3}},"line":2}},"branchMap":{},"s":{"0":3,"1":82},"f":{"0":82},"b":{},"_coverageSchema":"1a1c01bbd47fc00a2c39e90264f33305004495a9","hash":"5e28412e615f3820b309aac9570a678bc8afdf9d"}
,"/Users/Shanaya/Desktop/Compilers/realhotgirlscript/ast/id-type.js": {"path":"/Users/Shanaya/Desktop/Compilers/realhotgirlscript/ast/id-type.js","statementMap":{"0":{"start":{"line":1,"column":0},"end":{"line":5,"column":4}},"1":{"start":{"line":3,"column":6},"end":{"line":3,"column":19}}},"fnMap":{"0":{"name":"(anonymous_0)","decl":{"start":{"line":2,"column":4},"end":{"line":2,"column":5}},"loc":{"start":{"line":2,"column":20},"end":{"line":4,"column":5}},"line":2}},"branchMap":{},"s":{"0":3,"1":12},"f":{"0":12},"b":{},"_coverageSchema":"1a1c01bbd47fc00a2c39e90264f33305004495a9","hash":"aeac6b9ce51cbd7389e367bbcf59b08da42ce0f9"}
,"/Users/Shanaya/Desktop/Compilers/realhotgirlscript/ast/identifier-declaration.js": {"path":"/Users/Shanaya/Desktop/Compilers/realhotgirlscript/ast/identifier-declaration.js","statementMap":{"0":{"start":{"line":1,"column":0},"end":{"line":5,"column":2}},"1":{"start":{"line":3,"column":4},"end":{"line":3,"column":17}}},"fnMap":{"0":{"name":"(anonymous_0)","decl":{"start":{"line":2,"column":2},"end":{"line":2,"column":3}},"loc":{"start":{"line":2,"column":18},"end":{"line":4,"column":3}},"line":2}},"branchMap":{},"s":{"0":3,"1":166},"f":{"0":166},"b":{},"_coverageSchema":"1a1c01bbd47fc00a2c39e90264f33305004495a9","hash":"fb0a9982402c72b28e130a926055c5a8383cd68b"}
,"/Users/Shanaya/Desktop/Compilers/realhotgirlscript/ast/identifier-expression.js": {"path":"/Users/Shanaya/Desktop/Compilers/realhotgirlscript/ast/identifier-expression.js","statementMap":{"0":{"start":{"line":1,"column":0},"end":{"line":5,"column":2}},"1":{"start":{"line":3,"column":4},"end":{"line":3,"column":17}}},"fnMap":{"0":{"name":"(anonymous_0)","decl":{"start":{"line":2,"column":2},"end":{"line":2,"column":3}},"loc":{"start":{"line":2,"column":18},"end":{"line":4,"column":3}},"line":2}},"branchMap":{},"s":{"0":3,"1":242},"f":{"0":242},"b":{},"_coverageSchema":"1a1c01bbd47fc00a2c39e90264f33305004495a9","hash":"fcdbd3790cf82716d1e5a40853bf7511d82cc233"}
,"/Users/Shanaya/Desktop/Compilers/realhotgirlscript/ast/if-statement.js": {"path":"/Users/Shanaya/Desktop/Compilers/realhotgirlscript/ast/if-statement.js","statementMap":{"0":{"start":{"line":1,"column":0},"end":{"line":5,"column":2}},"1":{"start":{"line":3,"column":4},"end":{"line":3,"column":59}}},"fnMap":{"0":{"name":"(anonymous_0)","decl":{"start":{"line":2,"column":2},"end":{"line":2,"column":3}},"loc":{"start":{"line":2,"column":45},"end":{"line":4,"column":3}},"line":2}},"branchMap":{},"s":{"0":3,"1":42},"f":{"0":42},"b":{},"_coverageSchema":"1a1c01bbd47fc00a2c39e90264f33305004495a9","hash":"c74c9cbf6d947ec785e2d771368860960cdafa86"}
,"/Users/Shanaya/Desktop/Compilers/realhotgirlscript/ast/int-type.js": {"path":"/Users/Shanaya/Desktop/Compilers/realhotgirlscript/ast/int-type.js","statementMap":{"0":{"start":{"line":1,"column":22},"end":{"line":1,"column":49}},"1":{"start":{"line":2,"column":0},"end":{"line":2,"column":45}}},"fnMap":{},"branchMap":{},"s":{"0":3,"1":3},"f":{},"b":{},"_coverageSchema":"1a1c01bbd47fc00a2c39e90264f33305004495a9","hash":"bcca564466bc04762e652170600d35709dc29233"}
,"/Users/Shanaya/Desktop/Compilers/realhotgirlscript/ast/keyvalue-expression.js": {"path":"/Users/Shanaya/Desktop/Compilers/realhotgirlscript/ast/keyvalue-expression.js","statementMap":{"0":{"start":{"line":1,"column":0},"end":{"line":5,"column":2}},"1":{"start":{"line":3,"column":4},"end":{"line":3,"column":40}}},"fnMap":{"0":{"name":"(anonymous_0)","decl":{"start":{"line":2,"column":2},"end":{"line":2,"column":3}},"loc":{"start":{"line":2,"column":26},"end":{"line":4,"column":3}},"line":2}},"branchMap":{},"s":{"0":3,"1":29},"f":{"0":29},"b":{},"_coverageSchema":"1a1c01bbd47fc00a2c39e90264f33305004495a9","hash":"f737edac3e0f405445832838a23020124379fb97"}
,"/Users/Shanaya/Desktop/Compilers/realhotgirlscript/ast/long-type.js": {"path":"/Users/Shanaya/Desktop/Compilers/realhotgirlscript/ast/long-type.js","statementMap":{"0":{"start":{"line":1,"column":22},"end":{"line":1,"column":49}},"1":{"start":{"line":2,"column":0},"end":{"line":2,"column":44}}},"fnMap":{},"branchMap":{},"s":{"0":3,"1":3},"f":{},"b":{},"_coverageSchema":"1a1c01bbd47fc00a2c39e90264f33305004495a9","hash":"f08de3bd893ada1f2c00193168bd8a88d768eb6e"}
,"/Users/Shanaya/Desktop/Compilers/realhotgirlscript/ast/loop.js": {"path":"/Users/Shanaya/Desktop/Compilers/realhotgirlscript/ast/loop.js","statementMap":{"0":{"start":{"line":13,"column":4},"end":{"line":13,"column":12}},"1":{"start":{"line":14,"column":4},"end":{"line":22,"column":7}},"2":{"start":{"line":28,"column":4},"end":{"line":28,"column":12}},"3":{"start":{"line":29,"column":4},"end":{"line":29,"column":44}},"4":{"start":{"line":33,"column":0},"end":{"line":33,"column":57}}},"fnMap":{"0":{"name":"(anonymous_0)","decl":{"start":{"line":4,"column":2},"end":{"line":4,"column":3}},"loc":{"start":{"line":12,"column":4},"end":{"line":23,"column":3}},"line":12},"1":{"name":"(anonymous_1)","decl":{"start":{"line":27,"column":2},"end":{"line":27,"column":3}},"loc":{"start":{"line":27,"column":30},"end":{"line":30,"column":3}},"line":27}},"branchMap":{},"s":{"0":9,"1":9,"2":14,"3":14,"4":3},"f":{"0":9,"1":14},"b":{},"_coverageSchema":"1a1c01bbd47fc00a2c39e90264f33305004495a9","hash":"a54c024b526bd1e014e90e48d8447ae3e50aa749"}
,"/Users/Shanaya/Desktop/Compilers/realhotgirlscript/ast/member-expression.js": {"path":"/Users/Shanaya/Desktop/Compilers/realhotgirlscript/ast/member-expression.js","statementMap":{"0":{"start":{"line":1,"column":0},"end":{"line":5,"column":4}},"1":{"start":{"line":3,"column":6},"end":{"line":3,"column":46}}},"fnMap":{"0":{"name":"(anonymous_0)","decl":{"start":{"line":2,"column":4},"end":{"line":2,"column":5}},"loc":{"start":{"line":2,"column":32},"end":{"line":4,"column":5}},"line":2}},"branchMap":{},"s":{"0":3,"1":5},"f":{"0":5},"b":{},"_coverageSchema":"1a1c01bbd47fc00a2c39e90264f33305004495a9","hash":"9a4f679a6bed7a0ad0b0edefbe8dc38be94a8db1"}
,"/Users/Shanaya/Desktop/Compilers/realhotgirlscript/ast/none-literal.js": {"path":"/Users/Shanaya/Desktop/Compilers/realhotgirlscript/ast/none-literal.js","statementMap":{"0":{"start":{"line":1,"column":0},"end":{"line":1,"column":38}}},"fnMap":{},"branchMap":{},"s":{"0":3},"f":{},"b":{},"_coverageSchema":"1a1c01bbd47fc00a2c39e90264f33305004495a9","hash":"486b80cbb7e9d5e63ae8c17279d9d2f9b15dd0c7"}
,"/Users/Shanaya/Desktop/Compilers/realhotgirlscript/ast/none-type.js": {"path":"/Users/Shanaya/Desktop/Compilers/realhotgirlscript/ast/none-type.js","statementMap":{"0":{"start":{"line":1,"column":22},"end":{"line":1,"column":49}},"1":{"start":{"line":2,"column":0},"end":{"line":2,"column":43}}},"fnMap":{},"branchMap":{},"s":{"0":2,"1":2},"f":{},"b":{},"_coverageSchema":"1a1c01bbd47fc00a2c39e90264f33305004495a9","hash":"4dba0fe28918447029e8a3ac6473cb2ed1a117f7"}
,"/Users/Shanaya/Desktop/Compilers/realhotgirlscript/ast/numeric-literal.js": {"path":"/Users/Shanaya/Desktop/Compilers/realhotgirlscript/ast/numeric-literal.js","statementMap":{"0":{"start":{"line":1,"column":0},"end":{"line":5,"column":2}},"1":{"start":{"line":3,"column":4},"end":{"line":3,"column":23}}},"fnMap":{"0":{"name":"(anonymous_0)","decl":{"start":{"line":2,"column":2},"end":{"line":2,"column":3}},"loc":{"start":{"line":2,"column":21},"end":{"line":4,"column":3}},"line":2}},"branchMap":{},"s":{"0":3,"1":366},"f":{"0":366},"b":{},"_coverageSchema":"1a1c01bbd47fc00a2c39e90264f33305004495a9","hash":"991926ba6c62834e7f2d453479163ccdeae8a82f"}
,"/Users/Shanaya/Desktop/Compilers/realhotgirlscript/ast/parameter.js": {"path":"/Users/Shanaya/Desktop/Compilers/realhotgirlscript/ast/parameter.js","statementMap":{"0":{"start":{"line":1,"column":0},"end":{"line":5,"column":2}},"1":{"start":{"line":3,"column":4},"end":{"line":3,"column":50}}},"fnMap":{"0":{"name":"(anonymous_0)","decl":{"start":{"line":2,"column":2},"end":{"line":2,"column":3}},"loc":{"start":{"line":2,"column":36},"end":{"line":4,"column":3}},"line":2}},"branchMap":{},"s":{"0":3,"1":73},"f":{"0":73},"b":{},"_coverageSchema":"1a1c01bbd47fc00a2c39e90264f33305004495a9","hash":"a92c3ea726d4cfe55a07937533bbb951534db40f"}
,"/Users/Shanaya/Desktop/Compilers/realhotgirlscript/ast/primitive-type.js": {"path":"/Users/Shanaya/Desktop/Compilers/realhotgirlscript/ast/primitive-type.js","statementMap":{"0":{"start":{"line":1,"column":0},"end":{"line":5,"column":4}},"1":{"start":{"line":3,"column":6},"end":{"line":3,"column":36}}},"fnMap":{"0":{"name":"(anonymous_0)","decl":{"start":{"line":2,"column":4},"end":{"line":2,"column":5}},"loc":{"start":{"line":2,"column":22},"end":{"line":4,"column":5}},"line":2}},"branchMap":{},"s":{"0":3,"1":16},"f":{"0":16},"b":{},"_coverageSchema":"1a1c01bbd47fc00a2c39e90264f33305004495a9","hash":"9bb6ec153cd6b41789044c0ce9a8339914563ad8"}
,"/Users/Shanaya/Desktop/Compilers/realhotgirlscript/ast/print-statement.js": {"path":"/Users/Shanaya/Desktop/Compilers/realhotgirlscript/ast/print-statement.js","statementMap":{"0":{"start":{"line":1,"column":0},"end":{"line":5,"column":2}},"1":{"start":{"line":3,"column":8},"end":{"line":3,"column":37}}},"fnMap":{"0":{"name":"(anonymous_0)","decl":{"start":{"line":2,"column":4},"end":{"line":2,"column":5}},"loc":{"start":{"line":2,"column":28},"end":{"line":4,"column":5}},"line":2}},"branchMap":{},"s":{"0":3,"1":125},"f":{"0":125},"b":{},"_coverageSchema":"1a1c01bbd47fc00a2c39e90264f33305004495a9","hash":"a5d2d25f0bfad29c9ddf11df25cb278a041c7118"}
,"/Users/Shanaya/Desktop/Compilers/realhotgirlscript/ast/program.js": {"path":"/Users/Shanaya/Desktop/Compilers/realhotgirlscript/ast/program.js","statementMap":{"0":{"start":{"line":1,"column":0},"end":{"line":5,"column":2}},"1":{"start":{"line":3,"column":4},"end":{"line":3,"column":33}}},"fnMap":{"0":{"name":"(anonymous_0)","decl":{"start":{"line":2,"column":2},"end":{"line":2,"column":3}},"loc":{"start":{"line":2,"column":26},"end":{"line":4,"column":3}},"line":2}},"branchMap":{},"s":{"0":3,"1":106},"f":{"0":106},"b":{},"_coverageSchema":"1a1c01bbd47fc00a2c39e90264f33305004495a9","hash":"887ba56a363b3ea7ec1ed9ebc64e78c96de30ad9"}
,"/Users/Shanaya/Desktop/Compilers/realhotgirlscript/ast/return-statement.js": {"path":"/Users/Shanaya/Desktop/Compilers/realhotgirlscript/ast/return-statement.js","statementMap":{"0":{"start":{"line":1,"column":0},"end":{"line":5,"column":2}},"1":{"start":{"line":3,"column":4},"end":{"line":3,"column":33}}},"fnMap":{"0":{"name":"(anonymous_0)","decl":{"start":{"line":2,"column":2},"end":{"line":2,"column":3}},"loc":{"start":{"line":2,"column":26},"end":{"line":4,"column":3}},"line":2}},"branchMap":{},"s":{"0":3,"1":34},"f":{"0":34},"b":{},"_coverageSchema":"1a1c01bbd47fc00a2c39e90264f33305004495a9","hash":"2860838f2264333076e604369faaa523e0ac9a70"}
,"/Users/Shanaya/Desktop/Compilers/realhotgirlscript/ast/set-expression.js": {"path":"/Users/Shanaya/Desktop/Compilers/realhotgirlscript/ast/set-expression.js","statementMap":{"0":{"start":{"line":1,"column":0},"end":{"line":5,"column":2}},"1":{"start":{"line":3,"column":4},"end":{"line":3,"column":35}}},"fnMap":{"0":{"name":"(anonymous_0)","decl":{"start":{"line":2,"column":2},"end":{"line":2,"column":3}},"loc":{"start":{"line":2,"column":27},"end":{"line":4,"column":3}},"line":2}},"branchMap":{},"s":{"0":3,"1":12},"f":{"0":12},"b":{},"_coverageSchema":"1a1c01bbd47fc00a2c39e90264f33305004495a9","hash":"06b19b77076dd7b802c62daf00299933da5e4b39"}
,"/Users/Shanaya/Desktop/Compilers/realhotgirlscript/ast/set-type.js": {"path":"/Users/Shanaya/Desktop/Compilers/realhotgirlscript/ast/set-type.js","statementMap":{"0":{"start":{"line":1,"column":0},"end":{"line":5,"column":2}},"1":{"start":{"line":3,"column":4},"end":{"line":3,"column":40}}},"fnMap":{"0":{"name":"(anonymous_0)","decl":{"start":{"line":2,"column":2},"end":{"line":2,"column":3}},"loc":{"start":{"line":2,"column":26},"end":{"line":4,"column":3}},"line":2}},"branchMap":{},"s":{"0":3,"1":17},"f":{"0":17},"b":{},"_coverageSchema":"1a1c01bbd47fc00a2c39e90264f33305004495a9","hash":"b93abbf15d5714bdec7d644bf6e0eda4ce6fdcf2"}
,"/Users/Shanaya/Desktop/Compilers/realhotgirlscript/ast/string-literal.js": {"path":"/Users/Shanaya/Desktop/Compilers/realhotgirlscript/ast/string-literal.js","statementMap":{"0":{"start":{"line":1,"column":0},"end":{"line":5,"column":4}},"1":{"start":{"line":3,"column":6},"end":{"line":3,"column":25}}},"fnMap":{"0":{"name":"(anonymous_0)","decl":{"start":{"line":2,"column":4},"end":{"line":2,"column":5}},"loc":{"start":{"line":2,"column":23},"end":{"line":4,"column":5}},"line":2}},"branchMap":{},"s":{"0":3,"1":255},"f":{"0":255},"b":{},"_coverageSchema":"1a1c01bbd47fc00a2c39e90264f33305004495a9","hash":"7904849c0cc8cba3eae2e935423141991344d525"}
,"/Users/Shanaya/Desktop/Compilers/realhotgirlscript/ast/string-type.js": {"path":"/Users/Shanaya/Desktop/Compilers/realhotgirlscript/ast/string-type.js","statementMap":{"0":{"start":{"line":1,"column":22},"end":{"line":1,"column":49}},"1":{"start":{"line":2,"column":0},"end":{"line":2,"column":44}}},"fnMap":{},"branchMap":{},"s":{"0":3,"1":3},"f":{},"b":{},"_coverageSchema":"1a1c01bbd47fc00a2c39e90264f33305004495a9","hash":"9a24ad3a1d119b8763fb6d04f6646f4d3244b09f"}
,"/Users/Shanaya/Desktop/Compilers/realhotgirlscript/ast/subscripted-expression.js": {"path":"/Users/Shanaya/Desktop/Compilers/realhotgirlscript/ast/subscripted-expression.js","statementMap":{"0":{"start":{"line":1,"column":0},"end":{"line":5,"column":2}},"1":{"start":{"line":3,"column":4},"end":{"line":3,"column":47}}},"fnMap":{"0":{"name":"(anonymous_0)","decl":{"start":{"line":2,"column":2},"end":{"line":2,"column":3}},"loc":{"start":{"line":2,"column":33},"end":{"line":4,"column":3}},"line":2}},"branchMap":{},"s":{"0":3,"1":6},"f":{"0":6},"b":{},"_coverageSchema":"1a1c01bbd47fc00a2c39e90264f33305004495a9","hash":"47c116cbcf50dd4489c4fe5264f4418b4823299e"}
,"/Users/Shanaya/Desktop/Compilers/realhotgirlscript/ast/switch-statement.js": {"path":"/Users/Shanaya/Desktop/Compilers/realhotgirlscript/ast/switch-statement.js","statementMap":{"0":{"start":{"line":1,"column":0},"end":{"line":5,"column":2}},"1":{"start":{"line":3,"column":4},"end":{"line":3,"column":58}}},"fnMap":{"0":{"name":"(anonymous_0)","decl":{"start":{"line":2,"column":2},"end":{"line":2,"column":3}},"loc":{"start":{"line":2,"column":44},"end":{"line":4,"column":3}},"line":2}},"branchMap":{},"s":{"0":3,"1":6},"f":{"0":6},"b":{},"_coverageSchema":"1a1c01bbd47fc00a2c39e90264f33305004495a9","hash":"bbe67b7194847bf9d657612a7369c4ff27a8b9ee"}
,"/Users/Shanaya/Desktop/Compilers/realhotgirlscript/ast/tuple-expression.js": {"path":"/Users/Shanaya/Desktop/Compilers/realhotgirlscript/ast/tuple-expression.js","statementMap":{"0":{"start":{"line":1,"column":0},"end":{"line":5,"column":2}},"1":{"start":{"line":3,"column":4},"end":{"line":3,"column":35}}},"fnMap":{"0":{"name":"(anonymous_0)","decl":{"start":{"line":2,"column":2},"end":{"line":2,"column":3}},"loc":{"start":{"line":2,"column":27},"end":{"line":4,"column":3}},"line":2}},"branchMap":{},"s":{"0":3,"1":8},"f":{"0":8},"b":{},"_coverageSchema":"1a1c01bbd47fc00a2c39e90264f33305004495a9","hash":"43989bc32a746f17ddb7c4deb2f2b6ab7bd82c69"}
,"/Users/Shanaya/Desktop/Compilers/realhotgirlscript/ast/tuple-type.js": {"path":"/Users/Shanaya/Desktop/Compilers/realhotgirlscript/ast/tuple-type.js","statementMap":{"0":{"start":{"line":1,"column":0},"end":{"line":5,"column":2}},"1":{"start":{"line":3,"column":4},"end":{"line":3,"column":41}}},"fnMap":{"0":{"name":"(anonymous_0)","decl":{"start":{"line":2,"column":2},"end":{"line":2,"column":3}},"loc":{"start":{"line":2,"column":27},"end":{"line":4,"column":3}},"line":2}},"branchMap":{},"s":{"0":3,"1":12},"f":{"0":12},"b":{},"_coverageSchema":"1a1c01bbd47fc00a2c39e90264f33305004495a9","hash":"08718f591d8bc758bae12e30ec32a8cd892f5c0b"}
,"/Users/Shanaya/Desktop/Compilers/realhotgirlscript/ast/unary-expression.js": {"path":"/Users/Shanaya/Desktop/Compilers/realhotgirlscript/ast/unary-expression.js","statementMap":{"0":{"start":{"line":1,"column":0},"end":{"line":5,"column":2}},"1":{"start":{"line":3,"column":4},"end":{"line":3,"column":39}}},"fnMap":{"0":{"name":"(anonymous_0)","decl":{"start":{"line":2,"column":2},"end":{"line":2,"column":3}},"loc":{"start":{"line":2,"column":27},"end":{"line":4,"column":3}},"line":2}},"branchMap":{},"s":{"0":3,"1":22},"f":{"0":22},"b":{},"_coverageSchema":"1a1c01bbd47fc00a2c39e90264f33305004495a9","hash":"5134c4344537a2d6e7ace38841427f120bfe6d0b"}
,"/Users/Shanaya/Desktop/Compilers/realhotgirlscript/ast/variable-declaration.js": {"path":"/Users/Shanaya/Desktop/Compilers/realhotgirlscript/ast/variable-declaration.js","statementMap":{"0":{"start":{"line":1,"column":0},"end":{"line":5,"column":2}},"1":{"start":{"line":3,"column":4},"end":{"line":3,"column":62}}},"fnMap":{"0":{"name":"(anonymous_0)","decl":{"start":{"line":2,"column":2},"end":{"line":2,"column":3}},"loc":{"start":{"line":2,"column":48},"end":{"line":4,"column":3}},"line":2}},"branchMap":{},"s":{"0":3,"1":165},"f":{"0":165},"b":{},"_coverageSchema":"1a1c01bbd47fc00a2c39e90264f33305004495a9","hash":"7c1af781ef24b79ac668bfe359f9f9e0d81d81d9"}
,"/Users/Shanaya/Desktop/Compilers/realhotgirlscript/ast/variable-expression.js": {"path":"/Users/Shanaya/Desktop/Compilers/realhotgirlscript/ast/variable-expression.js","statementMap":{"0":{"start":{"line":1,"column":0},"end":{"line":5,"column":2}},"1":{"start":{"line":3,"column":4},"end":{"line":3,"column":17}}},"fnMap":{"0":{"name":"(anonymous_0)","decl":{"start":{"line":2,"column":2},"end":{"line":2,"column":3}},"loc":{"start":{"line":2,"column":18},"end":{"line":4,"column":3}},"line":2}},"branchMap":{},"s":{"0":1,"1":0},"f":{"0":0},"b":{},"_coverageSchema":"1a1c01bbd47fc00a2c39e90264f33305004495a9","hash":"2002b99e3349388843aefc24521a3cc7fe32c271"}
,"/Users/Shanaya/Desktop/Compilers/realhotgirlscript/ast/variable.js": {"path":"/Users/Shanaya/Desktop/Compilers/realhotgirlscript/ast/variable.js","statementMap":{"0":{"start":{"line":1,"column":0},"end":{"line":5,"column":2}},"1":{"start":{"line":3,"column":4},"end":{"line":3,"column":48}}},"fnMap":{"0":{"name":"(anonymous_0)","decl":{"start":{"line":2,"column":2},"end":{"line":2,"column":3}},"loc":{"start":{"line":2,"column":34},"end":{"line":4,"column":3}},"line":2}},"branchMap":{},"s":{"0":2,"1":93},"f":{"0":93},"b":{},"_coverageSchema":"1a1c01bbd47fc00a2c39e90264f33305004495a9","hash":"39ff5c8669c1c4e211a7cea09855203559f8f425"}
,"/Users/Shanaya/Desktop/Compilers/realhotgirlscript/ast/while-statement.js": {"path":"/Users/Shanaya/Desktop/Compilers/realhotgirlscript/ast/while-statement.js","statementMap":{"0":{"start":{"line":1,"column":0},"end":{"line":5,"column":2}},"1":{"start":{"line":3,"column":4},"end":{"line":3,"column":46}}},"fnMap":{"0":{"name":"(anonymous_0)","decl":{"start":{"line":2,"column":2},"end":{"line":2,"column":3}},"loc":{"start":{"line":2,"column":32},"end":{"line":4,"column":3}},"line":2}},"branchMap":{},"s":{"0":3,"1":9},"f":{"0":9},"b":{},"_coverageSchema":"1a1c01bbd47fc00a2c39e90264f33305004495a9","hash":"627dd57a3bdfd051617a5349ef951346763027df"}
,"/Users/Shanaya/Desktop/Compilers/realhotgirlscript/backend/javascript-generator.js": {"path":"/Users/Shanaya/Desktop/Compilers/realhotgirlscript/backend/javascript-generator.js","statementMap":{"0":{"start":{"line":4,"column":17},"end":{"line":4,"column":37}},"1":{"start":{"line":5,"column":13},"end":{"line":5,"column":28}},"2":{"start":{"line":7,"column":17},"end":{"line":7,"column":43}},"3":{"start":{"line":8,"column":24},"end":{"line":8,"column":58}},"4":{"start":{"line":9,"column":28},"end":{"line":9,"column":66}},"5":{"start":{"line":10,"column":14},"end":{"line":10,"column":37}},"6":{"start":{"line":11,"column":23},"end":{"line":11,"column":56}},"7":{"start":{"line":12,"column":25},"end":{"line":12,"column":60}},"8":{"start":{"line":13,"column":23},"end":{"line":13,"column":56}},"9":{"start":{"line":14,"column":13},"end":{"line":14,"column":35}},"10":{"start":{"line":15,"column":13},"end":{"line":15,"column":35}},"11":{"start":{"line":16,"column":25},"end":{"line":16,"column":60}},"12":{"start":{"line":17,"column":42},"end":{"line":17,"column":64}},"13":{"start":{"line":18,"column":26},"end":{"line":18,"column":62}},"14":{"start":{"line":19,"column":20},"end":{"line":19,"column":50}},"15":{"start":{"line":20,"column":23},"end":{"line":20,"column":56}},"16":{"start":{"line":21,"column":28},"end":{"line":21,"column":66}},"17":{"start":{"line":22,"column":30},"end":{"line":22,"column":70}},"18":{"start":{"line":23,"column":29},"end":{"line":23,"column":68}},"19":{"start":{"line":24,"column":15},"end":{"line":24,"column":40}},"20":{"start":{"line":25,"column":20},"end":{"line":25,"column":50}},"21":{"start":{"line":26,"column":27},"end":{"line":26,"column":64}},"22":{"start":{"line":27,"column":25},"end":{"line":27,"column":60}},"23":{"start":{"line":28,"column":23},"end":{"line":28,"column":56}},"24":{"start":{"line":29,"column":18},"end":{"line":29,"column":45}},"25":{"start":{"line":30,"column":22},"end":{"line":30,"column":54}},"26":{"start":{"line":31,"column":23},"end":{"line":31,"column":56}},"27":{"start":{"line":32,"column":16},"end":{"line":32,"column":41}},"28":{"start":{"line":33,"column":24},"end":{"line":33,"column":58}},"29":{"start":{"line":34,"column":22},"end":{"line":34,"column":54}},"30":{"start":{"line":35,"column":22},"end":{"line":35,"column":54}},"31":{"start":{"line":36,"column":30},"end":{"line":36,"column":70}},"32":{"start":{"line":37,"column":24},"end":{"line":37,"column":58}},"33":{"start":{"line":38,"column":22},"end":{"line":38,"column":54}},"34":{"start":{"line":39,"column":24},"end":{"line":39,"column":58}},"35":{"start":{"line":40,"column":24},"end":{"line":40,"column":58}},"36":{"start":{"line":41,"column":28},"end":{"line":41,"column":66}},"37":{"start":{"line":42,"column":27},"end":{"line":42,"column":64}},"38":{"start":{"line":43,"column":17},"end":{"line":43,"column":43}},"39":{"start":{"line":44,"column":23},"end":{"line":44,"column":56}},"40":{"start":{"line":47,"column":2},"end":{"line":66,"column":4}},"41":{"start":{"line":69,"column":16},"end":{"line":85,"column":1}},"42":{"start":{"line":71,"column":4},"end":{"line":71,"column":35}},"43":{"start":{"line":74,"column":4},"end":{"line":74,"column":27}},"44":{"start":{"line":77,"column":4},"end":{"line":77,"column":38}},"45":{"start":{"line":80,"column":4},"end":{"line":80,"column":30}},"46":{"start":{"line":83,"column":4},"end":{"line":83,"column":31}},"47":{"start":{"line":87,"column":15},"end":{"line":96,"column":4}},"48":{"start":{"line":88,"column":15},"end":{"line":88,"column":16}},"49":{"start":{"line":89,"column":14},"end":{"line":89,"column":23}},"50":{"start":{"line":90,"column":2},"end":{"line":95,"column":4}},"51":{"start":{"line":91,"column":4},"end":{"line":93,"column":5}},"52":{"start":{"line":92,"column":6},"end":{"line":92,"column":27}},"53":{"start":{"line":94,"column":4},"end":{"line":94,"column":32}},"54":{"start":{"line":99,"column":2},"end":{"line":99,"column":48}},"55":{"start":{"line":99,"column":24},"end":{"line":99,"column":37}},"56":{"start":{"line":102,"column":0},"end":{"line":104,"column":2}},"57":{"start":{"line":103,"column":2},"end":{"line":103,"column":67}},"58":{"start":{"line":106,"column":0},"end":{"line":108,"column":2}},"59":{"start":{"line":107,"column":2},"end":{"line":107,"column":31}},"60":{"start":{"line":110,"column":0},"end":{"line":113,"column":2}},"61":{"start":{"line":111,"column":20},"end":{"line":111,"column":74}},"62":{"start":{"line":111,"column":56},"end":{"line":111,"column":73}},"63":{"start":{"line":112,"column":2},"end":{"line":112,"column":36}},"64":{"start":{"line":115,"column":0},"end":{"line":122,"column":2}},"65":{"start":{"line":116,"column":23},"end":{"line":116,"column":25}},"66":{"start":{"line":117,"column":18},"end":{"line":117,"column":47}},"67":{"start":{"line":117,"column":39},"end":{"line":117,"column":46}},"68":{"start":{"line":118,"column":2},"end":{"line":120,"column":3}},"69":{"start":{"line":118,"column":15},"end":{"line":118,"column":16}},"70":{"start":{"line":119,"column":4},"end":{"line":119,"column":65}},"71":{"start":{"line":121,"column":2},"end":{"line":121,"column":38}},"72":{"start":{"line":124,"column":0},"end":{"line":126,"column":2}},"73":{"start":{"line":125,"column":2},"end":{"line":125,"column":71}},"74":{"start":{"line":128,"column":0},"end":{"line":137,"column":2}},"75":{"start":{"line":129,"column":2},"end":{"line":136,"column":3}},"76":{"start":{"line":130,"column":4},"end":{"line":135,"column":5}},"77":{"start":{"line":131,"column":25},"end":{"line":131,"column":58}},"78":{"start":{"line":131,"column":50},"end":{"line":131,"column":57}},"79":{"start":{"line":132,"column":6},"end":{"line":134,"column":7}},"80":{"start":{"line":133,"column":8},"end":{"line":133,"column":42}},"81":{"start":{"line":139,"column":0},"end":{"line":144,"column":2}},"82":{"start":{"line":140,"column":2},"end":{"line":142,"column":3}},"83":{"start":{"line":141,"column":4},"end":{"line":141,"column":18}},"84":{"start":{"line":143,"column":2},"end":{"line":143,"column":17}},"85":{"start":{"line":146,"column":0},"end":{"line":148,"column":2}},"86":{"start":{"line":147,"column":2},"end":{"line":147,"column":17}},"87":{"start":{"line":150,"column":0},"end":{"line":156,"column":2}},"88":{"start":{"line":151,"column":15},"end":{"line":151,"column":42}},"89":{"start":{"line":151,"column":34},"end":{"line":151,"column":41}},"90":{"start":{"line":152,"column":2},"end":{"line":154,"column":3}},"91":{"start":{"line":153,"column":4},"end":{"line":153,"column":37}},"92":{"start":{"line":155,"column":2},"end":{"line":155,"column":52}},"93":{"start":{"line":158,"column":0},"end":{"line":160,"column":2}},"94":{"start":{"line":159,"column":2},"end":{"line":159,"column":25}},"95":{"start":{"line":162,"column":0},"end":{"line":166,"column":2}},"96":{"start":{"line":163,"column":14},"end":{"line":163,"column":35}},"97":{"start":{"line":164,"column":15},"end":{"line":164,"column":30}},"98":{"start":{"line":165,"column":2},"end":{"line":165,"column":32}},"99":{"start":{"line":168,"column":0},"end":{"line":176,"column":2}},"100":{"start":{"line":169,"column":14},"end":{"line":169,"column":16}},"101":{"start":{"line":170,"column":2},"end":{"line":173,"column":3}},"102":{"start":{"line":171,"column":4},"end":{"line":171,"column":55}},"103":{"start":{"line":172,"column":4},"end":{"line":172,"column":42}},"104":{"start":{"line":172,"column":33},"end":{"line":172,"column":40}},"105":{"start":{"line":174,"column":14},"end":{"line":174,"column":51}},"106":{"start":{"line":175,"column":2},"end":{"line":175,"column":39}},"107":{"start":{"line":178,"column":0},"end":{"line":185,"column":2}},"108":{"start":{"line":179,"column":12},"end":{"line":179,"column":31}},"109":{"start":{"line":180,"column":14},"end":{"line":180,"column":39}},"110":{"start":{"line":181,"column":15},"end":{"line":181,"column":91}},"111":{"start":{"line":182,"column":22},"end":{"line":182,"column":95}},"112":{"start":{"line":183,"column":15},"end":{"line":183,"column":30}},"113":{"start":{"line":184,"column":2},"end":{"line":184,"column":36}},"114":{"start":{"line":187,"column":0},"end":{"line":189,"column":2}},"115":{"start":{"line":188,"column":2},"end":{"line":188,"column":20}},"116":{"start":{"line":191,"column":0},"end":{"line":193,"column":2}},"117":{"start":{"line":192,"column":2},"end":{"line":192,"column":39}},"118":{"start":{"line":195,"column":0},"end":{"line":202,"column":2}},"119":{"start":{"line":196,"column":29},"end":{"line":196,"column":31}},"120":{"start":{"line":197,"column":20},"end":{"line":197,"column":56}},"121":{"start":{"line":197,"column":47},"end":{"line":197,"column":55}},"122":{"start":{"line":198,"column":2},"end":{"line":200,"column":3}},"123":{"start":{"line":198,"column":15},"end":{"line":198,"column":16}},"124":{"start":{"line":199,"column":4},"end":{"line":199,"column":42}},"125":{"start":{"line":201,"column":2},"end":{"line":201,"column":48}},"126":{"start":{"line":204,"column":0},"end":{"line":213,"column":2}},"127":{"start":{"line":205,"column":15},"end":{"line":205,"column":30}},"128":{"start":{"line":206,"column":22},"end":{"line":206,"column":25}},"129":{"start":{"line":207,"column":2},"end":{"line":209,"column":3}},"130":{"start":{"line":208,"column":4},"end":{"line":208,"column":30}},"131":{"start":{"line":210,"column":17},"end":{"line":210,"column":46}},"132":{"start":{"line":210,"column":38},"end":{"line":210,"column":45}},"133":{"start":{"line":211,"column":15},"end":{"line":211,"column":30}},"134":{"start":{"line":212,"column":2},"end":{"line":212,"column":76}},"135":{"start":{"line":215,"column":0},"end":{"line":217,"column":2}},"136":{"start":{"line":219,"column":0},"end":{"line":221,"column":2}},"137":{"start":{"line":223,"column":0},"end":{"line":234,"column":2}},"138":{"start":{"line":224,"column":2},"end":{"line":232,"column":3}},"139":{"start":{"line":225,"column":4},"end":{"line":231,"column":5}},"140":{"start":{"line":226,"column":6},"end":{"line":230,"column":7}},"141":{"start":{"line":227,"column":8},"end":{"line":227,"column":38}},"142":{"start":{"line":229,"column":8},"end":{"line":229,"column":35}},"143":{"start":{"line":233,"column":2},"end":{"line":233,"column":25}},"144":{"start":{"line":236,"column":0},"end":{"line":243,"column":2}},"145":{"start":{"line":237,"column":16},"end":{"line":240,"column":4}},"146":{"start":{"line":238,"column":19},"end":{"line":238,"column":51}},"147":{"start":{"line":239,"column":4},"end":{"line":239,"column":71}},"148":{"start":{"line":241,"column":20},"end":{"line":241,"column":73}},"149":{"start":{"line":242,"column":2},"end":{"line":242,"column":42}},"150":{"start":{"line":245,"column":0},"end":{"line":247,"column":2}},"151":{"start":{"line":246,"column":2},"end":{"line":246,"column":50}},"152":{"start":{"line":249,"column":0},"end":{"line":251,"column":2}},"153":{"start":{"line":250,"column":2},"end":{"line":250,"column":55}},"154":{"start":{"line":253,"column":0},"end":{"line":255,"column":2}},"155":{"start":{"line":254,"column":2},"end":{"line":254,"column":25}},"156":{"start":{"line":257,"column":0},"end":{"line":259,"column":2}},"157":{"start":{"line":258,"column":2},"end":{"line":258,"column":25}},"158":{"start":{"line":261,"column":0},"end":{"line":263,"column":2}},"159":{"start":{"line":262,"column":2},"end":{"line":262,"column":49}},"160":{"start":{"line":265,"column":0},"end":{"line":265,"column":40}},"161":{"start":{"line":267,"column":0},"end":{"line":269,"column":2}},"162":{"start":{"line":268,"column":2},"end":{"line":268,"column":43}},"163":{"start":{"line":271,"column":0},"end":{"line":274,"column":2}},"164":{"start":{"line":272,"column":20},"end":{"line":272,"column":72}},"165":{"start":{"line":272,"column":55},"end":{"line":272,"column":71}},"166":{"start":{"line":273,"column":2},"end":{"line":273,"column":35}},"167":{"start":{"line":276,"column":0},"end":{"line":278,"column":2}},"168":{"start":{"line":277,"column":2},"end":{"line":277,"column":25}},"169":{"start":{"line":280,"column":0},"end":{"line":290,"column":2}},"170":{"start":{"line":281,"column":14},"end":{"line":281,"column":80}},"171":{"start":{"line":282,"column":14},"end":{"line":282,"column":80}},"172":{"start":{"line":283,"column":20},"end":{"line":283,"column":85}},"173":{"start":{"line":284,"column":22},"end":{"line":284,"column":62}},"174":{"start":{"line":285,"column":13},"end":{"line":285,"column":15}},"175":{"start":{"line":286,"column":2},"end":{"line":288,"column":3}},"176":{"start":{"line":287,"column":4},"end":{"line":287,"column":27}},"177":{"start":{"line":289,"column":2},"end":{"line":289,"column":49}},"178":{"start":{"line":292,"column":0},"end":{"line":296,"column":2}},"179":{"start":{"line":293,"column":15},"end":{"line":293,"column":32}},"180":{"start":{"line":294,"column":20},"end":{"line":294,"column":40}},"181":{"start":{"line":295,"column":2},"end":{"line":295,"column":33}},"182":{"start":{"line":298,"column":0},"end":{"line":305,"column":2}},"183":{"start":{"line":299,"column":17},"end":{"line":299,"column":19}},"184":{"start":{"line":300,"column":2},"end":{"line":302,"column":5}},"185":{"start":{"line":301,"column":4},"end":{"line":301,"column":24}},"186":{"start":{"line":303,"column":20},"end":{"line":303,"column":40}},"187":{"start":{"line":304,"column":2},"end":{"line":304,"column":71}},"188":{"start":{"line":307,"column":0},"end":{"line":310,"column":2}},"189":{"start":{"line":308,"column":20},"end":{"line":308,"column":74}},"190":{"start":{"line":308,"column":56},"end":{"line":308,"column":73}},"191":{"start":{"line":309,"column":2},"end":{"line":309,"column":36}},"192":{"start":{"line":312,"column":0},"end":{"line":314,"column":2}},"193":{"start":{"line":313,"column":2},"end":{"line":313,"column":54}},"194":{"start":{"line":316,"column":0},"end":{"line":318,"column":2}},"195":{"start":{"line":320,"column":0},"end":{"line":339,"column":2}},"196":{"start":{"line":321,"column":23},"end":{"line":321,"column":25}},"197":{"start":{"line":323,"column":22},"end":{"line":323,"column":56}},"198":{"start":{"line":323,"column":48},"end":{"line":323,"column":55}},"199":{"start":{"line":324,"column":2},"end":{"line":334,"column":3}},"200":{"start":{"line":324,"column":15},"end":{"line":324,"column":16}},"201":{"start":{"line":325,"column":4},"end":{"line":333,"column":5}},"202":{"start":{"line":326,"column":6},"end":{"line":330,"column":7}},"203":{"start":{"line":327,"column":8},"end":{"line":327,"column":75}},"204":{"start":{"line":329,"column":8},"end":{"line":329,"column":79}},"205":{"start":{"line":332,"column":6},"end":{"line":332,"column":73}},"206":{"start":{"line":335,"column":2},"end":{"line":337,"column":3}},"207":{"start":{"line":336,"column":4},"end":{"line":336,"column":46}},"208":{"start":{"line":338,"column":2},"end":{"line":338,"column":42}},"209":{"start":{"line":341,"column":0},"end":{"line":343,"column":2}},"210":{"start":{"line":345,"column":0},"end":{"line":353,"column":2}},"211":{"start":{"line":346,"column":2},"end":{"line":346,"column":50}},"212":{"start":{"line":347,"column":2},"end":{"line":351,"column":3}},"213":{"start":{"line":348,"column":4},"end":{"line":348,"column":32}},"214":{"start":{"line":350,"column":4},"end":{"line":350,"column":19}},"215":{"start":{"line":352,"column":2},"end":{"line":352,"column":61}}},"fnMap":{"0":{"name":"makeOp","decl":{"start":{"line":46,"column":9},"end":{"line":46,"column":15}},"loc":{"start":{"line":46,"column":20},"end":{"line":67,"column":1}},"line":46},"1":{"name":"(anonymous_1)","decl":{"start":{"line":70,"column":2},"end":{"line":70,"column":3}},"loc":{"start":{"line":70,"column":15},"end":{"line":72,"column":3}},"line":70},"2":{"name":"(anonymous_2)","decl":{"start":{"line":73,"column":2},"end":{"line":73,"column":3}},"loc":{"start":{"line":73,"column":16},"end":{"line":75,"column":3}},"line":73},"3":{"name":"(anonymous_3)","decl":{"start":{"line":76,"column":2},"end":{"line":76,"column":3}},"loc":{"start":{"line":76,"column":24},"end":{"line":78,"column":3}},"line":76},"4":{"name":"(anonymous_4)","decl":{"start":{"line":79,"column":2},"end":{"line":79,"column":3}},"loc":{"start":{"line":79,"column":16},"end":{"line":81,"column":3}},"line":79},"5":{"name":"(anonymous_5)","decl":{"start":{"line":82,"column":2},"end":{"line":82,"column":3}},"loc":{"start":{"line":82,"column":16},"end":{"line":84,"column":3}},"line":82},"6":{"name":"(anonymous_6)","decl":{"start":{"line":87,"column":16},"end":{"line":87,"column":17}},"loc":{"start":{"line":87,"column":22},"end":{"line":96,"column":1}},"line":87},"7":{"name":"(anonymous_7)","decl":{"start":{"line":90,"column":9},"end":{"line":90,"column":10}},"loc":{"start":{"line":90,"column":14},"end":{"line":95,"column":3}},"line":90},"8":{"name":"generateBlock","decl":{"start":{"line":98,"column":9},"end":{"line":98,"column":22}},"loc":{"start":{"line":98,"column":30},"end":{"line":100,"column":1}},"line":98},"9":{"name":"(anonymous_9)","decl":{"start":{"line":99,"column":19},"end":{"line":99,"column":20}},"loc":{"start":{"line":99,"column":24},"end":{"line":99,"column":37}},"line":99},"10":{"name":"(anonymous_10)","decl":{"start":{"line":102,"column":17},"end":{"line":102,"column":18}},"loc":{"start":{"line":102,"column":32},"end":{"line":104,"column":1}},"line":102},"11":{"name":"(anonymous_11)","decl":{"start":{"line":106,"column":25},"end":{"line":106,"column":26}},"loc":{"start":{"line":106,"column":37},"end":{"line":108,"column":1}},"line":106},"12":{"name":"(anonymous_12)","decl":{"start":{"line":110,"column":32},"end":{"line":110,"column":33}},"loc":{"start":{"line":110,"column":44},"end":{"line":113,"column":1}},"line":110},"13":{"name":"(anonymous_13)","decl":{"start":{"line":111,"column":41},"end":{"line":111,"column":42}},"loc":{"start":{"line":111,"column":56},"end":{"line":111,"column":73}},"line":111},"14":{"name":"(anonymous_14)","decl":{"start":{"line":115,"column":36},"end":{"line":115,"column":37}},"loc":{"start":{"line":115,"column":48},"end":{"line":122,"column":1}},"line":115},"15":{"name":"(anonymous_15)","decl":{"start":{"line":117,"column":34},"end":{"line":117,"column":35}},"loc":{"start":{"line":117,"column":39},"end":{"line":117,"column":46}},"line":117},"16":{"name":"(anonymous_16)","decl":{"start":{"line":124,"column":33},"end":{"line":124,"column":34}},"loc":{"start":{"line":124,"column":45},"end":{"line":126,"column":1}},"line":124},"17":{"name":"(anonymous_17)","decl":{"start":{"line":128,"column":22},"end":{"line":128,"column":23}},"loc":{"start":{"line":128,"column":34},"end":{"line":137,"column":1}},"line":128},"18":{"name":"(anonymous_18)","decl":{"start":{"line":131,"column":45},"end":{"line":131,"column":46}},"loc":{"start":{"line":131,"column":50},"end":{"line":131,"column":57}},"line":131},"19":{"name":"(anonymous_19)","decl":{"start":{"line":139,"column":31},"end":{"line":139,"column":32}},"loc":{"start":{"line":139,"column":43},"end":{"line":144,"column":1}},"line":139},"20":{"name":"(anonymous_20)","decl":{"start":{"line":146,"column":31},"end":{"line":146,"column":32}},"loc":{"start":{"line":146,"column":43},"end":{"line":148,"column":1}},"line":146},"21":{"name":"(anonymous_21)","decl":{"start":{"line":150,"column":21},"end":{"line":150,"column":22}},"loc":{"start":{"line":150,"column":33},"end":{"line":156,"column":1}},"line":150},"22":{"name":"(anonymous_22)","decl":{"start":{"line":151,"column":29},"end":{"line":151,"column":30}},"loc":{"start":{"line":151,"column":34},"end":{"line":151,"column":41}},"line":151},"23":{"name":"(anonymous_23)","decl":{"start":{"line":158,"column":30},"end":{"line":158,"column":31}},"loc":{"start":{"line":158,"column":42},"end":{"line":160,"column":1}},"line":158},"24":{"name":"(anonymous_24)","decl":{"start":{"line":162,"column":21},"end":{"line":162,"column":22}},"loc":{"start":{"line":162,"column":33},"end":{"line":166,"column":1}},"line":162},"25":{"name":"(anonymous_25)","decl":{"start":{"line":168,"column":33},"end":{"line":168,"column":34}},"loc":{"start":{"line":168,"column":45},"end":{"line":176,"column":1}},"line":168},"26":{"name":"(anonymous_26)","decl":{"start":{"line":172,"column":28},"end":{"line":172,"column":29}},"loc":{"start":{"line":172,"column":33},"end":{"line":172,"column":40}},"line":172},"27":{"name":"(anonymous_27)","decl":{"start":{"line":178,"column":31},"end":{"line":178,"column":32}},"loc":{"start":{"line":178,"column":43},"end":{"line":185,"column":1}},"line":178},"28":{"name":"(anonymous_28)","decl":{"start":{"line":187,"column":34},"end":{"line":187,"column":35}},"loc":{"start":{"line":187,"column":46},"end":{"line":189,"column":1}},"line":187},"29":{"name":"(anonymous_29)","decl":{"start":{"line":191,"column":28},"end":{"line":191,"column":29}},"loc":{"start":{"line":191,"column":40},"end":{"line":193,"column":1}},"line":191},"30":{"name":"(anonymous_30)","decl":{"start":{"line":195,"column":31},"end":{"line":195,"column":32}},"loc":{"start":{"line":195,"column":43},"end":{"line":202,"column":1}},"line":195},"31":{"name":"(anonymous_31)","decl":{"start":{"line":197,"column":41},"end":{"line":197,"column":42}},"loc":{"start":{"line":197,"column":47},"end":{"line":197,"column":55}},"line":197},"32":{"name":"(anonymous_32)","decl":{"start":{"line":204,"column":36},"end":{"line":204,"column":37}},"loc":{"start":{"line":204,"column":48},"end":{"line":213,"column":1}},"line":204},"33":{"name":"(anonymous_33)","decl":{"start":{"line":210,"column":33},"end":{"line":210,"column":34}},"loc":{"start":{"line":210,"column":38},"end":{"line":210,"column":45}},"line":210},"34":{"name":"(anonymous_34)","decl":{"start":{"line":215,"column":23},"end":{"line":215,"column":24}},"loc":{"start":{"line":215,"column":35},"end":{"line":217,"column":1}},"line":215},"35":{"name":"(anonymous_35)","decl":{"start":{"line":219,"column":38},"end":{"line":219,"column":39}},"loc":{"start":{"line":219,"column":50},"end":{"line":221,"column":1}},"line":219},"36":{"name":"(anonymous_36)","decl":{"start":{"line":223,"column":37},"end":{"line":223,"column":38}},"loc":{"start":{"line":223,"column":49},"end":{"line":234,"column":1}},"line":223},"37":{"name":"(anonymous_37)","decl":{"start":{"line":236,"column":28},"end":{"line":236,"column":29}},"loc":{"start":{"line":236,"column":40},"end":{"line":243,"column":1}},"line":236},"38":{"name":"(anonymous_38)","decl":{"start":{"line":237,"column":31},"end":{"line":237,"column":32}},"loc":{"start":{"line":237,"column":48},"end":{"line":240,"column":3}},"line":237},"39":{"name":"(anonymous_39)","decl":{"start":{"line":245,"column":35},"end":{"line":245,"column":36}},"loc":{"start":{"line":245,"column":47},"end":{"line":247,"column":1}},"line":245},"40":{"name":"(anonymous_40)","decl":{"start":{"line":249,"column":33},"end":{"line":249,"column":34}},"loc":{"start":{"line":249,"column":45},"end":{"line":251,"column":1}},"line":249},"41":{"name":"(anonymous_41)","decl":{"start":{"line":253,"column":31},"end":{"line":253,"column":32}},"loc":{"start":{"line":253,"column":43},"end":{"line":255,"column":1}},"line":253},"42":{"name":"(anonymous_42)","decl":{"start":{"line":257,"column":26},"end":{"line":257,"column":27}},"loc":{"start":{"line":257,"column":38},"end":{"line":259,"column":1}},"line":257},"43":{"name":"(anonymous_43)","decl":{"start":{"line":261,"column":31},"end":{"line":261,"column":32}},"loc":{"start":{"line":261,"column":43},"end":{"line":263,"column":1}},"line":261},"44":{"name":"(anonymous_44)","decl":{"start":{"line":265,"column":24},"end":{"line":265,"column":25}},"loc":{"start":{"line":265,"column":36},"end":{"line":265,"column":39}},"line":265},"45":{"name":"(anonymous_45)","decl":{"start":{"line":267,"column":32},"end":{"line":267,"column":33}},"loc":{"start":{"line":267,"column":44},"end":{"line":269,"column":1}},"line":267},"46":{"name":"(anonymous_46)","decl":{"start":{"line":271,"column":30},"end":{"line":271,"column":31}},"loc":{"start":{"line":271,"column":42},"end":{"line":274,"column":1}},"line":271},"47":{"name":"(anonymous_47)","decl":{"start":{"line":272,"column":41},"end":{"line":272,"column":42}},"loc":{"start":{"line":272,"column":55},"end":{"line":272,"column":71}},"line":272},"48":{"name":"(anonymous_48)","decl":{"start":{"line":276,"column":30},"end":{"line":276,"column":31}},"loc":{"start":{"line":276,"column":42},"end":{"line":278,"column":1}},"line":276},"49":{"name":"(anonymous_49)","decl":{"start":{"line":280,"column":30},"end":{"line":280,"column":31}},"loc":{"start":{"line":280,"column":42},"end":{"line":290,"column":1}},"line":280},"50":{"name":"(anonymous_50)","decl":{"start":{"line":292,"column":38},"end":{"line":292,"column":39}},"loc":{"start":{"line":292,"column":50},"end":{"line":296,"column":1}},"line":292},"51":{"name":"(anonymous_51)","decl":{"start":{"line":298,"column":32},"end":{"line":298,"column":33}},"loc":{"start":{"line":298,"column":44},"end":{"line":305,"column":1}},"line":298},"52":{"name":"(anonymous_52)","decl":{"start":{"line":300,"column":21},"end":{"line":300,"column":22}},"loc":{"start":{"line":300,"column":26},"end":{"line":302,"column":3}},"line":300},"53":{"name":"(anonymous_53)","decl":{"start":{"line":307,"column":32},"end":{"line":307,"column":33}},"loc":{"start":{"line":307,"column":44},"end":{"line":310,"column":1}},"line":307},"54":{"name":"(anonymous_54)","decl":{"start":{"line":308,"column":41},"end":{"line":308,"column":42}},"loc":{"start":{"line":308,"column":56},"end":{"line":308,"column":73}},"line":308},"55":{"name":"(anonymous_55)","decl":{"start":{"line":312,"column":32},"end":{"line":312,"column":33}},"loc":{"start":{"line":312,"column":44},"end":{"line":314,"column":1}},"line":312},"56":{"name":"(anonymous_56)","decl":{"start":{"line":316,"column":25},"end":{"line":316,"column":26}},"loc":{"start":{"line":316,"column":37},"end":{"line":318,"column":1}},"line":316},"57":{"name":"(anonymous_57)","decl":{"start":{"line":320,"column":36},"end":{"line":320,"column":37}},"loc":{"start":{"line":320,"column":48},"end":{"line":339,"column":1}},"line":320},"58":{"name":"(anonymous_58)","decl":{"start":{"line":323,"column":43},"end":{"line":323,"column":44}},"loc":{"start":{"line":323,"column":48},"end":{"line":323,"column":55}},"line":323},"59":{"name":"(anonymous_59)","decl":{"start":{"line":341,"column":35},"end":{"line":341,"column":36}},"loc":{"start":{"line":341,"column":47},"end":{"line":343,"column":1}},"line":341},"60":{"name":"(anonymous_60)","decl":{"start":{"line":345,"column":31},"end":{"line":345,"column":32}},"loc":{"start":{"line":345,"column":43},"end":{"line":353,"column":1}},"line":345}},"branchMap":{"0":{"loc":{"start":{"line":48,"column":4},"end":{"line":65,"column":15}},"type":"binary-expr","locations":[{"start":{"line":48,"column":4},"end":{"line":65,"column":9}},{"start":{"line":65,"column":13},"end":{"line":65,"column":15}}],"line":48},"1":{"loc":{"start":{"line":91,"column":4},"end":{"line":93,"column":5}},"type":"if","locations":[{"start":{"line":91,"column":4},"end":{"line":93,"column":5}},{"start":{"line":91,"column":4},"end":{"line":93,"column":5}}],"line":91},"2":{"loc":{"start":{"line":129,"column":2},"end":{"line":136,"column":3}},"type":"if","locations":[{"start":{"line":129,"column":2},"end":{"line":136,"column":3}},{"start":{"line":129,"column":2},"end":{"line":136,"column":3}}],"line":129},"3":{"loc":{"start":{"line":130,"column":4},"end":{"line":135,"column":5}},"type":"if","locations":[{"start":{"line":130,"column":4},"end":{"line":135,"column":5}},{"start":{"line":130,"column":4},"end":{"line":135,"column":5}}],"line":130},"4":{"loc":{"start":{"line":132,"column":6},"end":{"line":134,"column":7}},"type":"if","locations":[{"start":{"line":132,"column":6},"end":{"line":134,"column":7}},{"start":{"line":132,"column":6},"end":{"line":134,"column":7}}],"line":132},"5":{"loc":{"start":{"line":140,"column":2},"end":{"line":142,"column":3}},"type":"if","locations":[{"start":{"line":140,"column":2},"end":{"line":142,"column":3}},{"start":{"line":140,"column":2},"end":{"line":142,"column":3}}],"line":140},"6":{"loc":{"start":{"line":152,"column":2},"end":{"line":154,"column":3}},"type":"if","locations":[{"start":{"line":152,"column":2},"end":{"line":154,"column":3}},{"start":{"line":152,"column":2},"end":{"line":154,"column":3}}],"line":152},"7":{"loc":{"start":{"line":170,"column":2},"end":{"line":173,"column":3}},"type":"if","locations":[{"start":{"line":170,"column":2},"end":{"line":173,"column":3}},{"start":{"line":170,"column":2},"end":{"line":173,"column":3}}],"line":170},"8":{"loc":{"start":{"line":207,"column":2},"end":{"line":209,"column":3}},"type":"if","locations":[{"start":{"line":207,"column":2},"end":{"line":209,"column":3}},{"start":{"line":207,"column":2},"end":{"line":209,"column":3}}],"line":207},"9":{"loc":{"start":{"line":224,"column":2},"end":{"line":232,"column":3}},"type":"if","locations":[{"start":{"line":224,"column":2},"end":{"line":232,"column":3}},{"start":{"line":224,"column":2},"end":{"line":232,"column":3}}],"line":224},"10":{"loc":{"start":{"line":225,"column":4},"end":{"line":231,"column":5}},"type":"if","locations":[{"start":{"line":225,"column":4},"end":{"line":231,"column":5}},{"start":{"line":225,"column":4},"end":{"line":231,"column":5}}],"line":225},"11":{"loc":{"start":{"line":226,"column":6},"end":{"line":230,"column":7}},"type":"if","locations":[{"start":{"line":226,"column":6},"end":{"line":230,"column":7}},{"start":{"line":226,"column":6},"end":{"line":230,"column":7}}],"line":226},"12":{"loc":{"start":{"line":238,"column":19},"end":{"line":238,"column":51}},"type":"cond-expr","locations":[{"start":{"line":238,"column":33},"end":{"line":238,"column":37}},{"start":{"line":238,"column":40},"end":{"line":238,"column":51}}],"line":238},"13":{"loc":{"start":{"line":241,"column":20},"end":{"line":241,"column":73}},"type":"cond-expr","locations":[{"start":{"line":241,"column":37},"end":{"line":241,"column":68}},{"start":{"line":241,"column":71},"end":{"line":241,"column":73}}],"line":241},"14":{"loc":{"start":{"line":286,"column":2},"end":{"line":288,"column":3}},"type":"if","locations":[{"start":{"line":286,"column":2},"end":{"line":288,"column":3}},{"start":{"line":286,"column":2},"end":{"line":288,"column":3}}],"line":286},"15":{"loc":{"start":{"line":325,"column":4},"end":{"line":333,"column":5}},"type":"if","locations":[{"start":{"line":325,"column":4},"end":{"line":333,"column":5}},{"start":{"line":325,"column":4},"end":{"line":333,"column":5}}],"line":325},"16":{"loc":{"start":{"line":326,"column":6},"end":{"line":330,"column":7}},"type":"if","locations":[{"start":{"line":326,"column":6},"end":{"line":330,"column":7}},{"start":{"line":326,"column":6},"end":{"line":330,"column":7}}],"line":326},"17":{"loc":{"start":{"line":335,"column":2},"end":{"line":337,"column":3}},"type":"if","locations":[{"start":{"line":335,"column":2},"end":{"line":337,"column":3}},{"start":{"line":335,"column":2},"end":{"line":337,"column":3}}],"line":335},"18":{"loc":{"start":{"line":347,"column":2},"end":{"line":351,"column":3}},"type":"if","locations":[{"start":{"line":347,"column":2},"end":{"line":351,"column":3}},{"start":{"line":347,"column":2},"end":{"line":351,"column":3}}],"line":347}},"s":{"0":1,"1":1,"2":1,"3":1,"4":1,"5":1,"6":1,"7":1,"8":1,"9":1,"10":1,"11":1,"12":1,"13":1,"14":1,"15":1,"16":1,"17":1,"18":1,"19":1,"20":1,"21":1,"22":1,"23":1,"24":1,"25":1,"26":1,"27":1,"28":1,"29":1,"30":1,"31":1,"32":1,"33":1,"34":1,"35":1,"36":1,"37":1,"38":1,"39":1,"40":20,"41":1,"42":1,"43":1,"44":1,"45":1,"46":1,"47":1,"48":1,"49":1,"50":1,"51":45,"52":27,"53":45,"54":24,"55":44,"56":1,"57":24,"58":1,"59":8,"60":1,"61":1,"62":3,"63":1,"64":1,"65":4,"66":4,"67":4,"68":4,"69":4,"70":4,"71":4,"72":1,"73":16,"74":1,"75":13,"76":13,"77":13,"78":17,"79":13,"80":13,"81":1,"82":7,"83":5,"84":2,"85":1,"86":3,"87":1,"88":8,"89":8,"90":8,"91":5,"92":3,"93":1,"94":3,"95":1,"96":2,"97":2,"98":2,"99":1,"100":1,"101":1,"102":1,"103":1,"104":1,"105":1,"106":1,"107":1,"108":1,"109":1,"110":1,"111":1,"112":1,"113":1,"114":1,"115":1,"116":1,"117":1,"118":1,"119":1,"120":1,"121":2,"122":1,"123":1,"124":2,"125":1,"126":1,"127":2,"128":2,"129":2,"130":1,"131":2,"132":1,"133":2,"134":2,"135":1,"136":1,"137":1,"138":12,"139":11,"140":9,"141":8,"142":1,"143":3,"144":1,"145":2,"146":3,"147":3,"148":2,"149":2,"150":1,"151":2,"152":1,"153":1,"154":1,"155":50,"156":1,"157":2,"158":1,"159":7,"160":1,"161":1,"162":1,"163":1,"164":1,"165":3,"166":1,"167":1,"168":17,"169":1,"170":1,"171":1,"172":1,"173":1,"174":1,"175":1,"176":1,"177":1,"178":1,"179":1,"180":1,"181":1,"182":1,"183":1,"184":1,"185":2,"186":1,"187":1,"188":1,"189":1,"190":3,"191":1,"192":1,"193":4,"194":1,"195":1,"196":20,"197":20,"198":20,"199":20,"200":20,"201":20,"202":5,"203":4,"204":1,"205":15,"206":20,"207":1,"208":19,"209":1,"210":1,"211":2,"212":2,"213":1,"214":1,"215":2},"f":{"0":20,"1":1,"2":1,"3":1,"4":1,"5":1,"6":1,"7":45,"8":24,"9":44,"10":24,"11":8,"12":1,"13":3,"14":4,"15":4,"16":16,"17":13,"18":17,"19":7,"20":3,"21":8,"22":8,"23":3,"24":2,"25":1,"26":1,"27":1,"28":1,"29":1,"30":1,"31":2,"32":2,"33":1,"34":0,"35":0,"36":12,"37":2,"38":3,"39":2,"40":1,"41":50,"42":2,"43":7,"44":0,"45":1,"46":1,"47":3,"48":17,"49":1,"50":1,"51":1,"52":2,"53":1,"54":3,"55":4,"56":0,"57":20,"58":20,"59":0,"60":2},"b":{"0":[20,0],"1":[27,18],"2":[13,0],"3":[13,0],"4":[13,0],"5":[5,2],"6":[5,3],"7":[1,0],"8":[1,1],"9":[11,1],"10":[9,2],"11":[8,1],"12":[2,1],"13":[1,1],"14":[1,0],"15":[5,15],"16":[4,1],"17":[1,19],"18":[1,1]},"_coverageSchema":"1a1c01bbd47fc00a2c39e90264f33305004495a9","hash":"526eefef5270fcf605ac8922a0404fe8dc02cfd7"}
,"/Users/Shanaya/Desktop/Compilers/realhotgirlscript/semantics/analyzer.js": {"path":"/Users/Shanaya/Desktop/Compilers/realhotgirlscript/semantics/analyzer.js","statementMap":{"0":{"start":{"line":1,"column":17},"end":{"line":1,"column":43}},"1":{"start":{"line":2,"column":24},"end":{"line":2,"column":58}},"2":{"start":{"line":3,"column":18},"end":{"line":3,"column":46}},"3":{"start":{"line":4,"column":28},"end":{"line":4,"column":66}},"4":{"start":{"line":5,"column":14},"end":{"line":5,"column":37}},"5":{"start":{"line":6,"column":23},"end":{"line":6,"column":56}},"6":{"start":{"line":7,"column":25},"end":{"line":7,"column":60}},"7":{"start":{"line":8,"column":23},"end":{"line":8,"column":56}},"8":{"start":{"line":9,"column":13},"end":{"line":9,"column":35}},"9":{"start":{"line":10,"column":13},"end":{"line":10,"column":35}},"10":{"start":{"line":11,"column":25},"end":{"line":11,"column":60}},"11":{"start":{"line":12,"column":42},"end":{"line":12,"column":64}},"12":{"start":{"line":13,"column":26},"end":{"line":13,"column":62}},"13":{"start":{"line":14,"column":20},"end":{"line":14,"column":50}},"14":{"start":{"line":15,"column":23},"end":{"line":15,"column":56}},"15":{"start":{"line":16,"column":17},"end":{"line":16,"column":44}},"16":{"start":{"line":17,"column":28},"end":{"line":17,"column":66}},"17":{"start":{"line":18,"column":30},"end":{"line":18,"column":70}},"18":{"start":{"line":19,"column":29},"end":{"line":19,"column":68}},"19":{"start":{"line":20,"column":15},"end":{"line":20,"column":40}},"20":{"start":{"line":21,"column":20},"end":{"line":21,"column":50}},"21":{"start":{"line":22,"column":27},"end":{"line":22,"column":64}},"22":{"start":{"line":23,"column":25},"end":{"line":23,"column":60}},"23":{"start":{"line":24,"column":20},"end":{"line":24,"column":50}},"24":{"start":{"line":25,"column":23},"end":{"line":25,"column":56}},"25":{"start":{"line":26,"column":18},"end":{"line":26,"column":45}},"26":{"start":{"line":27,"column":23},"end":{"line":27,"column":56}},"27":{"start":{"line":28,"column":16},"end":{"line":28,"column":41}},"28":{"start":{"line":29,"column":24},"end":{"line":29,"column":58}},"29":{"start":{"line":30,"column":22},"end":{"line":30,"column":54}},"30":{"start":{"line":31,"column":16},"end":{"line":31,"column":42}},"31":{"start":{"line":32,"column":22},"end":{"line":32,"column":54}},"32":{"start":{"line":33,"column":30},"end":{"line":33,"column":70}},"33":{"start":{"line":34,"column":24},"end":{"line":34,"column":58}},"34":{"start":{"line":35,"column":22},"end":{"line":35,"column":54}},"35":{"start":{"line":36,"column":18},"end":{"line":36,"column":46}},"36":{"start":{"line":37,"column":24},"end":{"line":37,"column":58}},"37":{"start":{"line":38,"column":24},"end":{"line":38,"column":58}},"38":{"start":{"line":39,"column":28},"end":{"line":39,"column":66}},"39":{"start":{"line":40,"column":17},"end":{"line":40,"column":43}},"40":{"start":{"line":41,"column":23},"end":{"line":41,"column":56}},"41":{"start":{"line":43,"column":16},"end":{"line":43,"column":42}},"42":{"start":{"line":44,"column":17},"end":{"line":44,"column":44}},"43":{"start":{"line":45,"column":20},"end":{"line":45,"column":50}},"44":{"start":{"line":46,"column":17},"end":{"line":46,"column":44}},"45":{"start":{"line":47,"column":19},"end":{"line":47,"column":48}},"46":{"start":{"line":49,"column":14},"end":{"line":49,"column":32}},"47":{"start":{"line":50,"column":16},"end":{"line":50,"column":36}},"48":{"start":{"line":52,"column":0},"end":{"line":54,"column":2}},"49":{"start":{"line":53,"column":2},"end":{"line":53,"column":35}},"50":{"start":{"line":56,"column":0},"end":{"line":58,"column":2}},"51":{"start":{"line":57,"column":2},"end":{"line":57,"column":25}},"52":{"start":{"line":60,"column":0},"end":{"line":62,"column":2}},"53":{"start":{"line":61,"column":2},"end":{"line":61,"column":23}},"54":{"start":{"line":64,"column":0},"end":{"line":66,"column":2}},"55":{"start":{"line":65,"column":2},"end":{"line":65,"column":26}},"56":{"start":{"line":68,"column":0},"end":{"line":70,"column":2}},"57":{"start":{"line":69,"column":2},"end":{"line":69,"column":22}},"58":{"start":{"line":72,"column":0},"end":{"line":74,"column":2}},"59":{"start":{"line":73,"column":2},"end":{"line":73,"column":35}},"60":{"start":{"line":76,"column":0},"end":{"line":86,"column":2}},"61":{"start":{"line":77,"column":2},"end":{"line":77,"column":52}},"62":{"start":{"line":77,"column":32},"end":{"line":77,"column":50}},"63":{"start":{"line":78,"column":2},"end":{"line":85,"column":3}},"64":{"start":{"line":79,"column":4},"end":{"line":79,"column":56}},"65":{"start":{"line":80,"column":4},"end":{"line":82,"column":5}},"66":{"start":{"line":80,"column":17},"end":{"line":80,"column":18}},"67":{"start":{"line":81,"column":6},"end":{"line":81,"column":70}},"68":{"start":{"line":84,"column":4},"end":{"line":84,"column":40}},"69":{"start":{"line":88,"column":0},"end":{"line":90,"column":2}},"70":{"start":{"line":89,"column":2},"end":{"line":89,"column":53}},"71":{"start":{"line":92,"column":0},"end":{"line":102,"column":2}},"72":{"start":{"line":93,"column":2},"end":{"line":93,"column":47}},"73":{"start":{"line":93,"column":27},"end":{"line":93,"column":45}},"74":{"start":{"line":94,"column":2},"end":{"line":94,"column":49}},"75":{"start":{"line":94,"column":28},"end":{"line":94,"column":47}},"76":{"start":{"line":95,"column":2},"end":{"line":97,"column":3}},"77":{"start":{"line":96,"column":4},"end":{"line":96,"column":67}},"78":{"start":{"line":98,"column":2},"end":{"line":101,"column":5}},"79":{"start":{"line":99,"column":4},"end":{"line":99,"column":53}},"80":{"start":{"line":100,"column":4},"end":{"line":100,"column":27}},"81":{"start":{"line":104,"column":0},"end":{"line":138,"column":2}},"82":{"start":{"line":105,"column":2},"end":{"line":105,"column":29}},"83":{"start":{"line":106,"column":2},"end":{"line":106,"column":30}},"84":{"start":{"line":107,"column":2},"end":{"line":137,"column":3}},"85":{"start":{"line":108,"column":4},"end":{"line":108,"column":31}},"86":{"start":{"line":109,"column":4},"end":{"line":109,"column":32}},"87":{"start":{"line":110,"column":4},"end":{"line":110,"column":24}},"88":{"start":{"line":111,"column":9},"end":{"line":137,"column":3}},"89":{"start":{"line":112,"column":4},"end":{"line":112,"column":31}},"90":{"start":{"line":113,"column":4},"end":{"line":113,"column":32}},"91":{"start":{"line":114,"column":4},"end":{"line":114,"column":28}},"92":{"start":{"line":115,"column":9},"end":{"line":137,"column":3}},"93":{"start":{"line":116,"column":4},"end":{"line":116,"column":42}},"94":{"start":{"line":117,"column":4},"end":{"line":117,"column":39}},"95":{"start":{"line":118,"column":4},"end":{"line":118,"column":40}},"96":{"start":{"line":119,"column":4},"end":{"line":119,"column":28}},"97":{"start":{"line":120,"column":9},"end":{"line":137,"column":3}},"98":{"start":{"line":121,"column":4},"end":{"line":133,"column":5}},"99":{"start":{"line":122,"column":6},"end":{"line":122,"column":33}},"100":{"start":{"line":123,"column":6},"end":{"line":123,"column":34}},"101":{"start":{"line":124,"column":6},"end":{"line":124,"column":26}},"102":{"start":{"line":126,"column":6},"end":{"line":132,"column":7}},"103":{"start":{"line":127,"column":8},"end":{"line":127,"column":34}},"104":{"start":{"line":128,"column":8},"end":{"line":128,"column":35}},"105":{"start":{"line":129,"column":8},"end":{"line":129,"column":31}},"106":{"start":{"line":131,"column":8},"end":{"line":131,"column":71}},"107":{"start":{"line":135,"column":4},"end":{"line":135,"column":42}},"108":{"start":{"line":136,"column":4},"end":{"line":136,"column":28}},"109":{"start":{"line":140,"column":0},"end":{"line":144,"column":2}},"110":{"start":{"line":141,"column":2},"end":{"line":143,"column":5}},"111":{"start":{"line":142,"column":4},"end":{"line":142,"column":26}},"112":{"start":{"line":146,"column":0},"end":{"line":148,"column":2}},"113":{"start":{"line":147,"column":2},"end":{"line":147,"column":47}},"114":{"start":{"line":150,"column":0},"end":{"line":156,"column":2}},"115":{"start":{"line":151,"column":2},"end":{"line":151,"column":36}},"116":{"start":{"line":152,"column":2},"end":{"line":152,"column":47}},"117":{"start":{"line":153,"column":2},"end":{"line":153,"column":49}},"118":{"start":{"line":153,"column":27},"end":{"line":153,"column":47}},"119":{"start":{"line":154,"column":2},"end":{"line":154,"column":50}},"120":{"start":{"line":155,"column":2},"end":{"line":155,"column":45}},"121":{"start":{"line":158,"column":0},"end":{"line":162,"column":2}},"122":{"start":{"line":159,"column":2},"end":{"line":159,"column":35}},"123":{"start":{"line":160,"column":2},"end":{"line":160,"column":35}},"124":{"start":{"line":161,"column":2},"end":{"line":161,"column":29}},"125":{"start":{"line":164,"column":0},"end":{"line":171,"column":2}},"126":{"start":{"line":165,"column":2},"end":{"line":165,"column":29}},"127":{"start":{"line":166,"column":2},"end":{"line":166,"column":65}},"128":{"start":{"line":167,"column":2},"end":{"line":169,"column":5}},"129":{"start":{"line":168,"column":4},"end":{"line":168,"column":32}},"130":{"start":{"line":170,"column":2},"end":{"line":170,"column":29}},"131":{"start":{"line":173,"column":0},"end":{"line":189,"column":2}},"132":{"start":{"line":174,"column":22},"end":{"line":174,"column":57}},"133":{"start":{"line":175,"column":2},"end":{"line":175,"column":43}},"134":{"start":{"line":176,"column":2},"end":{"line":176,"column":55}},"135":{"start":{"line":177,"column":2},"end":{"line":182,"column":4}},"136":{"start":{"line":183,"column":2},"end":{"line":183,"column":49}},"137":{"start":{"line":184,"column":2},"end":{"line":184,"column":43}},"138":{"start":{"line":185,"column":2},"end":{"line":185,"column":59}},"139":{"start":{"line":186,"column":30},"end":{"line":186,"column":63}},"140":{"start":{"line":187,"column":2},"end":{"line":187,"column":65}},"141":{"start":{"line":188,"column":2},"end":{"line":188,"column":33}},"142":{"start":{"line":191,"column":0},"end":{"line":193,"column":2}},"143":{"start":{"line":192,"column":2},"end":{"line":192,"column":40}},"144":{"start":{"line":195,"column":0},"end":{"line":197,"column":2}},"145":{"start":{"line":196,"column":2},"end":{"line":196,"column":29}},"146":{"start":{"line":199,"column":0},"end":{"line":220,"column":2}},"147":{"start":{"line":200,"column":2},"end":{"line":200,"column":52}},"148":{"start":{"line":200,"column":32},"end":{"line":200,"column":50}},"149":{"start":{"line":202,"column":2},"end":{"line":219,"column":3}},"150":{"start":{"line":203,"column":4},"end":{"line":203,"column":52}},"151":{"start":{"line":204,"column":18},"end":{"line":204,"column":27}},"152":{"start":{"line":205,"column":20},"end":{"line":205,"column":29}},"153":{"start":{"line":206,"column":4},"end":{"line":208,"column":5}},"154":{"start":{"line":207,"column":6},"end":{"line":207,"column":45}},"155":{"start":{"line":209,"column":4},"end":{"line":211,"column":5}},"156":{"start":{"line":210,"column":6},"end":{"line":210,"column":49}},"157":{"start":{"line":212,"column":4},"end":{"line":212,"column":49}},"158":{"start":{"line":213,"column":4},"end":{"line":216,"column":5}},"159":{"start":{"line":213,"column":17},"end":{"line":213,"column":18}},"160":{"start":{"line":214,"column":6},"end":{"line":214,"column":71}},"161":{"start":{"line":215,"column":6},"end":{"line":215,"column":75}},"162":{"start":{"line":218,"column":4},"end":{"line":218,"column":39}},"163":{"start":{"line":222,"column":0},"end":{"line":225,"column":2}},"164":{"start":{"line":223,"column":2},"end":{"line":223,"column":47}},"165":{"start":{"line":224,"column":2},"end":{"line":224,"column":51}},"166":{"start":{"line":227,"column":0},"end":{"line":233,"column":2}},"167":{"start":{"line":228,"column":22},"end":{"line":228,"column":69}},"168":{"start":{"line":229,"column":2},"end":{"line":229,"column":51}},"169":{"start":{"line":229,"column":27},"end":{"line":229,"column":49}},"170":{"start":{"line":230,"column":2},"end":{"line":230,"column":29}},"171":{"start":{"line":231,"column":2},"end":{"line":231,"column":64}},"172":{"start":{"line":232,"column":2},"end":{"line":232,"column":33}},"173":{"start":{"line":235,"column":0},"end":{"line":237,"column":2}},"174":{"start":{"line":236,"column":2},"end":{"line":236,"column":40}},"175":{"start":{"line":239,"column":0},"end":{"line":241,"column":2}},"176":{"start":{"line":240,"column":2},"end":{"line":240,"column":43}},"177":{"start":{"line":243,"column":0},"end":{"line":246,"column":2}},"178":{"start":{"line":244,"column":2},"end":{"line":244,"column":37}},"179":{"start":{"line":245,"column":2},"end":{"line":245,"column":28}},"180":{"start":{"line":248,"column":0},"end":{"line":261,"column":2}},"181":{"start":{"line":249,"column":2},"end":{"line":252,"column":5}},"182":{"start":{"line":250,"column":4},"end":{"line":250,"column":26}},"183":{"start":{"line":251,"column":4},"end":{"line":251,"column":26}},"184":{"start":{"line":253,"column":2},"end":{"line":256,"column":5}},"185":{"start":{"line":254,"column":25},"end":{"line":254,"column":61}},"186":{"start":{"line":255,"column":4},"end":{"line":255,"column":32}},"187":{"start":{"line":257,"column":2},"end":{"line":260,"column":3}},"188":{"start":{"line":258,"column":27},"end":{"line":258,"column":63}},"189":{"start":{"line":259,"column":4},"end":{"line":259,"column":43}},"190":{"start":{"line":263,"column":0},"end":{"line":266,"column":2}},"191":{"start":{"line":264,"column":2},"end":{"line":264,"column":28}},"192":{"start":{"line":265,"column":2},"end":{"line":265,"column":30}},"193":{"start":{"line":268,"column":0},"end":{"line":270,"column":2}},"194":{"start":{"line":269,"column":2},"end":{"line":269,"column":35}},"195":{"start":{"line":272,"column":0},"end":{"line":276,"column":2}},"196":{"start":{"line":273,"column":2},"end":{"line":273,"column":31}},"197":{"start":{"line":274,"column":2},"end":{"line":274,"column":54}},"198":{"start":{"line":275,"column":2},"end":{"line":275,"column":31}},"199":{"start":{"line":278,"column":0},"end":{"line":283,"column":2}},"200":{"start":{"line":279,"column":2},"end":{"line":281,"column":3}},"201":{"start":{"line":280,"column":4},"end":{"line":280,"column":37}},"202":{"start":{"line":282,"column":2},"end":{"line":282,"column":29}},"203":{"start":{"line":285,"column":0},"end":{"line":289,"column":2}},"204":{"start":{"line":286,"column":2},"end":{"line":288,"column":5}},"205":{"start":{"line":287,"column":4},"end":{"line":287,"column":26}},"206":{"start":{"line":291,"column":0},"end":{"line":299,"column":2}},"207":{"start":{"line":292,"column":2},"end":{"line":292,"column":35}},"208":{"start":{"line":293,"column":2},"end":{"line":293,"column":64}},"209":{"start":{"line":295,"column":2},"end":{"line":297,"column":3}},"210":{"start":{"line":296,"column":4},"end":{"line":296,"column":68}},"211":{"start":{"line":298,"column":2},"end":{"line":298,"column":70}},"212":{"start":{"line":301,"column":0},"end":{"line":311,"column":2}},"213":{"start":{"line":302,"column":2},"end":{"line":302,"column":52}},"214":{"start":{"line":302,"column":32},"end":{"line":302,"column":50}},"215":{"start":{"line":303,"column":2},"end":{"line":310,"column":3}},"216":{"start":{"line":304,"column":4},"end":{"line":304,"column":54}},"217":{"start":{"line":305,"column":4},"end":{"line":307,"column":5}},"218":{"start":{"line":305,"column":17},"end":{"line":305,"column":18}},"219":{"start":{"line":306,"column":6},"end":{"line":306,"column":70}},"220":{"start":{"line":309,"column":4},"end":{"line":309,"column":38}},"221":{"start":{"line":313,"column":0},"end":{"line":315,"column":2}},"222":{"start":{"line":314,"column":2},"end":{"line":314,"column":53}},"223":{"start":{"line":317,"column":0},"end":{"line":319,"column":2}},"224":{"start":{"line":318,"column":2},"end":{"line":318,"column":29}},"225":{"start":{"line":321,"column":0},"end":{"line":329,"column":2}},"226":{"start":{"line":322,"column":2},"end":{"line":322,"column":28}},"227":{"start":{"line":323,"column":2},"end":{"line":323,"column":69}},"228":{"start":{"line":324,"column":2},"end":{"line":324,"column":28}},"229":{"start":{"line":325,"column":2},"end":{"line":325,"column":69}},"230":{"start"
[...]
n":25},"end":{"line":13,"column":60}},"11":{"start":{"line":14,"column":26},"end":{"line":14,"column":62}},"12":{"start":{"line":15,"column":23},"end":{"line":15,"column":56}},"13":{"start":{"line":16,"column":20},"end":{"line":16,"column":50}},"14":{"start":{"line":17,"column":17},"end":{"line":17,"column":44}},"15":{"start":{"line":18,"column":28},"end":{"line":18,"column":66}},"16":{"start":{"line":19,"column":20},"end":{"line":19,"column":50}},"17":{"start":{"line":20,"column":17},"end":{"line":20,"column":44}},"18":{"start":{"line":21,"column":16},"end":{"line":21,"column":42}},"19":{"start":{"line":22,"column":13},"end":{"line":22,"column":35}},"20":{"start":{"line":23,"column":23},"end":{"line":23,"column":56}},"21":{"start":{"line":24,"column":16},"end":{"line":24,"column":41}},"22":{"start":{"line":25,"column":24},"end":{"line":25,"column":58}},"23":{"start":{"line":26,"column":22},"end":{"line":26,"column":54}},"24":{"start":{"line":27,"column":16},"end":{"line":27,"column":42}},"25":{"start":{"line":28,"column":19},"end":{"line":28,"column":48}},"26":{"start":{"line":29,"column":24},"end":{"line":29,"column":58}},"27":{"start":{"line":30,"column":22},"end":{"line":30,"column":54}},"28":{"start":{"line":31,"column":18},"end":{"line":31,"column":46}},"29":{"start":{"line":32,"column":24},"end":{"line":32,"column":58}},"30":{"start":{"line":33,"column":24},"end":{"line":33,"column":58}},"31":{"start":{"line":34,"column":28},"end":{"line":34,"column":66}},"32":{"start":{"line":35,"column":23},"end":{"line":35,"column":56}},"33":{"start":{"line":36,"column":13},"end":{"line":36,"column":35}},"34":{"start":{"line":37,"column":26},"end":{"line":37,"column":63}},"35":{"start":{"line":38,"column":30},"end":{"line":38,"column":70}},"36":{"start":{"line":39,"column":29},"end":{"line":39,"column":68}},"37":{"start":{"line":40,"column":30},"end":{"line":40,"column":70}},"38":{"start":{"line":41,"column":18},"end":{"line":41,"column":45}},"39":{"start":{"line":42,"column":17},"end":{"line":42,"column":43}},"40":{"start":{"line":43,"column":22},"end":{"line":43,"column":54}},"41":{"start":{"line":44,"column":23},"end":{"line":44,"column":56}},"42":{"start":{"line":45,"column":15},"end":{"line":45,"column":40}},"43":{"start":{"line":46,"column":23},"end":{"line":46,"column":56}},"44":{"start":{"line":47,"column":20},"end":{"line":47,"column":50}},"45":{"start":{"line":48,"column":25},"end":{"line":48,"column":60}},"46":{"start":{"line":50,"column":26},"end":{"line":50,"column":87}},"47":{"start":{"line":53,"column":2},"end":{"line":53,"column":38}},"48":{"start":{"line":57,"column":21},"end":{"line":319,"column":2}},"49":{"start":{"line":59,"column":4},"end":{"line":59,"column":40}},"50":{"start":{"line":63,"column":4},"end":{"line":63,"column":27}},"51":{"start":{"line":67,"column":4},"end":{"line":67,"column":68}},"52":{"start":{"line":71,"column":4},"end":{"line":77,"column":6}},"53":{"start":{"line":81,"column":4},"end":{"line":81,"column":60}},"54":{"start":{"line":85,"column":18},"end":{"line":85,"column":55}},"55":{"start":{"line":86,"column":24},"end":{"line":86,"column":63}},"56":{"start":{"line":87,"column":22},"end":{"line":87,"column":54}},"57":{"start":{"line":88,"column":4},"end":{"line":88,"column":58}},"58":{"start":{"line":92,"column":4},"end":{"line":92,"column":96}},"59":{"start":{"line":108,"column":4},"end":{"line":116,"column":6}},"60":{"start":{"line":120,"column":4},"end":{"line":120,"column":68}},"61":{"start":{"line":124,"column":4},"end":{"line":129,"column":6}},"62":{"start":{"line":133,"column":4},"end":{"line":133,"column":63}},"63":{"start":{"line":137,"column":4},"end":{"line":137,"column":41}},"64":{"start":{"line":141,"column":4},"end":{"line":141,"column":48}},"65":{"start":{"line":145,"column":4},"end":{"line":145,"column":32}},"66":{"start":{"line":149,"column":4},"end":{"line":149,"column":35}},"67":{"start":{"line":153,"column":4},"end":{"line":153,"column":66}},"68":{"start":{"line":157,"column":4},"end":{"line":157,"column":39}},"69":{"start":{"line":161,"column":4},"end":{"line":161,"column":50}},"70":{"start":{"line":165,"column":4},"end":{"line":165,"column":39}},"71":{"start":{"line":169,"column":4},"end":{"line":169,"column":67}},"72":{"start":{"line":173,"column":4},"end":{"line":173,"column":67}},"73":{"start":{"line":177,"column":4},"end":{"line":177,"column":67}},"74":{"start":{"line":181,"column":4},"end":{"line":181,"column":67}},"75":{"start":{"line":185,"column":4},"end":{"line":185,"column":67}},"76":{"start":{"line":189,"column":4},"end":{"line":189,"column":56}},"77":{"start":{"line":193,"column":4},"end":{"line":193,"column":56}},"78":{"start":{"line":197,"column":4},"end":{"line":197,"column":67}},"79":{"start":{"line":201,"column":4},"end":{"line":201,"column":49}},"80":{"start":{"line":205,"column":4},"end":{"line":205,"column":47}},"81":{"start":{"line":209,"column":4},"end":{"line":209,"column":48}},"82":{"start":{"line":213,"column":4},"end":{"line":213,"column":50}},"83":{"start":{"line":217,"column":4},"end":{"line":217,"column":28}},"84":{"start":{"line":221,"column":4},"end":{"line":221,"column":57}},"85":{"start":{"line":225,"column":4},"end":{"line":225,"column":71}},"86":{"start":{"line":229,"column":4},"end":{"line":229,"column":70}},"87":{"start":{"line":233,"column":4},"end":{"line":233,"column":60}},"88":{"start":{"line":237,"column":4},"end":{"line":237,"column":46}},"89":{"start":{"line":241,"column":4},"end":{"line":241,"column":47}},"90":{"start":{"line":245,"column":4},"end":{"line":245,"column":82}},"91":{"start":{"line":249,"column":4},"end":{"line":249,"column":52}},"92":{"start":{"line":253,"column":4},"end":{"line":253,"column":32}},"93":{"start":{"line":257,"column":4},"end":{"line":257,"column":40}},"94":{"start":{"line":261,"column":4},"end":{"line":261,"column":14}},"95":{"start":{"line":265,"column":4},"end":{"line":265,"column":29}},"96":{"start":{"line":269,"column":4},"end":{"line":269,"column":19}},"97":{"start":{"line":273,"column":4},"end":{"line":273,"column":20}},"98":{"start":{"line":277,"column":4},"end":{"line":277,"column":22}},"99":{"start":{"line":281,"column":4},"end":{"line":281,"column":23}},"100":{"start":{"line":285,"column":4},"end":{"line":285,"column":43}},"101":{"start":{"line":289,"column":4},"end":{"line":289,"column":41}},"102":{"start":{"line":293,"column":4},"end":{"line":293,"column":56}},"103":{"start":{"line":297,"column":4},"end":{"line":297,"column":59}},"104":{"start":{"line":301,"column":4},"end":{"line":301,"column":50}},"105":{"start":{"line":305,"column":4},"end":{"line":305,"column":49}},"106":{"start":{"line":309,"column":4},"end":{"line":309,"column":48}},"107":{"start":{"line":313,"column":4},"end":{"line":313,"column":29}},"108":{"start":{"line":317,"column":4},"end":{"line":317,"column":29}},"109":{"start":{"line":322,"column":0},"end":{"line":328,"column":2}},"110":{"start":{"line":323,"column":16},"end":{"line":323,"column":45}},"111":{"start":{"line":324,"column":2},"end":{"line":326,"column":3}},"112":{"start":{"line":325,"column":4},"end":{"line":325,"column":54}},"113":{"start":{"line":327,"column":2},"end":{"line":327,"column":35}}},"fnMap":{"0":{"name":"arrayToNullable","decl":{"start":{"line":52,"column":9},"end":{"line":52,"column":24}},"loc":{"start":{"line":52,"column":28},"end":{"line":54,"column":1}},"line":52},"1":{"name":"(anonymous_1)","decl":{"start":{"line":58,"column":2},"end":{"line":58,"column":3}},"loc":{"start":{"line":58,"column":21},"end":{"line":60,"column":3}},"line":58},"2":{"name":"(anonymous_2)","decl":{"start":{"line":62,"column":2},"end":{"line":62,"column":3}},"loc":{"start":{"line":62,"column":28},"end":{"line":64,"column":3}},"line":62},"3":{"name":"(anonymous_3)","decl":{"start":{"line":66,"column":2},"end":{"line":66,"column":3}},"loc":{"start":{"line":66,"column":43},"end":{"line":68,"column":3}},"line":66},"4":{"name":"(anonymous_4)","decl":{"start":{"line":70,"column":2},"end":{"line":70,"column":3}},"loc":{"start":{"line":70,"column":59},"end":{"line":78,"column":3}},"line":70},"5":{"name":"(anonymous_5)","decl":{"start":{"line":80,"column":2},"end":{"line":80,"column":3}},"loc":{"start":{"line":80,"column":34},"end":{"line":82,"column":3}},"line":80},"6":{"name":"(anonymous_6)","decl":{"start":{"line":84,"column":2},"end":{"line":84,"column":3}},"loc":{"start":{"line":84,"column":79},"end":{"line":89,"column":3}},"line":84},"7":{"name":"(anonymous_7)","decl":{"start":{"line":91,"column":2},"end":{"line":91,"column":3}},"loc":{"start":{"line":91,"column":56},"end":{"line":93,"column":3}},"line":91},"8":{"name":"(anonymous_8)","decl":{"start":{"line":95,"column":2},"end":{"line":95,"column":3}},"loc":{"start":{"line":107,"column":4},"end":{"line":117,"column":3}},"line":107},"9":{"name":"(anonymous_9)","decl":{"start":{"line":119,"column":2},"end":{"line":119,"column":3}},"loc":{"start":{"line":119,"column":48},"end":{"line":121,"column":3}},"line":119},"10":{"name":"(anonymous_10)","decl":{"start":{"line":123,"column":2},"end":{"line":123,"column":3}},"loc":{"start":{"line":123,"column":58},"end":{"line":130,"column":3}},"line":123},"11":{"name":"(anonymous_11)","decl":{"start":{"line":132,"column":2},"end":{"line":132,"column":3}},"loc":{"start":{"line":132,"column":39},"end":{"line":134,"column":3}},"line":132},"12":{"name":"(anonymous_12)","decl":{"start":{"line":136,"column":2},"end":{"line":136,"column":3}},"loc":{"start":{"line":136,"column":24},"end":{"line":138,"column":3}},"line":136},"13":{"name":"(anonymous_13)","decl":{"start":{"line":140,"column":2},"end":{"line":140,"column":3}},"loc":{"start":{"line":140,"column":34},"end":{"line":142,"column":3}},"line":140},"14":{"name":"(anonymous_14)","decl":{"start":{"line":144,"column":2},"end":{"line":144,"column":3}},"loc":{"start":{"line":144,"column":22},"end":{"line":146,"column":3}},"line":144},"15":{"name":"(anonymous_15)","decl":{"start":{"line":148,"column":2},"end":{"line":148,"column":3}},"loc":{"start":{"line":148,"column":25},"end":{"line":150,"column":3}},"line":148},"16":{"name":"(anonymous_16)","decl":{"start":{"line":152,"column":2},"end":{"line":152,"column":3}},"loc":{"start":{"line":152,"column":35},"end":{"line":154,"column":3}},"line":152},"17":{"name":"(anonymous_17)","decl":{"start":{"line":156,"column":2},"end":{"line":156,"column":3}},"loc":{"start":{"line":156,"column":28},"end":{"line":158,"column":3}},"line":156},"18":{"name":"(anonymous_18)","decl":{"start":{"line":160,"column":2},"end":{"line":160,"column":3}},"loc":{"start":{"line":160,"column":28},"end":{"line":162,"column":3}},"line":160},"19":{"name":"(anonymous_19)","decl":{"start":{"line":164,"column":2},"end":{"line":164,"column":3}},"loc":{"start":{"line":164,"column":23},"end":{"line":166,"column":3}},"line":164},"20":{"name":"(anonymous_20)","decl":{"start":{"line":168,"column":2},"end":{"line":168,"column":3}},"loc":{"start":{"line":168,"column":26},"end":{"line":170,"column":3}},"line":168},"21":{"name":"(anonymous_21)","decl":{"start":{"line":172,"column":2},"end":{"line":172,"column":3}},"loc":{"start":{"line":172,"column":27},"end":{"line":174,"column":3}},"line":172},"22":{"name":"(anonymous_22)","decl":{"start":{"line":176,"column":2},"end":{"line":176,"column":3}},"loc":{"start":{"line":176,"column":31},"end":{"line":178,"column":3}},"line":176},"23":{"name":"(anonymous_23)","decl":{"start":{"line":180,"column":2},"end":{"line":180,"column":3}},"loc":{"start":{"line":180,"column":31},"end":{"line":182,"column":3}},"line":180},"24":{"name":"(anonymous_24)","decl":{"start":{"line":184,"column":2},"end":{"line":184,"column":3}},"loc":{"start":{"line":184,"column":31},"end":{"line":186,"column":3}},"line":184},"25":{"name":"(anonymous_25)","decl":{"start":{"line":188,"column":2},"end":{"line":188,"column":3}},"loc":{"start":{"line":188,"column":26},"end":{"line":190,"column":3}},"line":188},"26":{"name":"(anonymous_26)","decl":{"start":{"line":192,"column":2},"end":{"line":192,"column":3}},"loc":{"start":{"line":192,"column":30},"end":{"line":194,"column":3}},"line":192},"27":{"name":"(anonymous_27)","decl":{"start":{"line":196,"column":2},"end":{"line":196,"column":3}},"loc":{"start":{"line":196,"column":39},"end":{"line":198,"column":3}},"line":196},"28":{"name":"(anonymous_28)","decl":{"start":{"line":200,"column":2},"end":{"line":200,"column":3}},"loc":{"start":{"line":200,"column":34},"end":{"line":202,"column":3}},"line":200},"29":{"name":"(anonymous_29)","decl":{"start":{"line":204,"column":2},"end":{"line":204,"column":3}},"loc":{"start":{"line":204,"column":31},"end":{"line":206,"column":3}},"line":204},"30":{"name":"(anonymous_30)","decl":{"start":{"line":208,"column":2},"end":{"line":208,"column":3}},"loc":{"start":{"line":208,"column":32},"end":{"line":210,"column":3}},"line":208},"31":{"name":"(anonymous_31)","decl":{"start":{"line":212,"column":2},"end":{"line":212,"column":3}},"loc":{"start":{"line":212,"column":34},"end":{"line":214,"column":3}},"line":212},"32":{"name":"(anonymous_32)","decl":{"start":{"line":216,"column":2},"end":{"line":216,"column":3}},"loc":{"start":{"line":216,"column":34},"end":{"line":218,"column":3}},"line":216},"33":{"name":"(anonymous_33)","decl":{"start":{"line":220,"column":2},"end":{"line":220,"column":3}},"loc":{"start":{"line":220,"column":26},"end":{"line":222,"column":3}},"line":220},"34":{"name":"(anonymous_34)","decl":{"start":{"line":224,"column":2},"end":{"line":224,"column":3}},"loc":{"start":{"line":224,"column":31},"end":{"line":226,"column":3}},"line":224},"35":{"name":"(anonymous_35)","decl":{"start":{"line":228,"column":2},"end":{"line":228,"column":3}},"loc":{"start":{"line":228,"column":50},"end":{"line":230,"column":3}},"line":228},"36":{"name":"(anonymous_36)","decl":{"start":{"line":232,"column":2},"end":{"line":232,"column":3}},"loc":{"start":{"line":232,"column":36},"end":{"line":234,"column":3}},"line":232},"37":{"name":"(anonymous_37)","decl":{"start":{"line":236,"column":2},"end":{"line":236,"column":3}},"loc":{"start":{"line":236,"column":20},"end":{"line":238,"column":3}},"line":236},"38":{"name":"(anonymous_38)","decl":{"start":{"line":240,"column":2},"end":{"line":240,"column":3}},"loc":{"start":{"line":240,"column":13},"end":{"line":242,"column":3}},"line":240},"39":{"name":"(anonymous_39)","decl":{"start":{"line":244,"column":2},"end":{"line":244,"column":3}},"loc":{"start":{"line":244,"column":33},"end":{"line":246,"column":3}},"line":244},"40":{"name":"(anonymous_40)","decl":{"start":{"line":248,"column":2},"end":{"line":248,"column":3}},"loc":{"start":{"line":248,"column":25},"end":{"line":250,"column":3}},"line":248},"41":{"name":"(anonymous_41)","decl":{"start":{"line":252,"column":2},"end":{"line":252,"column":3}},"loc":{"start":{"line":252,"column":14},"end":{"line":254,"column":3}},"line":252},"42":{"name":"(anonymous_42)","decl":{"start":{"line":256,"column":2},"end":{"line":256,"column":3}},"loc":{"start":{"line":256,"column":33},"end":{"line":258,"column":3}},"line":256},"43":{"name":"(anonymous_43)","decl":{"start":{"line":260,"column":2},"end":{"line":260,"column":3}},"loc":{"start":{"line":260,"column":16},"end":{"line":262,"column":3}},"line":260},"44":{"name":"(anonymous_44)","decl":{"start":{"line":264,"column":2},"end":{"line":264,"column":3}},"loc":{"start":{"line":264,"column":12},"end":{"line":266,"column":3}},"line":264},"45":{"name":"(anonymous_45)","decl":{"start":{"line":268,"column":2},"end":{"line":268,"column":3}},"loc":{"start":{"line":268,"column":13},"end":{"line":270,"column":3}},"line":268},"46":{"name":"(anonymous_46)","decl":{"start":{"line":272,"column":2},"end":{"line":272,"column":3}},"loc":{"start":{"line":272,"column":14},"end":{"line":274,"column":3}},"line":272},"47":{"name":"(anonymous_47)","decl":{"start":{"line":276,"column":2},"end":{"line":276,"column":3}},"loc":{"start":{"line":276,"column":16},"end":{"line":278,"column":3}},"line":276},"48":{"name":"(anonymous_48)","decl":{"start":{"line":280,"column":2},"end":{"line":280,"column":3}},"loc":{"start":{"line":280,"column":17},"end":{"line":282,"column":3}},"line":280},"49":{"name":"(anonymous_49)","decl":{"start":{"line":284,"column":2},"end":{"line":284,"column":3}},"loc":{"start":{"line":284,"column":36},"end":{"line":286,"column":3}},"line":284},"50":{"name":"(anonymous_50)","decl":{"start":{"line":288,"column":2},"end":{"line":288,"column":3}},"loc":{"start":{"line":288,"column":34},"end":{"line":290,"column":3}},"line":288},"51":{"name":"(anonymous_51)","decl":{"start":{"line":292,"column":2},"end":{"line":292,"column":3}},"loc":{"start":{"line":292,"column":47},"end":{"line":294,"column":3}},"line":292},"52":{"name":"(anonymous_52)","decl":{"start":{"line":296,"column":2},"end":{"line":296,"column":3}},"loc":{"start":{"line":296,"column":45},"end":{"line":298,"column":3}},"line":296},"53":{"name":"(anonymous_53)","decl":{"start":{"line":300,"column":2},"end":{"line":300,"column":3}},"loc":{"start":{"line":300,"column":39},"end":{"line":302,"column":3}},"line":300},"54":{"name":"(anonymous_54)","decl":{"start":{"line":304,"column":2},"end":{"line":304,"column":3}},"loc":{"start":{"line":304,"column":13},"end":{"line":306,"column":3}},"line":304},"55":{"name":"(anonymous_55)","decl":{"start":{"line":308,"column":2},"end":{"line":308,"column":3}},"loc":{"start":{"line":308,"column":24},"end":{"line":310,"column":3}},"line":308},"56":{"name":"(anonymous_56)","decl":{"start":{"line":312,"column":2},"end":{"line":312,"column":3}},"loc":{"start":{"line":312,"column":14},"end":{"line":314,"column":3}},"line":312},"57":{"name":"(anonymous_57)","decl":{"start":{"line":316,"column":2},"end":{"line":316,"column":3}},"loc":{"start":{"line":316,"column":13},"end":{"line":318,"column":3}},"line":316},"58":{"name":"(anonymous_58)","decl":{"start":{"line":322,"column":17},"end":{"line":322,"column":18}},"loc":{"start":{"line":322,"column":25},"end":{"line":328,"column":1}},"line":322}},"branchMap":{"0":{"loc":{"start":{"line":53,"column":9},"end":{"line":53,"column":37}},"type":"cond-expr","locations":[{"start":{"line":53,"column":26},"end":{"line":53,"column":30}},{"start":{"line":53,"column":33},"end":{"line":53,"column":37}}],"line":53},"1":{"loc":{"start":{"line":324,"column":2},"end":{"line":326,"column":3}},"type":"if","locations":[{"start":{"line":324,"column":2},"end":{"line":326,"column":3}},{"start":{"line":324,"column":2},"end":{"line":326,"column":3}}],"line":324}},"s":{"0":3,"1":3,"2":3,"3":3,"4":3,"5":3,"6":3,"7":3,"8":3,"9":3,"10":3,"11":3,"12":3,"13":3,"14":3,"15":3,"16":3,"17":3,"18":3,"19":3,"20":3,"21":3,"22":3,"23":3,"24":3,"25":3,"26":3,"27":3,"28":3,"29":3,"30":3,"31":3,"32":3,"33":3,"34":3,"35":3,"36":3,"37":3,"38":3,"39":3,"40":3,"41":3,"42":3,"43":3,"44":3,"45":3,"46":3,"47":429,"48":3,"49":106,"50":459,"51":12,"52":72,"53":9,"54":42,"55":42,"56":42,"57":42,"58":6,"59":9,"60":14,"61":162,"62":39,"63":43,"64":125,"65":20,"66":5,"67":34,"68":229,"69":12,"70":6,"71":5,"72":16,"73":95,"74":31,"75":17,"76":15,"77":7,"78":3,"79":11,"80":12,"81":11,"82":8,"83":38,"84":29,"85":52,"86":6,"87":5,"88":242,"89":166,"90":61,"91":51,"92":8,"93":518,"94":62,"95":687,"96":140,"97":5,"98":73,"99":41,"100":13,"101":10,"102":14,"103":8,"104":366,"105":31,"106":255,"107":291,"108":5,"109":3,"110":110,"111":110,"112":4,"113":106},"f":{"0":429,"1":106,"2":459,"3":12,"4":72,"5":9,"6":42,"7":6,"8":9,"9":14,"10":162,"11":39,"12":43,"13":125,"14":20,"15":5,"16":34,"17":229,"18":12,"19":6,"20":5,"21":16,"22":95,"23":31,"24":17,"25":15,"26":7,"27":3,"28":11,"29":12,"30":11,"31":8,"32":38,"33":29,"34":52,"35":6,"36":5,"37":242,"38":166,"39":61,"40":51,"41":8,"42":518,"43":62,"44":687,"45":140,"46":5,"47":73,"48":41,"49":13,"50":10,"51":14,"52":8,"53":366,"54":31,"55":255,"56":291,"57":5,"58":110},"b":{"0":[317,112],"1":[4,106]},"_coverageSchema":"1a1c01bbd47fc00a2c39e90264f33305004495a9","hash":"c9b5cdb53531822ae2013429ebedde741d03789c"}
}
