TN:
SF:ast/argument.js
FN:2,(anonymous_0)
FNF:1
FNH:1
FNDA:51,(anonymous_0)
DA:1,3
DA:3,51
LF:2
LH:2
BRF:0
BRH:0
end_of_record
TN:
SF:ast/array-expression.js
FN:2,(anonymous_0)
FNF:1
FNH:1
FNDA:11,(anonymous_0)
DA:1,3
DA:3,11
LF:2
LH:2
BRF:0
BRH:0
end_of_record
TN:
SF:ast/array-type.js
FN:2,(anonymous_0)
FNF:1
FNH:1
FNDA:21,(anonymous_0)
DA:1,3
DA:3,21
LF:2
LH:2
BRF:0
BRH:0
end_of_record
TN:
SF:ast/assignment-statement.js
FN:2,(anonymous_0)
FNF:1
FNH:1
FNDA:126,(anonymous_0)
DA:1,3
DA:3,126
LF:2
LH:2
BRF:0
BRH:0
end_of_record
TN:
SF:ast/binary-expression.js
FN:2,(anonymous_0)
FNF:1
FNH:1
FNDA:167,(anonymous_0)
DA:1,3
DA:3,167
LF:2
LH:2
BRF:0
BRH:0
end_of_record
TN:
SF:ast/block.js
FN:2,(anonymous_0)
FNF:1
FNH:1
FNDA:229,(anonymous_0)
DA:1,3
DA:3,229
LF:2
LH:2
BRF:0
BRH:0
end_of_record
TN:
SF:ast/boolean-literal.js
FN:2,(anonymous_0)
FNF:1
FNH:1
FNDA:31,(anonymous_0)
DA:1,3
DA:3,31
LF:2
LH:2
BRF:0
BRH:0
end_of_record
TN:
SF:ast/boolean-type.js
FNF:0
FNH:0
DA:1,3
DA:2,3
LF:2
LH:2
BRF:0
BRH:0
end_of_record
TN:
SF:ast/break-statement.js
FNF:0
FNH:0
DA:1,3
LF:1
LH:1
BRF:0
BRH:0
end_of_record
TN:
SF:ast/call-statement.js
FN:2,(anonymous_0)
FNF:1
FNH:1
FNDA:43,(anonymous_0)
DA:1,3
DA:3,43
LF:2
LH:2
BRF:0
BRH:0
end_of_record
TN:
SF:ast/call.js
FN:2,(anonymous_0)
FNF:1
FNH:1
FNDA:52,(anonymous_0)
DA:1,3
DA:3,52
LF:2
LH:2
BRF:0
BRH:0
end_of_record
TN:
SF:ast/case.js
FN:2,(anonymous_0)
FNF:1
FNH:1
FNDA:18,(anonymous_0)
DA:1,3
DA:3,18
LF:2
LH:2
BRF:0
BRH:0
end_of_record
TN:
SF:ast/class-declaration.js
FN:2,(anonymous_0)
FNF:1
FNH:1
FNDA:12,(anonymous_0)
DA:1,3
DA:3,12
LF:2
LH:2
BRF:0
BRH:0
end_of_record
TN:
SF:ast/continue-statement.js
FNF:0
FNH:0
DA:1,3
LF:1
LH:1
BRF:0
BRH:0
end_of_record
TN:
SF:ast/default-case.js
FN:2,(anonymous_0)
FNF:1
FNH:1
FNDA:9,(anonymous_0)
DA:1,3
DA:3,9
LF:2
LH:2
BRF:0
BRH:0
end_of_record
TN:
SF:ast/dict-expression.js
FN:2,(anonymous_0)
FNF:1
FNH:1
FNDA:11,(anonymous_0)
DA:1,3
DA:3,11
LF:2
LH:2
BRF:0
BRH:0
end_of_record
TN:
SF:ast/dict-type.js
FN:2,(anonymous_0)
FNF:1
FNH:1
FNDA:19,(anonymous_0)
DA:1,3
DA:3,19
LF:2
LH:2
BRF:0
BRH:0
end_of_record
TN:
SF:ast/function-declaration.js
FN:2,(anonymous_0)
FNF:1
FNH:1
FNDA:82,(anonymous_0)
DA:1,3
DA:3,82
LF:2
LH:2
BRF:0
BRH:0
end_of_record
TN:
SF:ast/id-type.js
FN:2,(anonymous_0)
FNF:1
FNH:1
FNDA:12,(anonymous_0)
DA:1,3
DA:3,12
LF:2
LH:2
BRF:0
BRH:0
end_of_record
TN:
SF:ast/identifier-declaration.js
FN:2,(anonymous_0)
FNF:1
FNH:1
FNDA:166,(anonymous_0)
DA:1,3
DA:3,166
LF:2
LH:2
BRF:0
BRH:0
end_of_record
TN:
SF:ast/identifier-expression.js
FN:2,(anonymous_0)
FNF:1
FNH:1
FNDA:242,(anonymous_0)
DA:1,3
DA:3,242
LF:2
LH:2
BRF:0
BRH:0
end_of_record
TN:
SF:ast/if-statement.js
FN:2,(anonymous_0)
FNF:1
FNH:1
FNDA:42,(anonymous_0)
DA:1,3
DA:3,42
LF:2
LH:2
BRF:0
BRH:0
end_of_record
TN:
SF:ast/int-type.js
FNF:0
FNH:0
DA:1,3
DA:2,3
LF:2
LH:2
BRF:0
BRH:0
end_of_record
TN:
SF:ast/keyvalue-expression.js
FN:2,(anonymous_0)
FNF:1
FNH:1
FNDA:29,(anonymous_0)
DA:1,3
DA:3,29
LF:2
LH:2
BRF:0
BRH:0
end_of_record
TN:
SF:ast/long-type.js
FNF:0
FNH:0
DA:1,3
DA:2,3
LF:2
LH:2
BRF:0
BRH:0
end_of_record
TN:
SF:ast/loop.js
FN:4,(anonymous_0)
FN:27,(anonymous_1)
FNF:2
FNH:2
FNDA:9,(anonymous_0)
FNDA:14,(anonymous_1)
DA:13,9
DA:14,9
DA:28,14
DA:29,14
DA:33,3
LF:5
LH:5
BRF:0
BRH:0
end_of_record
TN:
SF:ast/member-expression.js
FN:2,(anonymous_0)
FNF:1
FNH:1
FNDA:5,(anonymous_0)
DA:1,3
DA:3,5
LF:2
LH:2
BRF:0
BRH:0
end_of_record
TN:
SF:ast/none-literal.js
FNF:0
FNH:0
DA:1,3
LF:1
LH:1
BRF:0
BRH:0
end_of_record
TN:
SF:ast/none-type.js
FNF:0
FNH:0
DA:1,2
DA:2,2
LF:2
LH:2
BRF:0
BRH:0
end_of_record
TN:
SF:ast/numeric-literal.js
FN:2,(anonymous_0)
FNF:1
FNH:1
FNDA:366,(anonymous_0)
DA:1,3
DA:3,366
LF:2
LH:2
BRF:0
BRH:0
end_of_record
TN:
SF:ast/parameter.js
FN:2,(anonymous_0)
FNF:1
FNH:1
FNDA:73,(anonymous_0)
DA:1,3
DA:3,73
LF:2
LH:2
BRF:0
BRH:0
end_of_record
TN:
SF:ast/primitive-type.js
FN:2,(anonymous_0)
FNF:1
FNH:1
FNDA:16,(anonymous_0)
DA:1,3
DA:3,16
LF:2
LH:2
BRF:0
BRH:0
end_of_record
TN:
SF:ast/print-statement.js
FN:2,(anonymous_0)
FNF:1
FNH:1
FNDA:125,(anonymous_0)
DA:1,3
DA:3,125
LF:2
LH:2
BRF:0
BRH:0
end_of_record
TN:
SF:ast/program.js
FN:2,(anonymous_0)
FNF:1
FNH:1
FNDA:106,(anonymous_0)
DA:1,3
DA:3,106
LF:2
LH:2
BRF:0
BRH:0
end_of_record
TN:
SF:ast/return-statement.js
FN:2,(anonymous_0)
FNF:1
FNH:1
FNDA:34,(anonymous_0)
DA:1,3
DA:3,34
LF:2
LH:2
BRF:0
BRH:0
end_of_record
TN:
SF:ast/set-expression.js
FN:2,(anonymous_0)
FNF:1
FNH:1
FNDA:12,(anonymous_0)
DA:1,3
DA:3,12
LF:2
LH:2
BRF:0
BRH:0
end_of_record
TN:
SF:ast/set-type.js
FN:2,(anonymous_0)
FNF:1
FNH:1
FNDA:17,(anonymous_0)
DA:1,3
DA:3,17
LF:2
LH:2
BRF:0
BRH:0
end_of_record
TN:
SF:ast/string-literal.js
FN:2,(anonymous_0)
FNF:1
FNH:1
FNDA:255,(anonymous_0)
DA:1,3
DA:3,255
LF:2
LH:2
BRF:0
BRH:0
end_of_record
TN:
SF:ast/string-type.js
FNF:0
FNH:0
DA:1,3
DA:2,3
LF:2
LH:2
BRF:0
BRH:0
end_of_record
TN:
SF:ast/subscripted-expression.js
FN:2,(anonymous_0)
FNF:1
FNH:1
FNDA:6,(anonymous_0)
DA:1,3
DA:3,6
LF:2
LH:2
BRF:0
BRH:0
end_of_record
TN:
SF:ast/switch-statement.js
FN:2,(anonymous_0)
FNF:1
FNH:1
FNDA:6,(anonymous_0)
DA:1,3
DA:3,6
LF:2
LH:2
BRF:0
BRH:0
end_of_record
TN:
SF:ast/tuple-expression.js
FN:2,(anonymous_0)
FNF:1
FNH:1
FNDA:8,(anonymous_0)
DA:1,3
DA:3,8
LF:2
LH:2
BRF:0
BRH:0
end_of_record
TN:
SF:ast/tuple-type.js
FN:2,(anonymous_0)
FNF:1
FNH:1
FNDA:12,(anonymous_0)
DA:1,3
DA:3,12
LF:2
LH:2
BRF:0
BRH:0
end_of_record
TN:
SF:ast/unary-expression.js
FN:2,(anonymous_0)
FNF:1
FNH:1
FNDA:22,(anonymous_0)
DA:1,3
DA:3,22
LF:2
LH:2
BRF:0
BRH:0
end_of_record
TN:
SF:ast/variable-declaration.js
FN:2,(anonymous_0)
FNF:1
FNH:1
FNDA:165,(anonymous_0)
DA:1,3
DA:3,165
LF:2
LH:2
BRF:0
BRH:0
end_of_record
TN:
SF:ast/variable-expression.js
FN:2,(anonymous_0)
FNF:1
FNH:0
FNDA:0,(anonymous_0)
DA:1,1
DA:3,0
LF:2
LH:1
BRF:0
BRH:0
end_of_record
TN:
SF:ast/variable.js
FN:2,(anonymous_0)
FNF:1
FNH:1
FNDA:93,(anonymous_0)
DA:1,2
DA:3,93
LF:2
LH:2
BRF:0
BRH:0
end_of_record
TN:
SF:ast/while-statement.js
FN:2,(anonymous_0)
FNF:1
FNH:1
FNDA:9,(anonymous_0)
DA:1,3
DA:3,9
LF:2
LH:2
BRF:0
BRH:0
end_of_record
TN:
SF:backend/javascript-generator.js
FN:46,makeOp
FN:70,(anonymous_1)
FN:73,(anonymous_2)
FN:76,(anonymous_3)
FN:79,(anonymous_4)
FN:82,(anonymous_5)
FN:87,(anonymous_6)
FN:90,(anonymous_7)
FN:98,generateBlock
FN:99,(anonymous_9)
FN:102,(anonymous_10)
FN:106,(anonymous_11)
FN:110,(anonymous_12)
FN:111,(anonymous_13)
FN:115,(anonymous_14)
FN:117,(anonymous_15)
FN:124,(anonymous_16)
FN:128,(anonymous_17)
FN:131,(anonymous_18)
FN:139,(anonymous_19)
FN:146,(anonymous_20)
FN:150,(anonymous_21)
FN:151,(anonymous_22)
FN:158,(anonymous_23)
FN:162,(anonymous_24)
FN:168,(anonymous_25)
FN:172,(anonymous_26)
FN:178,(anonymous_27)
FN:187,(anonymous_28)
FN:191,(anonymous_29)
FN:195,(anonymous_30)
FN:197,(anonymous_31)
FN:204,(anonymous_32)
FN:210,(anonymous_33)
FN:215,(anonymous_34)
FN:219,(anonymous_35)
FN:223,(anonymous_36)
FN:236,(anonymous_37)
FN:237,(anonymous_38)
FN:245,(anonymous_39)
FN:249,(anonymous_40)
FN:253,(anonymous_41)
FN:257,(anonymous_42)
FN:261,(anonymous_43)
FN:265,(anonymous_44)
FN:267,(anonymous_45)
FN:271,(anonymous_46)
FN:272,(anonymous_47)
FN:276,(anonymous_48)
FN:280,(anonymous_49)
FN:292,(anonymous_50)
FN:298,(anonymous_51)
FN:300,(anonymous_52)
FN:307,(anonymous_53)
FN:308,(anonymous_54)
FN:312,(anonymous_55)
FN:316,(anonymous_56)
FN:320,(anonymous_57)
FN:323,(anonymous_58)
FN:341,(anonymous_59)
FN:345,(anonymous_60)
FNF:61
FNH:56
FNDA:20,makeOp
FNDA:1,(anonymous_1)
FNDA:1,(anonymous_2)
FNDA:1,(anonymous_3)
FNDA:1,(anonymous_4)
FNDA:1,(anonymous_5)
FNDA:1,(anonymous_6)
FNDA:45,(anonymous_7)
FNDA:24,generateBlock
FNDA:44,(anonymous_9)
FNDA:24,(anonymous_10)
FNDA:8,(anonymous_11)
FNDA:1,(anonymous_12)
FNDA:3,(anonymous_13)
FNDA:4,(anonymous_14)
FNDA:4,(anonymous_15)
FNDA:16,(anonymous_16)
FNDA:13,(anonymous_17)
FNDA:17,(anonymous_18)
FNDA:7,(anonymous_19)
FNDA:3,(anonymous_20)
FNDA:8,(anonymous_21)
FNDA:8,(anonymous_22)
FNDA:3,(anonymous_23)
FNDA:2,(anonymous_24)
FNDA:1,(anonymous_25)
FNDA:1,(anonymous_26)
FNDA:1,(anonymous_27)
FNDA:1,(anonymous_28)
FNDA:1,(anonymous_29)
FNDA:1,(anonymous_30)
FNDA:2,(anonymous_31)
FNDA:2,(anonymous_32)
FNDA:1,(anonymous_33)
FNDA:0,(anonymous_34)
FNDA:0,(anonymous_35)
FNDA:12,(anonymous_36)
FNDA:2,(anonymous_37)
FNDA:3,(anonymous_38)
FNDA:2,(anonymous_39)
FNDA:1,(anonymous_40)
FNDA:50,(anonymous_41)
FNDA:2,(anonymous_42)
FNDA:7,(anonymous_43)
FNDA:0,(anonymous_44)
FNDA:1,(anonymous_45)
FNDA:1,(anonymous_46)
FNDA:3,(anonymous_47)
FNDA:17,(anonymous_48)
FNDA:1,(anonymous_49)
FNDA:1,(anonymous_50)
FNDA:1,(anonymous_51)
FNDA:2,(anonymous_52)
FNDA:1,(anonymous_53)
FNDA:3,(anonymous_54)
FNDA:4,(anonymous_55)
FNDA:0,(anonymous_56)
FNDA:20,(anonymous_57)
FNDA:20,(anonymous_58)
FNDA:0,(anonymous_59)
FNDA:2,(anonymous_60)
DA:4,1
DA:5,1
DA:7,1
DA:8,1
DA:9,1
DA:10,1
DA:11,1
DA:12,1
DA:13,1
DA:14,1
DA:15,1
DA:16,1
DA:17,1
DA:18,1
DA:19,1
DA:20,1
DA:21,1
DA:22,1
DA:23,1
DA:24,1
DA:25,1
DA:26,1
DA:27,1
DA:28,1
DA:29,1
DA:30,1
DA:31,1
DA:32,1
DA:33,1
DA:34,1
DA:35,1
DA:36,1
DA:37,1
DA:38,1
DA:39,1
DA:40,1
DA:41,1
DA:42,1
DA:43,1
DA:44,1
DA:47,20
DA:69,1
DA:71,1
DA:74,1
DA:77,1
DA:80,1
DA:83,1
DA:87,1
DA:88,1
DA:89,1
DA:90,1
DA:91,45
DA:92,27
DA:94,45
DA:99,44
DA:102,1
DA:103,24
DA:106,1
DA:107,8
DA:110,1
DA:111,3
DA:112,1
DA:115,1
DA:116,4
DA:117,4
DA:118,4
DA:119,4
DA:121,4
DA:124,1
DA:125,16
DA:128,1
DA:129,13
DA:130,13
DA:131,17
DA:132,13
DA:133,13
DA:139,1
DA:140,7
DA:141,5
DA:143,2
DA:146,1
DA:147,3
DA:150,1
DA:151,8
DA:152,8
DA:153,5
DA:155,3
DA:158,1
DA:159,3
DA:162,1
DA:163,2
DA:164,2
DA:165,2
DA:168,1
DA:169,1
DA:170,1
DA:171,1
DA:172,1
DA:174,1
DA:175,1
DA:178,1
DA:179,1
DA:180,1
DA:181,1
DA:182,1
DA:183,1
DA:184,1
DA:187,1
DA:188,1
DA:191,1
DA:192,1
DA:195,1
DA:196,1
DA:197,2
DA:198,1
DA:199,2
DA:201,1
DA:204,1
DA:205,2
DA:206,2
DA:207,2
DA:208,1
DA:210,2
DA:211,2
DA:212,2
DA:215,1
DA:219,1
DA:223,1
DA:224,12
DA:225,11
DA:226,9
DA:227,8
DA:229,1
DA:233,3
DA:236,1
DA:237,2
DA:238,3
DA:239,3
DA:241,2
DA:242,2
DA:245,1
DA:246,2
DA:249,1
DA:250,1
DA:253,1
DA:254,50
DA:257,1
DA:258,2
DA:261,1
DA:262,7
DA:265,1
DA:267,1
DA:268,1
DA:271,1
DA:272,3
DA:273,1
DA:276,1
DA:277,17
DA:280,1
DA:281,1
DA:282,1
DA:283,1
DA:284,1
DA:285,1
DA:286,1
DA:287,1
DA:289,1
DA:292,1
DA:293,1
DA:294,1
DA:295,1
DA:298,1
DA:299,1
DA:300,1
DA:301,2
DA:303,1
DA:304,1
DA:307,1
DA:308,3
DA:309,1
DA:312,1
DA:313,4
DA:316,1
DA:320,1
DA:321,20
DA:323,20
DA:324,20
DA:325,20
DA:326,5
DA:327,4
DA:329,1
DA:332,15
DA:335,20
DA:336,1
DA:338,19
DA:341,1
DA:345,1
DA:346,2
DA:347,2
DA:348,1
DA:350,1
DA:352,2
LF:202
LH:202
BRDA:48,0,0,20
BRDA:48,0,1,0
BRDA:91,1,0,27
BRDA:91,1,1,18
BRDA:129,2,0,13
BRDA:129,2,1,0
BRDA:130,3,0,13
BRDA:130,3,1,0
BRDA:132,4,0,13
BRDA:132,4,1,0
BRDA:140,5,0,5
BRDA:140,5,1,2
BRDA:152,6,0,5
BRDA:152,6,1,3
BRDA:170,7,0,1
BRDA:170,7,1,0
BRDA:207,8,0,1
BRDA:207,8,1,1
BRDA:224,9,0,11
BRDA:224,9,1,1
BRDA:225,10,0,9
BRDA:225,10,1,2
BRDA:226,11,0,8
BRDA:226,11,1,1
BRDA:238,12,0,2
BRDA:238,12,1,1
BRDA:241,13,0,1
BRDA:241,13,1,1
BRDA:286,14,0,1
BRDA:286,14,1,0
BRDA:325,15,0,5
BRDA:325,15,1,15
BRDA:326,16,0,4
BRDA:326,16,1,1
BRDA:335,17,0,1
BRDA:335,17,1,19
BRDA:347,18,0,1
BRDA:347,18,1,1
BRF:38
BRH:32
end_of_record
TN:
SF:semantics/analyzer.js
FN:52,(anonymous_0)
FN:56,(anonymous_1)
FN:60,(anonymous_2)
FN:64,(anonymous_3)
FN:68,(anonymous_4)
FN:72,(anonymous_5)
FN:76,(anonymous_6)
FN:77,(anonymous_7)
FN:88,(anonymous_8)
FN:92,(anonymous_9)
FN:93,(anonymous_10)
FN:94,(anonymous_11)
FN:98,(anonymous_12)
FN:104,(anonymous_13)
FN:140,(anonymous_14)
FN:141,(anonymous_15)
FN:146,(anonymous_16)
FN:150,(anonymous_17)
FN:153,(anonymous_18)
FN:158,(anonymous_19)
FN:164,(anonymous_20)
FN:167,(anonymous_21)
FN:173,(anonymous_22)
FN:191,(anonymous_23)
FN:195,(anonymous_24)
FN:199,(anonymous_25)
FN:200,(anonymous_26)
FN:222,(anonymous_27)
FN:227,(anonymous_28)
FN:229,(anonymous_29)
FN:235,(anonymous_30)
FN:239,(anonymous_31)
FN:243,(anonymous_32)
FN:248,(anonymous_33)
FN:249,(anonymous_34)
FN:253,(anonymous_35)
FN:263,(anonymous_36)
FN:268,(anonymous_37)
FN:272,(anonymous_38)
FN:278,(anonymous_39)
FN:285,(anonymous_40)
FN:286,(anonymous_41)
FN:291,(anonymous_42)
FN:301,(anonymous_43)
FN:302,(anonymous_44)
FN:313,(anonymous_45)
FN:317,(anonymous_46)
FN:321,(anonymous_47)
FN:331,(anonymous_48)
FN:335,(anonymous_49)
FN:345,(anonymous_50)
FN:353,(anonymous_51)
FN:354,(anonymous_52)
FN:357,(anonymous_53)
FN:360,(anonymous_54)
FN:371,(anonymous_55)
FN:391,(anonymous_56)
FN:393,(anonymous_57)
FN:394,(anonymous_58)
FN:399,(anonymous_59)
FNF:60
FNH:51
FNDA:0,(anonymous_0)
FNDA:100,(anonymous_1)
FNDA:0,(anonymous_2)
FNDA:16,(anonymous_3)
FNDA:148,(anonymous_4)
FNDA:16,(anonymous_5)
FNDA:8,(anonymous_6)
FNDA:25,(anonymous_7)
FNDA:0,(anonymous_8)
FNDA:105,(anonymous_9)
FNDA:107,(anonymous_10)
FNDA:103,(anonymous_11)
FNDA:101,(anonymous_12)
FNDA:70,(anonymous_13)
FNDA:56,(anonymous_14)
FNDA:72,(anonymous_15)
FNDA:9,(anonymous_16)
FNDA:15,(anonymous_17)
FNDA:16,(anonymous_18)
FNDA:6,(anonymous_19)
FNDA:4,(anonymous_20)
FNDA:1,(anonymous_21)
FNDA:3,(anonymous_22)
FNDA:1,(anonymous_23)
FNDA:0,(anonymous_24)
FNDA:5,(anonymous_25)
FNDA:14,(anonymous_26)
FNDA:0,(anonymous_27)
FNDA:15,(anonymous_28)
FNDA:17,(anonymous_29)
FNDA:0,(anonymous_30)
FNDA:85,(anonymous_31)
FNDA:96,(anonymous_32)
FNDA:12,(anonymous_33)
FNDA:20,(anonymous_34)
FNDA:18,(anonymous_35)
FNDA:14,(anonymous_36)
FNDA:19,(anonymous_37)
FNDA:3,(anonymous_38)
FNDA:18,(anonymous_39)
FNDA:76,(anonymous_40)
FNDA:148,(anonymous_41)
FNDA:20,(anonymous_42)
FNDA:7,(anonymous_43)
FNDA:15,(anonymous_44)
FNDA:0,(anonymous_45)
FNDA:7,(anonymous_46)
FNDA:1,(anonymous_47)
FNDA:3,(anonymous_48)
FNDA:6,(anonymous_49)
FNDA:4,(anonymous_50)
FNDA:0,(anonymous_51)
FNDA:0,(anonymous_52)
FNDA:4,(anonymous_53)
FNDA:15,(anonymous_54)
FNDA:8,(anonymous_55)
FNDA:90,(anonymous_56)
FNDA:91,(anonymous_57)
FNDA:91,(anonymous_58)
FNDA:2,(anonymous_59)
DA:1,2
DA:2,2
DA:3,2
DA:4,2
DA:5,2
DA:6,2
DA:7,2
DA:8,2
DA:9,2
DA:10,2
DA:11,2
DA:12,2
DA:13,2
DA:14,2
DA:15,2
DA:16,2
DA:17,2
DA:18,2
DA:19,2
DA:20,2
DA:21,2
DA:22,2
DA:23,2
DA:24,2
DA:25,2
DA:26,2
DA:27,2
DA:28,2
DA:29,2
DA:30,2
DA:31,2
DA:32,2
DA:33,2
DA:34,2
DA:35,2
DA:36,2
DA:37,2
DA:38,2
DA:39,2
DA:40,2
DA:41,2
DA:43,2
DA:44,2
DA:45,2
DA:46,2
DA:47,2
DA:49,2
DA:50,2
DA:52,2
DA:53,0
DA:56,2
DA:57,100
DA:60,2
DA:61,0
DA:64,2
DA:65,16
DA:68,2
DA:69,148
DA:72,2
DA:73,16
DA:76,2
DA:77,25
DA:78,8
DA:79,7
DA:80,7
DA:81,18
DA:84,1
DA:88,2
DA:89,0
DA:92,2
DA:93,107
DA:94,103
DA:95,99
DA:96,0
DA:98,99
DA:99,101
DA:100,95
DA:104,2
DA:105,70
DA:106,70
DA:107,70
DA:108,12
DA:109,12
DA:110,12
DA:111,58
DA:112,13
DA:113,13
DA:114,13
DA:115,45
DA:116,33
DA:117,31
DA:118,31
DA:119,31
DA:120,12
DA:121,7
DA:122,7
DA:123,3
DA:124,2
DA:126,5
DA:127,5
DA:128,4
DA:129,4
DA:131,1
DA:135,5
DA:136,5
DA:140,2
DA:141,56
DA:142,72
DA:146,2
DA:147,9
DA:150,2
DA:151,15
DA:152,15
DA:153,16
DA:154,14
DA:155,12
DA:158,2
DA:159,6
DA:160,6
DA:161,6
DA:164,2
DA:165,4
DA:166,4
DA:167,4
DA:168,1
DA:170,4
DA:173,2
DA:174,3
DA:175,3
DA:176,3
DA:177,3
DA:183,3
DA:184,3
DA:185,2
DA:186,2
DA:187,2
DA:188,2
DA:191,2
DA:192,1
DA:195,2
DA:196,0
DA:199,2
DA:200,14
DA:202,5
DA:203,5
DA:204,5
DA:205,5
DA:206,5
DA:207,5
DA:209,5
DA:210,5
DA:212,5
DA:213,5
DA:214,9
DA:215,9
DA:218,0
DA:222,2
DA:223,0
DA:224,0
DA:227,2
DA:228,15
DA:229,17
DA:230,15
DA:231,15
DA:232,15
DA:235,2
DA:236,0
DA:239,2
DA:240,85
DA:243,2
DA:244,96
DA:245,94
DA:248,2
DA:249,12
DA:250,20
DA:251,19
DA:253,10
DA:254,18
DA:255,18
DA:257,10
DA:258,8
DA:259,8
DA:263,2
DA:264,14
DA:265,14
DA:268,2
DA:269,19
DA:272,2
DA:273,3
DA:274,3
DA:275,2
DA:278,2
DA:279,18
DA:280,0
DA:282,18
DA:285,2
DA:286,76
DA:287,148
DA:291,2
DA:292,20
DA:293,20
DA:295,19
DA:296,1
DA:298,18
DA:301,2
DA:302,15
DA:303,7
DA:304,4
DA:305,4
DA:306,11
DA:309,3
DA:313,2
DA:314,0
DA:317,2
DA:318,7
DA:321,2
DA:322,1
DA:323,1
DA:324,1
DA:325,1
DA:327,1
DA:328,1
DA:331,2
DA:332,3
DA:333,3
DA:334,3
DA:335,3
DA:336,6
DA:337,6
DA:338,6
DA:340,3
DA:341,3
DA:345,2
DA:346,4
DA:347,4
DA:348,4
DA:349,3
DA:350,2
DA:353,2
DA:354,0
DA:357,2
DA:358,4
DA:359,4
DA:360,4
DA:361,15
DA:362,15
DA:364,4
DA:365,4
DA:367,0
DA:371,2
DA:372,8
DA:373,8
DA:374,2
DA:375,1
DA:376,6
DA:377,6
DA:378,6
DA:379,6
DA:381,0
DA:382,0
DA:383,0
DA:385,0
DA:391,2
DA:392,90
DA:393,91
DA:394,91
DA:395,87
DA:396,87
DA:399,2
DA:400,2
DA:401,2
DA:402,2
DA:403,2
LF:273
LH:256
BRDA:78,0,0,7
BRDA:78,0,1,1
BRDA:95,1,0,0
BRDA:95,1,1,99
BRDA:107,2,0,12
BRDA:107,2,1,58
BRDA:111,3,0,13
BRDA:111,3,1,45
BRDA:115,4,0,33
BRDA:115,4,1,12
BRDA:120,5,0,7
BRDA:120,5,1,5
BRDA:202,6,0,5
BRDA:202,6,1,0
BRDA:206,7,0,5
BRDA:206,7,1,0
BRDA:209,8,0,5
BRDA:209,8,1,0
BRDA:231,9,0,7
BRDA:231,9,1,8
BRDA:257,10,0,8
BRDA:257,10,1,2
BRDA:279,11,0,0
BRDA:279,11,1,18
BRDA:295,12,0,1
BRDA:295,12,1,18
BRDA:303,13,0,4
BRDA:303,13,1,3
BRDA:340,14,0,3
BRDA:340,14,1,0
BRDA:359,15,0,4
BRDA:359,15,1,0
BRDA:373,16,0,2
BRDA:373,16,1,6
BRDA:376,17,0,6
BRDA:376,17,1,0
BRF:36
BRH:28
end_of_record
TN:
SF:semantics/builtins.js
FN:19,(anonymous_0)
FN:20,(anonymous_1)
FNF:2
FNH:2
FNDA:2,(anonymous_0)
FNDA:10,(anonymous_1)
DA:1,2
DA:2,2
DA:3,2
DA:4,2
DA:6,2
DA:17,2
DA:19,2
DA:20,2
DA:22,10
DA:26,2
LF:10
LH:10
BRF:0
BRH:0
end_of_record
TN:
SF:semantics/check.js
FN:16,doCheck
FN:22,isEmptyDictOrSet
FN:29,isEmptyTuple
FN:36,isEmptyArray
FN:44,(anonymous_4)
FN:48,(anonymous_5)
FN:52,(anonymous_6)
FN:56,(anonymous_7)
FN:60,(anonymous_8)
FN:67,(anonymous_9)
FN:71,(anonymous_10)
FN:83,(anonymous_11)
FN:87,(anonymous_12)
FN:96,(anonymous_13)
FN:100,(anonymous_14)
FN:110,(anonymous_15)
FN:122,(anonymous_16)
FN:126,(anonymous_17)
FN:133,(anonymous_18)
FN:137,(anonymous_19)
FN:141,(anonymous_20)
FN:147,(anonymous_21)
FN:151,(anonymous_22)
FNF:23
FNH:23
FNDA:664,doCheck
FNDA:15,isEmptyDictOrSet
FNDA:12,isEmptyTuple
FNDA:12,isEmptyArray
FNDA:5,(anonymous_4)
FNDA:9,(anonymous_5)
FNDA:43,(anonymous_6)
FNDA:51,(anonymous_7)
FNDA:62,(anonymous_8)
FNDA:4,(anonymous_9)
FNDA:15,(anonymous_10)
FNDA:20,(anonymous_11)
FNDA:4,(anonymous_12)
FNDA:9,(anonymous_13)
FNDA:3,(anonymous_14)
FNDA:189,(anonymous_15)
FNDA:38,(anonymous_16)
FNDA:95,(anonymous_17)
FNDA:1,(anonymous_18)
FNDA:12,(anonymous_19)
FNDA:14,(anonymous_20)
FNDA:14,(anonymous_21)
FNDA:90,(anonymous_22)
DA:1,2
DA:2,2
DA:3,2
DA:4,2
DA:5,2
DA:6,2
DA:7,2
DA:8,2
DA:9,2
DA:10,2
DA:11,2
DA:12,2
DA:13,2
DA:14,2
DA:17,664
DA:18,30
DA:23,15
DA:24,3
DA:26,12
DA:30,12
DA:31,1
DA:33,11
DA:37,12
DA:38,2
DA:40,10
DA:43,2
DA:45,5
DA:49,9
DA:53,43
DA:57,51
DA:61,62
DA:68,4
DA:72,15
DA:76,14
DA:77,10
DA:79,4
DA:84,20
DA:88,4
DA:97,9
DA:101,3
DA:111,189
DA:123,38
DA:127,95
DA:134,1
DA:138,12
DA:142,14
DA:146,13
DA:147,14
DA:152,90
LF:49
LH:49
BRDA:17,0,0,30
BRDA:17,0,1,634
BRDA:23,1,0,3
BRDA:23,1,1,12
BRDA:23,2,0,15
BRDA:23,2,1,15
BRDA:30,3,0,1
BRDA:30,3,1,11
BRDA:37,4,0,2
BRDA:37,4,1,10
BRDA:62,5,0,62
BRDA:62,5,1,0
BRDA:68,6,0,4
BRDA:68,6,1,0
BRDA:73,7,0,15
BRDA:73,7,1,5
BRDA:76,8,0,10
BRDA:76,8,1,4
BRDA:89,9,0,4
BRDA:89,9,1,3
BRDA:89,9,2,3
BRDA:97,10,0,9
BRDA:97,10,1,7
BRDA:102,11,0,3
BRDA:102,11,1,3
BRDA:102,11,2,3
BRDA:102,11,3,3
BRDA:110,12,0,189
BRDA:112,13,0,189
BRDA:112,13,1,18
BRDA:112,13,2,8
BRDA:112,13,3,15
BRDA:112,13,4,0
BRDA:112,13,5,15
BRDA:112,13,6,12
BRDA:112,13,7,12
BRDA:128,14,0,95
BRDA:128,14,1,15
BRDA:147,15,0,14
BRDA:147,15,1,14
BRF:40
BRH:37
end_of_record
TN:
SF:semantics/context.js
FN:14,(anonymous_0)
FN:24,(anonymous_1)
FN:28,(anonymous_2)
FN:37,(anonymous_3)
FN:46,(anonymous_4)
FN:55,(anonymous_5)
FN:62,(anonymous_6)
FN:77,(anonymous_7)
FNF:8
FNH:8
FNDA:108,(anonymous_0)
FNDA:19,(anonymous_1)
FNDA:6,(anonymous_2)
FNDA:3,(anonymous_3)
FNDA:78,(anonymous_4)
FNDA:141,(anonymous_5)
FNDA:198,(anonymous_6)
FNDA:10,(anonymous_7)
DA:9,2
DA:11,2
DA:15,108
DA:25,19
DA:29,6
DA:38,3
DA:47,78
DA:56,141
DA:57,2
DA:59,139
DA:63,198
DA:64,224
DA:65,196
DA:68,2
DA:72,2
DA:73,2
DA:77,2
DA:78,10
DA:81,2
LF:19
LH:19
BRDA:14,0,0,2
BRDA:14,1,0,2
BRDA:14,2,0,6
BRDA:14,3,0,2
BRDA:14,4,0,21
BRDA:56,5,0,2
BRDA:56,5,1,139
BRDA:64,6,0,196
BRDA:64,6,1,28
BRF:9
BRH:9
end_of_record
TN:
SF:syntax/parser.js
FN:52,arrayToNullable
FN:58,(anonymous_1)
FN:62,(anonymous_2)
FN:66,(anonymous_3)
FN:70,(anonymous_4)
FN:80,(anonymous_5)
FN:84,(anonymous_6)
FN:91,(anonymous_7)
FN:95,(anonymous_8)
FN:119,(anonymous_9)
FN:123,(anonymous_10)
FN:132,(anonymous_11)
FN:136,(anonymous_12)
FN:140,(anonymous_13)
FN:144,(anonymous_14)
FN:148,(anonymous_15)
FN:152,(anonymous_16)
FN:156,(anonymous_17)
FN:160,(anonymous_18)
FN:164,(anonymous_19)
FN:168,(anonymous_20)
FN:172,(anonymous_21)
FN:176,(anonymous_22)
FN:180,(anonymous_23)
FN:184,(anonymous_24)
FN:188,(anonymous_25)
FN:192,(anonymous_26)
FN:196,(anonymous_27)
FN:200,(anonymous_28)
FN:204,(anonymous_29)
FN:208,(anonymous_30)
FN:212,(anonymous_31)
FN:216,(anonymous_32)
FN:220,(anonymous_33)
FN:224,(anonymous_34)
FN:228,(anonymous_35)
FN:232,(anonymous_36)
FN:236,(anonymous_37)
FN:240,(anonymous_38)
FN:244,(anonymous_39)
FN:248,(anonymous_40)
FN:252,(anonymous_41)
FN:256,(anonymous_42)
FN:260,(anonymous_43)
FN:264,(anonymous_44)
FN:268,(anonymous_45)
FN:272,(anonymous_46)
FN:276,(anonymous_47)
FN:280,(anonymous_48)
FN:284,(anonymous_49)
FN:288,(anonymous_50)
FN:292,(anonymous_51)
FN:296,(anonymous_52)
FN:300,(anonymous_53)
FN:304,(anonymous_54)
FN:308,(anonymous_55)
FN:312,(anonymous_56)
FN:316,(anonymous_57)
FN:322,(anonymous_58)
FNF:59
FNH:59
FNDA:429,arrayToNullable
FNDA:106,(anonymous_1)
FNDA:459,(anonymous_2)
FNDA:12,(anonymous_3)
FNDA:72,(anonymous_4)
FNDA:9,(anonymous_5)
FNDA:42,(anonymous_6)
FNDA:6,(anonymous_7)
FNDA:9,(anonymous_8)
FNDA:14,(anonymous_9)
FNDA:162,(anonymous_10)
FNDA:39,(anonymous_11)
FNDA:43,(anonymous_12)
FNDA:125,(anonymous_13)
FNDA:20,(anonymous_14)
FNDA:5,(anonymous_15)
FNDA:34,(anonymous_16)
FNDA:229,(anonymous_17)
FNDA:12,(anonymous_18)
FNDA:6,(anonymous_19)
FNDA:5,(anonymous_20)
FNDA:16,(anonymous_21)
FNDA:95,(anonymous_22)
FNDA:31,(anonymous_23)
FNDA:17,(anonymous_24)
FNDA:15,(anonymous_25)
FNDA:7,(anonymous_26)
FNDA:3,(anonymous_27)
FNDA:11,(anonymous_28)
FNDA:12,(anonymous_29)
FNDA:11,(anonymous_30)
FNDA:8,(anonymous_31)
FNDA:38,(anonymous_32)
FNDA:29,(anonymous_33)
FNDA:52,(anonymous_34)
FNDA:6,(anonymous_35)
FNDA:5,(anonymous_36)
FNDA:242,(anonymous_37)
FNDA:166,(anonymous_38)
FNDA:61,(anonymous_39)
FNDA:51,(anonymous_40)
FNDA:8,(anonymous_41)
FNDA:518,(anonymous_42)
FNDA:62,(anonymous_43)
FNDA:687,(anonymous_44)
FNDA:140,(anonymous_45)
FNDA:5,(anonymous_46)
FNDA:73,(anonymous_47)
FNDA:41,(anonymous_48)
FNDA:13,(anonymous_49)
FNDA:10,(anonymous_50)
FNDA:14,(anonymous_51)
FNDA:8,(anonymous_52)
FNDA:366,(anonymous_53)
FNDA:31,(anonymous_54)
FNDA:255,(anonymous_55)
FNDA:291,(anonymous_56)
FNDA:5,(anonymous_57)
FNDA:110,(anonymous_58)
DA:1,3
DA:3,3
DA:5,3
DA:6,3
DA:7,3
DA:8,3
DA:9,3
DA:10,3
DA:11,3
DA:12,3
DA:13,3
DA:14,3
DA:15,3
DA:16,3
DA:17,3
DA:18,3
DA:19,3
DA:20,3
DA:21,3
DA:22,3
DA:23,3
DA:24,3
DA:25,3
DA:26,3
DA:27,3
DA:28,3
DA:29,3
DA:30,3
DA:31,3
DA:32,3
DA:33,3
DA:34,3
DA:35,3
DA:36,3
DA:37,3
DA:38,3
DA:39,3
DA:40,3
DA:41,3
DA:42,3
DA:43,3
DA:44,3
DA:45,3
DA:46,3
DA:47,3
DA:48,3
DA:50,3
DA:53,429
DA:57,3
DA:59,106
DA:63,459
DA:67,12
DA:71,72
DA:81,9
DA:85,42
DA:86,42
DA:87,42
DA:88,42
DA:92,6
DA:108,9
DA:120,14
DA:124,162
DA:133,39
DA:137,43
DA:141,125
DA:145,20
DA:149,5
DA:153,34
DA:157,229
DA:161,12
DA:165,6
DA:169,5
DA:173,16
DA:177,95
DA:181,31
DA:185,17
DA:189,15
DA:193,7
DA:197,3
DA:201,11
DA:205,12
DA:209,11
DA:213,8
DA:217,38
DA:221,29
DA:225,52
DA:229,6
DA:233,5
DA:237,242
DA:241,166
DA:245,61
DA:249,51
DA:253,8
DA:257,518
DA:261,62
DA:265,687
DA:269,140
DA:273,5
DA:277,73
DA:281,41
DA:285,13
DA:289,10
DA:293,14
DA:297,8
DA:301,366
DA:305,31
DA:309,255
DA:313,291
DA:317,5
DA:322,3
DA:323,110
DA:324,110
DA:325,4
DA:327,106
LF:114
LH:114
BRDA:53,0,0,317
BRDA:53,0,1,112
BRDA:324,1,0,4
BRDA:324,1,1,106
BRF:4
BRH:4
end_of_record
